2025-11-05 10:16:40,106 [INFO] Activator:176 - 


2025-11-05 10:16:40,112 [INFO] Activator:177 - !SESSION log4j initialized
2025-11-05 10:16:46,105 [INFO] LogOutputStream:77 - [STDOUT_REDIRECT] 
2025-11-05 10:16:49,713 [INFO] ApplicationProperties:184 - Using Application install path: C:\ST\STM32CubeIDE_1.19.0\STM32CubeIDE\plugins\com.st.stm32cube.common.mx_6.15.0.202507011659
2025-11-05 10:16:49,735 [INFO] DbMcusXml:78 - Set database path to: C:\ST\STM32CubeIDE_1.19.0\STM32CubeIDE\plugins\com.st.stm32cube.common.mx_6.15.0.202507011659\\db\/mcu/
2025-11-05 10:16:49,735 [INFO] ApiDb:274 - Set plugin database path to: C:\ST\STM32CubeIDE_1.19.0\STM32CubeIDE\plugins\com.st.stm32cube.common.mx_6.15.0.202507011659\\db\/plugins/boardmanager/
2025-11-05 10:16:49,735 [WARN] ApiDb:259 - Overriding images path with different value:  => C:\ST\STM32CubeIDE_1.19.0\STM32CubeIDE\plugins\com.st.stm32cube.common.mx_6.15.0.202507011659\\db\/plugins/mcufinder/images/
2025-11-05 10:16:49,741 [INFO] ApiDb:250 - Set database path to: C:\Users\liushaw\.stmcufinder\plugins\mcufinder//mcu/
2025-11-05 10:16:49,742 [INFO] DbMcusAds:125 - Set database path to: C:\Users\liushaw\.stmcufinder\plugins\mcufinder//mcu/
2025-11-05 10:16:49,745 [INFO] CrossReferenceDbSqlite:203 - Set database path to: C:\Users\liushaw\.stmcufinder\plugins\mcufinder//mcu/cs/
2025-11-05 10:16:49,905 [INFO] RulesReader:64 - Compatibility file has been processed (317 Rules)
2025-11-05 10:16:50,001 [INFO] DbMcusXml:78 - Set database path to: C:\ST\STM32CubeIDE_1.19.0\STM32CubeIDE\plugins\com.st.stm32cube.common.mx_6.15.0.202507011659\\db\/mcu/
2025-11-05 10:16:50,001 [INFO] ApiDb:274 - Set plugin database path to: C:\ST\STM32CubeIDE_1.19.0\STM32CubeIDE\plugins\com.st.stm32cube.common.mx_6.15.0.202507011659\\db\/plugins/boardmanager/
2025-11-05 10:16:50,001 [INFO] ApiDb:261 - Set plugin images path to: C:\ST\STM32CubeIDE_1.19.0\STM32CubeIDE\plugins\com.st.stm32cube.common.mx_6.15.0.202507011659\\db\/plugins/mcufinder/images/
2025-11-05 10:16:50,001 [WARN] DbFile:41 - Overriding database path with different value: C:\Users\liushaw\.stmcufinder\plugins\mcufinder/ => C:\Users\liushaw\.stmcufinder\plugins\mcufinder
2025-11-05 10:16:50,001 [INFO] ApiDb:250 - Set database path to: C:\Users\liushaw\.stmcufinder\plugins\mcufinder//mcu/
2025-11-05 10:16:50,001 [WARN] DbFile:41 - Overriding database path with different value: C:\Users\liushaw\.stmcufinder\plugins\mcufinder/ => C:\Users\liushaw\.stmcufinder\plugins\mcufinder
2025-11-05 10:16:50,001 [INFO] DbMcusAds:125 - Set database path to: C:\Users\liushaw\.stmcufinder\plugins\mcufinder//mcu/
2025-11-05 10:16:50,001 [WARN] DbFile:41 - Overriding database path with different value: C:\Users\liushaw\.stmcufinder\plugins\mcufinder/ => C:\Users\liushaw\.stmcufinder\plugins\mcufinder
2025-11-05 10:16:50,001 [WARN] DbFile:41 - Overriding database path with different value: C:\Users\liushaw\.stmcufinder\plugins\mcufinder/ => C:\Users\liushaw\.stmcufinder\plugins\mcufinder
2025-11-05 10:16:50,001 [INFO] CrossReferenceDbSqlite:203 - Set database path to: C:\Users\liushaw\.stmcufinder\plugins\mcufinder//mcu/cs/
2025-11-05 10:16:50,095 [INFO] MainPanel:274 - HeapMemory: 268435456
2025-11-05 10:16:50,206 [INFO] DbMcusXml:78 - Set database path to: C:\ST\STM32CubeIDE_1.19.0\STM32CubeIDE\plugins\com.st.stm32cube.common.mx_6.15.0.202507011659\\db\/mcu/
2025-11-05 10:16:50,206 [INFO] ApiDb:274 - Set plugin database path to: C:\ST\STM32CubeIDE_1.19.0\STM32CubeIDE\plugins\com.st.stm32cube.common.mx_6.15.0.202507011659\\db\/plugins/boardmanager/
2025-11-05 10:16:50,206 [INFO] ApiDb:261 - Set plugin images path to: C:\ST\STM32CubeIDE_1.19.0\STM32CubeIDE\plugins\com.st.stm32cube.common.mx_6.15.0.202507011659\\db\/plugins/mcufinder/images/
2025-11-05 10:16:50,207 [WARN] DbFile:41 - Overriding database path with different value: C:\Users\liushaw\.stmcufinder\plugins\mcufinder/ => C:\Users\liushaw\.stmcufinder\plugins\mcufinder
2025-11-05 10:16:50,207 [INFO] ApiDb:250 - Set database path to: C:\Users\liushaw\.stmcufinder\plugins\mcufinder//mcu/
2025-11-05 10:16:50,207 [WARN] DbFile:41 - Overriding database path with different value: C:\Users\liushaw\.stmcufinder\plugins\mcufinder/ => C:\Users\liushaw\.stmcufinder\plugins\mcufinder
2025-11-05 10:16:50,207 [INFO] DbMcusAds:125 - Set database path to: C:\Users\liushaw\.stmcufinder\plugins\mcufinder//mcu/
2025-11-05 10:16:50,207 [WARN] DbFile:41 - Overriding database path with different value: C:\Users\liushaw\.stmcufinder\plugins\mcufinder/ => C:\Users\liushaw\.stmcufinder\plugins\mcufinder
2025-11-05 10:16:50,207 [WARN] DbFile:41 - Overriding database path with different value: C:\Users\liushaw\.stmcufinder\plugins\mcufinder/ => C:\Users\liushaw\.stmcufinder\plugins\mcufinder
2025-11-05 10:16:50,207 [INFO] CrossReferenceDbSqlite:203 - Set database path to: C:\Users\liushaw\.stmcufinder\plugins\mcufinder//mcu/cs/
2025-11-05 10:16:50,227 [INFO] ApplicationProperties:184 - Using Application install path: C:\ST\STM32CubeIDE_1.19.0\STM32CubeIDE\plugins\com.st.stm32cube.common.mx_6.15.0.202507011659
2025-11-05 10:16:50,229 [INFO] PluginManage:196 - Search for loadable plugins [exclusion list=, ]
2025-11-05 10:16:50,230 [INFO] PluginManage:310 - Check plugin analytics
2025-11-05 10:16:50,491 [INFO] AnalyticsPlugin:253 - Accepted Software Licenses: STM32CubeMX.6.15.0
2025-11-05 10:16:50,491 [INFO] AnalyticsPlugin:255 - Accepted CMSIS Pack Licenses: 
2025-11-05 10:16:50,491 [INFO] AnalyticsPlugin:257 - Accepted Firmware Licenses: FW.F4.1.28.0
2025-11-05 10:16:50,494 [INFO] PluginManage:359 - Loaded plugin analytics (category:tool,tabindex:-1)
2025-11-05 10:16:50,495 [INFO] PluginManage:310 - Check plugin cadmodel
2025-11-05 10:16:50,501 [INFO] CADModel:105 - Init CAD model plugin
2025-11-05 10:16:50,502 [INFO] PluginManage:359 - Loaded plugin cadmodel (category:power,tabindex:5)
2025-11-05 10:16:50,502 [INFO] PluginManage:310 - Check plugin clock
2025-11-05 10:16:50,513 [INFO] PluginManage:359 - Loaded plugin clock (category:base,tabindex:2)
2025-11-05 10:16:50,513 [INFO] PluginManage:310 - Check plugin ddr
2025-11-05 10:16:50,517 [INFO] PluginManage:359 - Loaded plugin ddr (category:tool,tabindex:6)
2025-11-05 10:16:50,517 [INFO] PluginManage:310 - Check plugin filemanager
2025-11-05 10:16:50,677 [INFO] PluginManage:359 - Loaded plugin filemanager (category:base,tabindex:10)
2025-11-05 10:16:50,677 [INFO] PluginManage:310 - Check plugin ipmanager
2025-11-05 10:16:50,685 [INFO] PluginManage:359 - Loaded plugin ipmanager (category:base,tabindex:5)
2025-11-05 10:16:50,686 [INFO] PluginManage:310 - Check plugin lpbam
2025-11-05 10:16:50,696 [INFO] PluginManage:359 - Loaded plugin lpbam (category:base,tabindex:0)
2025-11-05 10:16:50,696 [INFO] PluginManage:310 - Check plugin memorymap
2025-11-05 10:16:50,713 [INFO] PluginManage:359 - Loaded plugin memorymap (category:base,tabindex:4)
2025-11-05 10:16:50,713 [INFO] PluginManage:310 - Check plugin pinoutandconfiguration
2025-11-05 10:16:50,722 [INFO] PluginManage:359 - Loaded plugin pinoutandconfiguration (category:base,tabindex:1)
2025-11-05 10:16:50,722 [INFO] PluginManage:310 - Check plugin pinoutconfig
2025-11-05 10:16:50,834 [WARN] SupportedApi:132 - Cannot load RTOS API schema: s4s-elt-must-match.1: The content of 'definitions' must match (annotation?, (simpleType | complexType)?, (unique | key | keyref)*)). A problem was found starting at: attribute.
2025-11-05 10:16:50,999 [INFO] PluginManage:359 - Loaded plugin pinoutconfig (category:base,tabindex:0)
2025-11-05 10:16:50,999 [INFO] PluginManage:310 - Check plugin power
2025-11-05 10:16:51,010 [INFO] PluginManage:359 - Loaded plugin power (category:power,tabindex:4)
2025-11-05 10:16:51,011 [INFO] PluginManage:310 - Check plugin projectmanager
2025-11-05 10:16:51,031 [INFO] PluginManage:359 - Loaded plugin projectmanager (category:projectmanager,tabindex:4)
2025-11-05 10:16:51,032 [INFO] PluginManage:310 - Check plugin rif
2025-11-05 10:16:51,044 [INFO] PluginManage:359 - Loaded plugin rif (category:base,tabindex:3)
2025-11-05 10:16:51,044 [INFO] PluginManage:310 - Check plugin thirdparty
2025-11-05 10:16:51,205 [WARN] IntegrityCheckThread:84 - waiting for thirdparty lock release [integrity check]
2025-11-05 10:16:51,206 [INFO] IntegrityCheckThread:86 - entering critical section [integrity check]
2025-11-05 10:16:51,206 [INFO] ThirdPartyUpdaterWithRetryManager:70 - Updater plugin not ready yet. [1/15]
2025-11-05 10:16:51,206 [INFO] PluginManage:359 - Loaded plugin thirdparty (category:base,tabindex:-1)
2025-11-05 10:16:51,207 [INFO] PluginManage:310 - Check plugin tools
2025-11-05 10:16:51,212 [INFO] PluginManage:359 - Loaded plugin tools (category:base,tabindex:7)
2025-11-05 10:16:51,213 [INFO] PluginManage:310 - Check plugin tutovideos
2025-11-05 10:16:51,475 [INFO] PluginManage:359 - Loaded plugin tutovideos (category:base,tabindex:-1)
2025-11-05 10:16:51,475 [INFO] PluginManage:310 - Check plugin updater
2025-11-05 10:16:51,501 [INFO] PluginManage:359 - Loaded plugin updater (category:base,tabindex:12)
2025-11-05 10:16:51,502 [INFO] PluginManage:310 - Check plugin userauth
2025-11-05 10:16:51,507 [INFO] UserAuth:118 - Init User Auth plugin
2025-11-05 10:16:51,508 [INFO] PluginManage:359 - Loaded plugin userauth (category:base,tabindex:14)
2025-11-05 10:16:51,508 [INFO] PluginManage:283 - PluginManage : Loaded plugins [18]
2025-11-05 10:16:51,800 [INFO] PinOutPanel:1589 - setPackage(No Configuration,No Configuration)
2025-11-05 10:16:51,905 [INFO] CADModel:165 - CPN selected for project level
2025-11-05 10:16:51,906 [INFO] CADModel:114 - Register for checkConnection events
2025-11-05 10:16:51,932 [INFO] IPUIPlugin:80 - create IPUIPlugin
2025-11-05 10:16:51,932 [INFO] PluginManager:220 - loadIPPluginJar : add adc
2025-11-05 10:16:51,937 [INFO] IPUIPlugin:80 - create IPUIPlugin
2025-11-05 10:16:51,937 [INFO] PluginManager:220 - loadIPPluginJar : add aes
2025-11-05 10:16:51,941 [INFO] IPUIPlugin:80 - create IPUIPlugin
2025-11-05 10:16:51,941 [INFO] PluginManager:220 - loadIPPluginJar : add can
2025-11-05 10:16:51,943 [INFO] IPUIPlugin:80 - create IPUIPlugin
2025-11-05 10:16:51,944 [INFO] PluginManager:220 - loadIPPluginJar : add comp
2025-11-05 10:16:51,946 [INFO] IPUIPlugin:80 - create IPUIPlugin
2025-11-05 10:16:51,947 [INFO] PluginManager:220 - loadIPPluginJar : add cryp
2025-11-05 10:16:51,951 [INFO] IPUIPlugin:80 - create IPUIPlugin
2025-11-05 10:16:51,951 [INFO] PluginManager:220 - loadIPPluginJar : add ddr_ctrl_phy
2025-11-05 10:16:51,954 [INFO] IPUIPlugin:80 - create IPUIPlugin
2025-11-05 10:16:51,954 [INFO] PluginManager:220 - loadIPPluginJar : add dfsdm
2025-11-05 10:16:51,961 [INFO] IPUIPlugin:80 - create IPUIPlugin
2025-11-05 10:16:51,962 [INFO] PluginManager:220 - loadIPPluginJar : add dma
2025-11-05 10:16:51,965 [INFO] IPUIPlugin:80 - create IPUIPlugin
2025-11-05 10:16:51,966 [INFO] PluginManager:220 - loadIPPluginJar : add dma3
2025-11-05 10:16:51,969 [INFO] IPUIPlugin:80 - create IPUIPlugin
2025-11-05 10:16:51,969 [INFO] PluginManager:220 - loadIPPluginJar : add extmemmanager
2025-11-05 10:16:51,971 [INFO] IPUIPlugin:80 - create IPUIPlugin
2025-11-05 10:16:51,971 [INFO] PluginManager:220 - loadIPPluginJar : add fatfs
2025-11-05 10:16:51,976 [INFO] IPUIPlugin:80 - create IPUIPlugin
2025-11-05 10:16:51,977 [INFO] PluginManager:220 - loadIPPluginJar : add fmc
2025-11-05 10:16:51,986 [INFO] IPUIPlugin:80 - create IPUIPlugin
2025-11-05 10:16:51,986 [INFO] PluginManager:220 - loadIPPluginJar : add freertos
2025-11-05 10:16:51,988 [INFO] IPUIPlugin:80 - create IPUIPlugin
2025-11-05 10:16:51,988 [INFO] PluginManager:220 - loadIPPluginJar : add genericplugin
2025-11-05 10:16:51,990 [INFO] IPUIPlugin:80 - create IPUIPlugin
2025-11-05 10:16:51,990 [INFO] PluginManager:220 - loadIPPluginJar : add gfxmmu
2025-11-05 10:16:51,996 [INFO] IPUIPlugin:80 - create IPUIPlugin
2025-11-05 10:16:51,996 [INFO] PluginManager:220 - loadIPPluginJar : add gic
2025-11-05 10:16:52,003 [INFO] IPUIPlugin:80 - create IPUIPlugin
2025-11-05 10:16:52,003 [INFO] PluginManager:220 - loadIPPluginJar : add gpio
2025-11-05 10:16:52,006 [INFO] IPUIPlugin:80 - create IPUIPlugin
2025-11-05 10:16:52,006 [INFO] PluginManager:220 - loadIPPluginJar : add gtzc
2025-11-05 10:16:52,009 [INFO] IPUIPlugin:80 - create IPUIPlugin
2025-11-05 10:16:52,009 [INFO] PluginManager:220 - loadIPPluginJar : add hash
2025-11-05 10:16:52,012 [INFO] IPUIPlugin:80 - create IPUIPlugin
2025-11-05 10:16:52,012 [INFO] PluginManager:220 - loadIPPluginJar : add i2c
2025-11-05 10:16:52,016 [INFO] IPUIPlugin:80 - create IPUIPlugin
2025-11-05 10:16:52,016 [INFO] PluginManager:220 - loadIPPluginJar : add i2s
2025-11-05 10:16:52,019 [INFO] IPUIPlugin:80 - create IPUIPlugin
2025-11-05 10:16:52,019 [INFO] PluginManager:220 - loadIPPluginJar : add i3c
2025-11-05 10:16:52,025 [INFO] IPUIPlugin:80 - create IPUIPlugin
2025-11-05 10:16:52,025 [INFO] PluginManager:220 - loadIPPluginJar : add ipddr
2025-11-05 10:16:52,034 [INFO] IPUIPlugin:80 - create IPUIPlugin
2025-11-05 10:16:52,035 [INFO] PluginManager:220 - loadIPPluginJar : add linkedlist
2025-11-05 10:16:52,038 [INFO] IPUIPlugin:80 - create IPUIPlugin
2025-11-05 10:16:52,039 [INFO] PluginManager:220 - loadIPPluginJar : add lorawan
2025-11-05 10:16:52,041 [INFO] IPUIPlugin:80 - create IPUIPlugin
2025-11-05 10:16:52,041 [INFO] PluginManager:220 - loadIPPluginJar : add ltdc
2025-11-05 10:16:52,051 [INFO] IPUIPlugin:80 - create IPUIPlugin
2025-11-05 10:16:52,052 [INFO] PluginManager:220 - loadIPPluginJar : add mdma
2025-11-05 10:16:52,056 [INFO] IPUIPlugin:80 - create IPUIPlugin
2025-11-05 10:16:52,057 [INFO] PluginManager:220 - loadIPPluginJar : add nvic
2025-11-05 10:16:52,061 [INFO] IPUIPlugin:80 - create IPUIPlugin
2025-11-05 10:16:52,061 [INFO] PluginManager:220 - loadIPPluginJar : add opamp
2025-11-05 10:16:52,065 [INFO] IPUIPlugin:80 - create IPUIPlugin
2025-11-05 10:16:52,065 [INFO] PluginManager:220 - loadIPPluginJar : add openamp
2025-11-05 10:16:52,069 [INFO] IPUIPlugin:80 - create IPUIPlugin
2025-11-05 10:16:52,069 [INFO] PluginManager:220 - loadIPPluginJar : add pdm2pcm
2025-11-05 10:16:52,077 [INFO] IPUIPlugin:80 - create IPUIPlugin
2025-11-05 10:16:52,081 [INFO] PluginManager:220 - loadIPPluginJar : add plateformsettings
2025-11-05 10:16:52,083 [INFO] IPUIPlugin:80 - create IPUIPlugin
2025-11-05 10:16:52,084 [INFO] PluginManager:220 - loadIPPluginJar : add quadspi
2025-11-05 10:16:52,086 [INFO] IPUIPlugin:80 - create IPUIPlugin
2025-11-05 10:16:52,087 [INFO] PluginManager:220 - loadIPPluginJar : add radio
2025-11-05 10:16:52,093 [INFO] IPUIPlugin:80 - create IPUIPlugin
2025-11-05 10:16:52,093 [INFO] PluginManager:220 - loadIPPluginJar : add resmgrutility
2025-11-05 10:16:52,097 [INFO] IPUIPlugin:80 - create IPUIPlugin
2025-11-05 10:16:52,097 [INFO] PluginManager:220 - loadIPPluginJar : add sai
2025-11-05 10:16:52,099 [INFO] IPUIPlugin:80 - create IPUIPlugin
2025-11-05 10:16:52,100 [INFO] PluginManager:220 - loadIPPluginJar : add spi
2025-11-05 10:16:52,107 [INFO] IPUIPlugin:80 - create IPUIPlugin
2025-11-05 10:16:52,107 [INFO] PluginManager:220 - loadIPPluginJar : add stm32_wpan
2025-11-05 10:16:52,109 [INFO] IPUIPlugin:80 - create IPUIPlugin
2025-11-05 10:16:52,109 [INFO] PluginManager:220 - loadIPPluginJar : add tim
2025-11-05 10:16:52,114 [INFO] IPUIPlugin:80 - create IPUIPlugin
2025-11-05 10:16:52,114 [INFO] PluginManager:220 - loadIPPluginJar : add touchsensing
2025-11-05 10:16:52,118 [INFO] IPUIPlugin:80 - create IPUIPlugin
2025-11-05 10:16:52,118 [INFO] PluginManager:220 - loadIPPluginJar : add tracer_emb
2025-11-05 10:16:52,120 [INFO] IPUIPlugin:80 - create IPUIPlugin
2025-11-05 10:16:52,120 [INFO] PluginManager:220 - loadIPPluginJar : add ts
2025-11-05 10:16:52,122 [INFO] IPUIPlugin:80 - create IPUIPlugin
2025-11-05 10:16:52,122 [INFO] PluginManager:220 - loadIPPluginJar : add tsc
2025-11-05 10:16:52,124 [INFO] IPUIPlugin:80 - create IPUIPlugin
2025-11-05 10:16:52,124 [INFO] PluginManager:220 - loadIPPluginJar : add ucpd
2025-11-05 10:16:52,126 [INFO] IPUIPlugin:80 - create IPUIPlugin
2025-11-05 10:16:52,126 [INFO] PluginManager:220 - loadIPPluginJar : add usart
2025-11-05 10:16:52,130 [INFO] IPUIPlugin:80 - create IPUIPlugin
2025-11-05 10:16:52,131 [INFO] PluginManager:220 - loadIPPluginJar : add usbx
2025-11-05 10:16:52,271 [FATAL] Updater:351 - Updater called before beeing initialized
2025-11-05 10:16:52,305 [INFO] RulesReader:64 - Compatibility file has been processed (317 Rules)
2025-11-05 10:16:52,321 [INFO] RulesReader:64 - Compatibility file has been processed (317 Rules)
2025-11-05 10:16:52,337 [INFO] CADModel:165 - CPN selected for project level
2025-11-05 10:16:52,337 [INFO] CADModel:114 - Register for checkConnection events
2025-11-05 10:16:52,337 [FATAL] Updater:351 - Updater called before beeing initialized
2025-11-05 10:16:52,337 [ERROR] CADModel:125 - Updater not yet initialized, retry later 
2025-11-05 10:16:52,511 [FATAL] Updater:351 - Updater called before beeing initialized
2025-11-05 10:16:52,514 [INFO] CADModel:165 - CPN selected for project level
2025-11-05 10:16:52,514 [INFO] CADModel:114 - Register for checkConnection events
2025-11-05 10:16:52,514 [FATAL] Updater:351 - Updater called before beeing initialized
2025-11-05 10:16:52,514 [ERROR] CADModel:125 - Updater not yet initialized, retry later 
2025-11-05 10:16:52,518 [FATAL] Updater:351 - Updater called before beeing initialized
2025-11-05 10:16:52,661 [FATAL] Updater:351 - Updater called before beeing initialized
2025-11-05 10:16:52,666 [INFO] DbMcusAds:53 - JSON generation date=Thu Oct 02 17:36:05 CST 2025 (1759397765645)
2025-11-05 10:16:52,666 [FATAL] Updater:351 - Updater called before beeing initialized
2025-11-05 10:16:52,705 [WARN] DetailPanel:346 - Failed to get advertising image, set to default
2025-11-05 10:16:52,791 [FATAL] Updater:351 - Updater called before beeing initialized
2025-11-05 10:16:52,793 [FATAL] Updater:351 - Updater called before beeing initialized
2025-11-05 10:16:52,794 [FATAL] Updater:351 - Updater called before beeing initialized
2025-11-05 10:16:52,794 [WARN] DetailPanel:346 - Failed to get advertising image, set to default
2025-11-05 10:16:52,796 [FATAL] Updater:351 - Updater called before beeing initialized
2025-11-05 10:16:52,850 [ERROR] Updater:1198 - MainUpdater not yet initialized. External WinMGr cannot be set.
2025-11-05 10:16:52,853 [INFO] Updater:1134 - Updater Version found : 6.15.0
2025-11-05 10:16:52,876 [INFO] ApplicationProperties:184 - Using Application install path: C:\ST\STM32CubeIDE_1.19.0\STM32CubeIDE\plugins\com.st.stm32cube.common.mx_6.15.0.202507011659
2025-11-05 10:16:54,207 [INFO] ThirdPartyUpdaterWithRetryManager:70 - Updater plugin not ready yet. [2/15]
2025-11-05 10:16:54,456 [ERROR] LogOutputStream:75 - [STDERR_REDIRECT] Nov 05, 2025 10:16:54 AM java.util.prefs.WindowsPreferences <init>
2025-11-05 10:16:54,457 [ERROR] LogOutputStream:75 - [STDERR_REDIRECT] WARNING: Could not open/create prefs root node Software\JavaSoft\Prefs at root 0xffffffff80000002. Windows RegCreateKeyEx(...) returned error code 5.
2025-11-05 10:16:54,458 [ERROR] LogOutputStream:75 - [STDERR_REDIRECT] 
2025-11-05 10:16:54,812 [INFO] MainUpdater:2872 - connection check result : 10
2025-11-05 10:16:54,812 [INFO] MainUpdater:289 - Updater Check For Update Now.
2025-11-05 10:16:54,812 [INFO] MicroXplorer:498 - Change Database Version : DB.6.0.150
2025-11-05 10:16:54,834 [INFO] McuFinderGlobals:63 - Set McuFinder mode to 2 (CubeIDE integrated)
2025-11-05 10:16:54,835 [INFO] UserAuth:487 - Internet connection configuration mode: 1
2025-11-05 10:16:54,894 [INFO] JxBrowserEngine:152 - Initiate JxBrowser Engine with user profile folder
2025-11-05 10:16:54,993 [INFO] CheckServerUpdateThread:120 - End of CheckServer Thread
2025-11-05 10:16:55,857 [INFO] WebApp:169 - Instantiating new browser for Auth
2025-11-05 10:16:56,731 [INFO] WebApp:463 - Apply proxy settings
2025-11-05 10:16:56,732 [INFO] WebApp:548 - Chromium requires no authentication
2025-11-05 10:16:56,746 [INFO] WebApp:491 - Direct internet connection detected
2025-11-05 10:16:56,772 [INFO] WebApp:900 - Register for checkConnection events
2025-11-05 10:16:56,773 [INFO] WebApp:463 - Apply proxy settings
2025-11-05 10:16:56,773 [INFO] WebApp:548 - Chromium requires no authentication
2025-11-05 10:16:56,773 [INFO] WebApp:491 - Direct internet connection detected
2025-11-05 10:16:56,977 [INFO] WebApp:191 - Connection restablished
2025-11-05 10:16:56,983 [INFO] WebApp:225 - Starting web application
2025-11-05 10:16:56,983 [INFO] WebApp:593 - Web application path used C:\ST\STM32CubeIDE_1.19.0\STM32CubeIDE\plugins\com.st.stm32cube.common.mx_6.15.0.202507011659\db\plugins\mcufinder\reactClient1\index.html
2025-11-05 10:16:57,078 [INFO] UserAuth:487 - Internet connection configuration mode: 1
2025-11-05 10:16:57,420 [WARN] PackLoader:240 - Cannot read IP mode file for STMicroelectronics.FP-SNS-MOTENVWB1.1.4.0
2025-11-05 10:16:57,427 [WARN] PackLoader:240 - Cannot read IP mode file for STMicroelectronics.FP-ATR-ASTRA1.2.0.2
2025-11-05 10:16:57,434 [WARN] PackLoader:240 - Cannot read IP mode file for STMicroelectronics.X-CUBE-SMBUS.2.1.0
2025-11-05 10:16:57,456 [WARN] PackLoader:240 - Cannot read IP mode file for STMicroelectronics.X-CUBE-AZRTOS-F7.1.1.0
2025-11-05 10:16:57,463 [WARN] PackLoader:240 - Cannot read IP mode file for Cesanta.I-CUBE-Mongoose.7.19.0
2025-11-05 10:16:57,467 [WARN] PackLoader:240 - Cannot read IP mode file for STMicroelectronics.FP-SNS-MOTENV1.5.1.0
2025-11-05 10:16:57,481 [WARN] PackLoader:240 - Cannot read IP mode file for WES.I-CUBE-Cesium.1.4.0
2025-11-05 10:16:57,501 [WARN] PackLoader:240 - Cannot read IP mode file for Infineon.AIROC-Wi-Fi-Bluetooth-STM32.1.7.1
2025-11-05 10:16:57,538 [WARN] PackLoader:240 - Cannot read IP mode file for STMicroelectronics.X-CUBE-AZRTOS-H7.3.4.0
2025-11-05 10:16:57,552 [WARN] PackLoader:240 - Cannot read IP mode file for STMicroelectronics.X-CUBE-DISPLAY.3.0.0
2025-11-05 10:16:57,566 [WARN] PackLoader:240 - Cannot read IP mode file for STMicroelectronics.X-CUBE-NFC10.1.0.0
2025-11-05 10:16:57,571 [WARN] PackLoader:240 - Cannot read IP mode file for STMicroelectronics.X-CUBE-ST60.1.1.0
2025-11-05 10:16:57,578 [WARN] PackLoader:240 - Cannot read IP mode file for emotas.I-CUBE-CANOPEN.1.3.0
2025-11-05 10:16:57,586 [WARN] PackLoader:240 - Cannot read IP mode file for STMicroelectronics.X-CUBE-GNSS1.7.1.0
2025-11-05 10:16:57,591 [WARN] PackLoader:240 - Cannot read IP mode file for STMicroelectronics.FP-SNS-STBOX1.2.1.0
2025-11-05 10:16:57,598 [WARN] PackLoader:240 - Cannot read IP mode file for STMicroelectronics.FP-SNS-SMARTAG2.1.2.0
2025-11-05 10:16:57,602 [WARN] PackLoader:240 - Cannot read IP mode file for STMicroelectronics.FP-SNS-FLIGHT1.5.1.0
2025-11-05 10:16:57,608 [INFO] LogOutputStream:77 - [STDOUT_REDIRECT] 1 : Invalid condition id : UX_CORESTACK_Condition cause : null
2025-11-05 10:16:57,610 [INFO] LogOutputStream:77 - [STDOUT_REDIRECT] 1 : Invalid condition id : UX_CORESTACK_Condition cause : null
2025-11-05 10:16:57,612 [INFO] LogOutputStream:77 - [STDOUT_REDIRECT] 1 : Invalid condition id : UX_CORESTACK_Condition cause : null
2025-11-05 10:16:57,613 [INFO] LogOutputStream:77 - [STDOUT_REDIRECT] 1 : Invalid condition id : UX_CORESTACK_Condition cause : null
2025-11-05 10:16:57,615 [INFO] LogOutputStream:77 - [STDOUT_REDIRECT] 1 : Invalid condition id : UX_CORESTACK_Condition cause : null
2025-11-05 10:16:57,616 [WARN] PackLoader:240 - Cannot read IP mode file for STMicroelectronics.X-CUBE-AZRTOS-WL.2.0.0
2025-11-05 10:16:57,622 [WARN] PackLoader:240 - Cannot read IP mode file for STMicroelectronics.X-CUBE-BLE2.3.3.0
2025-11-05 10:16:57,628 [WARN] PackLoader:240 - Cannot read IP mode file for STMicroelectronics.X-CUBE-NFC9.1.0.0
2025-11-05 10:16:57,634 [WARN] PackLoader:240 - Cannot read IP mode file for wolfSSL.I-CUBE-wolfSSL.5.8.2
2025-11-05 10:16:57,639 [WARN] PackLoader:240 - Cannot read IP mode file for STMicroelectronics.X-CUBE-BLE1.7.1.0
2025-11-05 10:16:57,643 [WARN] PackLoader:240 - Cannot read IP mode file for wolfSSL.I-CUBE-wolfMQTT.1.19.2
2025-11-05 10:16:57,652 [WARN] PackLoader:240 - Cannot read IP mode file for STMicroelectronics.X-CUBE-EEPRMA1.5.2.0
2025-11-05 10:16:57,659 [WARN] PackLoader:240 - Cannot read IP mode file for STMicroelectronics.X-CUBE-ST67W61.1.1.0
2025-11-05 10:16:57,671 [WARN] PackLoader:240 - Cannot read IP mode file for STMicroelectronics.X-CUBE-AZRTOS-G0.1.1.0
2025-11-05 10:16:57,677 [WARN] PackLoader:240 - Cannot read IP mode file for STMicroelectronics.X-CUBE-SAFEA1.1.2.2
2025-11-05 10:16:57,684 [WARN] PackLoader:240 - Cannot read IP mode file for STMicroelectronics.X-CUBE-NFC4.3.0.0
2025-11-05 10:16:57,688 [WARN] PackLoader:240 - Cannot read IP mode file for STMicroelectronics.X-CUBE-WB05N.2.0.0
2025-11-05 10:16:57,692 [WARN] PackLoader:240 - Cannot read IP mode file for wolfSSL.I-CUBE-wolfTPM.3.8.0
2025-11-05 10:16:57,697 [WARN] PackLoader:240 - Cannot read IP mode file for STMicroelectronics.X-CUBE-TCPP.4.2.0
2025-11-05 10:16:57,703 [WARN] PackLoader:240 - Cannot read IP mode file for RealThread.X-CUBE-RT-Thread_Nano.4.1.1
2025-11-05 10:16:57,707 [WARN] PackLoader:240 - Cannot read IP mode file for STMicroelectronics.FP-ATR-SIGFOX1.3.2.0
2025-11-05 10:16:57,713 [WARN] PackLoader:240 - Cannot read IP mode file for ITTIA_DB.I-CUBE-ITTIADB.8.9.0
2025-11-05 10:16:57,717 [WARN] PackLoader:240 - Cannot read IP mode file for STMicroelectronics.X-CUBE-AI.10.2.0
2025-11-05 10:16:57,732 [WARN] PackLoader:240 - Cannot read IP mode file for SEGGER.I-CUBE-embOS.1.3.1
2025-11-05 10:16:57,762 [WARN] PackLoader:240 - Cannot read IP mode file for STMicroelectronics.X-CUBE-ALGOBUILD.1.4.0
2025-11-05 10:16:57,824 [WARN] PackLoader:240 - Cannot read IP mode file for STMicroelectronics.X-CUBE-MEMS1.11.3.0
2025-11-05 10:16:57,921 [WARN] PackLoader:240 - Cannot read IP mode file for STMicroelectronics.X-CUBE-PM33A1.1.0.0
2025-11-05 10:16:57,934 [WARN] PackLoader:240 - Cannot read IP mode file for STMicroelectronics.X-CUBE-AZRTOS-F4.1.1.0
2025-11-05 10:16:57,941 [WARN] PackLoader:240 - Cannot read IP mode file for STMicroelectronics.X-CUBE-ISPU.2.1.0
2025-11-05 10:16:57,949 [WARN] PackLoader:240 - Cannot read IP mode file for STMicroelectronics.X-CUBE-IPS.3.2.0
2025-11-05 10:16:57,960 [WARN] PackLoader:240 - Cannot read IP mode file for STMicroelectronics.X-CUBE-NFC12.1.0.0
2025-11-05 10:16:57,969 [WARN] PackLoader:240 - Cannot read IP mode file for STMicroelectronics.X-CUBE-AZRTOS-L5.2.0.0
2025-11-05 10:16:57,975 [WARN] PackLoader:240 - Cannot read IP mode file for STMicroelectronics.X-CUBE-NFC6.3.1.0
2025-11-05 10:16:57,981 [WARN] PackLoader:240 - Cannot read IP mode file for STMicroelectronics.X-CUBE-FREERTOS.1.3.1
2025-11-05 10:16:57,989 [WARN] PackLoader:240 - Cannot read IP mode file for STMicroelectronics.X-CUBE-TOUCHGFX.4.26.0
2025-11-05 10:16:57,992 [WARN] PackLoader:240 - Cannot read IP mode file for STMicroelectronics.FP-SNS-STAIOTCFT.1.0.0
2025-11-05 10:16:57,997 [WARN] PackLoader:240 - Cannot read IP mode file for STMicroelectronics.X-CUBE-DPower.1.3.0
2025-11-05 10:16:58,006 [WARN] ConditionMgr:438 - getConditionDescription Invalid condition id : LAN8742 Phy interface Condition cause : null
2025-11-05 10:16:58,006 [WARN] PackLoader:240 - Cannot read IP mode file for STMicroelectronics.X-CUBE-AZRTOS-L4.2.0.0
2025-11-05 10:16:58,007 [WARN] ConditionMgr:1044 - genDependencies : Invalid condition id : LAN8742 Phy interface Condition cause : null
2025-11-05 10:16:58,007 [WARN] ConditionMgr:1044 - genDependencies : Invalid condition id : LAN8742 Phy interface Condition cause : null
2025-11-05 10:16:58,007 [WARN] ConditionMgr:1044 - genDependencies : Invalid condition id : LAN8742 Phy interface Condition cause : null
2025-11-05 10:16:58,014 [WARN] PackLoader:240 - Cannot read IP mode file for STMicroelectronics.X-CUBE-SFXS2LP1.4.0.0
2025-11-05 10:16:58,020 [WARN] PackLoader:240 - Cannot read IP mode file for STMicroelectronics.X-CUBE-BLEMGR.4.1.0
2025-11-05 10:16:58,028 [WARN] ConditionMgr:438 - getConditionDescription Invalid condition id : UX DEVICE CLASS RTOS Condition cause : null
2025-11-05 10:16:58,028 [WARN] ConditionMgr:438 - getConditionDescription Invalid condition id : UX DEVICE CLASS RTOS Condition cause : null
2025-11-05 10:16:58,030 [WARN] PackLoader:240 - Cannot read IP mode file for STMicroelectronics.X-CUBE-AZRTOS-WB.2.0.0
2025-11-05 10:16:58,030 [WARN] ConditionMgr:1044 - genDependencies : Invalid condition id : UX DEVICE CLASS RTOS Condition cause : null
2025-11-05 10:16:58,030 [WARN] ConditionMgr:1044 - genDependencies : Invalid condition id : UX DEVICE CLASS RTOS Condition cause : null
2025-11-05 10:16:58,030 [WARN] ConditionMgr:1044 - genDependencies : Invalid condition id : UX DEVICE CLASS RTOS Condition cause : null
2025-11-05 10:16:58,030 [WARN] ConditionMgr:1044 - genDependencies : Invalid condition id : UX DEVICE CLASS RTOS Condition cause : null
2025-11-05 10:16:58,030 [WARN] ConditionMgr:1044 - genDependencies : Invalid condition id : UX DEVICE CLASS RTOS Condition cause : null
2025-11-05 10:16:58,033 [WARN] PackLoader:240 - Cannot read IP mode file for STMicroelectronics.X-CUBE-GNSS1.7.0.1
2025-11-05 10:16:58,037 [WARN] ConditionMgr:438 - getConditionDescription Invalid condition id : Cortex-A Device cause : null
2025-11-05 10:16:58,055 [WARN] ConditionMgr:1044 - genDependencies : Invalid condition id : Cortex-A Device cause : null
2025-11-05 10:16:58,055 [WARN] ConditionMgr:1044 - genDependencies : Invalid condition id : Cortex-A Device cause : null
2025-11-05 10:16:58,055 [WARN] ConditionMgr:1044 - genDependencies : Invalid condition id : Cortex-A Device cause : null
2025-11-05 10:16:58,061 [WARN] PackLoader:240 - Cannot read IP mode file for STMicroelectronics.X-CUBE-SUBG2.5.0.0
2025-11-05 10:16:58,072 [WARN] PackLoader:240 - Cannot read IP mode file for STMicroelectronics.X-CUBE-AZRTOS-H7RS.1.1.0
2025-11-05 10:16:58,082 [WARN] PackLoader:240 - Cannot read IP mode file for STMicroelectronics.X-CUBE-AZRTOS-G4.2.0.0
2025-11-05 10:16:58,086 [WARN] PackLoader:240 - Cannot read IP mode file for wolfSSL.I-CUBE-wolfSSH.1.4.20
2025-11-05 10:16:58,090 [WARN] PackLoader:240 - Cannot read IP mode file for STMicroelectronics.X-CUBE-NFC7.2.0.0
2025-11-05 10:16:58,095 [WARN] PackLoader:240 - Cannot read IP mode file for STMicroelectronics.X-CUBE-ALS.1.0.2
2025-11-05 10:16:58,100 [WARN] PackLoader:240 - Cannot read IP mode file for STMicroelectronics.X-CUBE-STSE01.1.0.0
2025-11-05 10:16:58,106 [WARN] PackLoader:240 - Cannot read IP mode file for STMicroelectronics.X-CUBE-TOF1.3.4.3
2025-11-05 10:16:58,115 [INFO] ThirdParty:978 - Integrity check success = true
2025-11-05 10:16:58,115 [INFO] IntegrityCheckThread:100 - exiting critical section [integrity check]
2025-11-05 10:16:58,115 [INFO] IntegrityCheckThread:103 - End integrity checks thread
2025-11-05 10:49:46,890 [INFO] WebApp:194 - Connection lost
2025-11-05 10:49:47,052 [INFO] WebApp:191 - Connection restablished
2025-11-05 11:10:37,915 [INFO] WebApp:194 - Connection lost
2025-11-05 11:10:39,918 [INFO] WebApp:191 - Connection restablished
2025-11-05 12:08:40,488 [INFO] WebApp:194 - Connection lost
2025-11-05 12:08:40,727 [INFO] WebApp:191 - Connection restablished
2025-11-05 13:25:48,451 [INFO] WebApp:194 - Connection lost
2025-11-05 13:25:48,609 [INFO] WebApp:191 - Connection restablished
2025-11-05 14:22:17,551 [INFO] WebApp:194 - Connection lost
2025-11-05 14:22:17,710 [INFO] WebApp:191 - Connection restablished
2025-11-05 15:58:54,622 [INFO] WebApp:194 - Connection lost
2025-11-05 15:58:54,816 [INFO] WebApp:191 - Connection restablished
2025-11-05 16:08:17,597 [INFO] WebApp:194 - Connection lost
2025-11-05 16:08:17,840 [INFO] WebApp:191 - Connection restablished
2025-11-05 17:17:16,007 [ERROR] LogOutputStream:75 - [STDERR_REDIRECT] 
