2025-11-10 13:23:48,984 [INFO] Activator:176 - 


2025-11-10 13:23:48,990 [INFO] Activator:177 - !SESSION log4j initialized
2025-11-10 13:23:56,010 [INFO] LogOutputStream:77 - [STDOUT_REDIRECT] 
2025-11-10 13:23:59,861 [INFO] ApplicationProperties:184 - Using Application install path: C:\ST\STM32CubeIDE_1.19.0\STM32CubeIDE\plugins\com.st.stm32cube.common.mx_6.15.0.202507011659
2025-11-10 13:23:59,914 [INFO] DbMcusXml:78 - Set database path to: C:\ST\STM32CubeIDE_1.19.0\STM32CubeIDE\plugins\com.st.stm32cube.common.mx_6.15.0.202507011659\\db\/mcu/
2025-11-10 13:23:59,914 [INFO] ApiDb:274 - Set plugin database path to: C:\ST\STM32CubeIDE_1.19.0\STM32CubeIDE\plugins\com.st.stm32cube.common.mx_6.15.0.202507011659\\db\/plugins/boardmanager/
2025-11-10 13:23:59,916 [WARN] ApiDb:259 - Overriding images path with different value:  => C:\ST\STM32CubeIDE_1.19.0\STM32CubeIDE\plugins\com.st.stm32cube.common.mx_6.15.0.202507011659\\db\/plugins/mcufinder/images/
2025-11-10 13:23:59,935 [INFO] ApiDb:250 - Set database path to: C:\Users\liushaw\.stmcufinder\plugins\mcufinder//mcu/
2025-11-10 13:23:59,938 [INFO] DbMcusAds:125 - Set database path to: C:\Users\liushaw\.stmcufinder\plugins\mcufinder//mcu/
2025-11-10 13:23:59,948 [INFO] CrossReferenceDbSqlite:203 - Set database path to: C:\Users\liushaw\.stmcufinder\plugins\mcufinder//mcu/cs/
2025-11-10 13:24:00,290 [INFO] RulesReader:64 - Compatibility file has been processed (317 Rules)
2025-11-10 13:24:00,524 [INFO] DbMcusXml:78 - Set database path to: C:\ST\STM32CubeIDE_1.19.0\STM32CubeIDE\plugins\com.st.stm32cube.common.mx_6.15.0.202507011659\\db\/mcu/
2025-11-10 13:24:00,524 [INFO] ApiDb:274 - Set plugin database path to: C:\ST\STM32CubeIDE_1.19.0\STM32CubeIDE\plugins\com.st.stm32cube.common.mx_6.15.0.202507011659\\db\/plugins/boardmanager/
2025-11-10 13:24:00,524 [INFO] ApiDb:261 - Set plugin images path to: C:\ST\STM32CubeIDE_1.19.0\STM32CubeIDE\plugins\com.st.stm32cube.common.mx_6.15.0.202507011659\\db\/plugins/mcufinder/images/
2025-11-10 13:24:00,525 [WARN] DbFile:41 - Overriding database path with different value: C:\Users\liushaw\.stmcufinder\plugins\mcufinder/ => C:\Users\liushaw\.stmcufinder\plugins\mcufinder
2025-11-10 13:24:00,525 [INFO] ApiDb:250 - Set database path to: C:\Users\liushaw\.stmcufinder\plugins\mcufinder//mcu/
2025-11-10 13:24:00,525 [WARN] DbFile:41 - Overriding database path with different value: C:\Users\liushaw\.stmcufinder\plugins\mcufinder/ => C:\Users\liushaw\.stmcufinder\plugins\mcufinder
2025-11-10 13:24:00,525 [INFO] DbMcusAds:125 - Set database path to: C:\Users\liushaw\.stmcufinder\plugins\mcufinder//mcu/
2025-11-10 13:24:00,525 [WARN] DbFile:41 - Overriding database path with different value: C:\Users\liushaw\.stmcufinder\plugins\mcufinder/ => C:\Users\liushaw\.stmcufinder\plugins\mcufinder
2025-11-10 13:24:00,525 [WARN] DbFile:41 - Overriding database path with different value: C:\Users\liushaw\.stmcufinder\plugins\mcufinder/ => C:\Users\liushaw\.stmcufinder\plugins\mcufinder
2025-11-10 13:24:00,525 [INFO] CrossReferenceDbSqlite:203 - Set database path to: C:\Users\liushaw\.stmcufinder\plugins\mcufinder//mcu/cs/
2025-11-10 13:24:00,693 [INFO] MainPanel:274 - HeapMemory: 276824064
2025-11-10 13:24:01,007 [INFO] DbMcusXml:78 - Set database path to: C:\ST\STM32CubeIDE_1.19.0\STM32CubeIDE\plugins\com.st.stm32cube.common.mx_6.15.0.202507011659\\db\/mcu/
2025-11-10 13:24:01,007 [INFO] ApiDb:274 - Set plugin database path to: C:\ST\STM32CubeIDE_1.19.0\STM32CubeIDE\plugins\com.st.stm32cube.common.mx_6.15.0.202507011659\\db\/plugins/boardmanager/
2025-11-10 13:24:01,008 [INFO] ApiDb:261 - Set plugin images path to: C:\ST\STM32CubeIDE_1.19.0\STM32CubeIDE\plugins\com.st.stm32cube.common.mx_6.15.0.202507011659\\db\/plugins/mcufinder/images/
2025-11-10 13:24:01,009 [WARN] DbFile:41 - Overriding database path with different value: C:\Users\liushaw\.stmcufinder\plugins\mcufinder/ => C:\Users\liushaw\.stmcufinder\plugins\mcufinder
2025-11-10 13:24:01,010 [INFO] ApiDb:250 - Set database path to: C:\Users\liushaw\.stmcufinder\plugins\mcufinder//mcu/
2025-11-10 13:24:01,010 [WARN] DbFile:41 - Overriding database path with different value: C:\Users\liushaw\.stmcufinder\plugins\mcufinder/ => C:\Users\liushaw\.stmcufinder\plugins\mcufinder
2025-11-10 13:24:01,010 [INFO] DbMcusAds:125 - Set database path to: C:\Users\liushaw\.stmcufinder\plugins\mcufinder//mcu/
2025-11-10 13:24:01,010 [WARN] DbFile:41 - Overriding database path with different value: C:\Users\liushaw\.stmcufinder\plugins\mcufinder/ => C:\Users\liushaw\.stmcufinder\plugins\mcufinder
2025-11-10 13:24:01,010 [WARN] DbFile:41 - Overriding database path with different value: C:\Users\liushaw\.stmcufinder\plugins\mcufinder/ => C:\Users\liushaw\.stmcufinder\plugins\mcufinder
2025-11-10 13:24:01,010 [INFO] CrossReferenceDbSqlite:203 - Set database path to: C:\Users\liushaw\.stmcufinder\plugins\mcufinder//mcu/cs/
2025-11-10 13:24:01,052 [INFO] ApplicationProperties:184 - Using Application install path: C:\ST\STM32CubeIDE_1.19.0\STM32CubeIDE\plugins\com.st.stm32cube.common.mx_6.15.0.202507011659
2025-11-10 13:24:01,056 [INFO] PluginManage:196 - Search for loadable plugins [exclusion list=, ]
2025-11-10 13:24:01,061 [INFO] PluginManage:310 - Check plugin analytics
2025-11-10 13:24:01,711 [INFO] AnalyticsPlugin:253 - Accepted Software Licenses: STM32CubeMX.6.15.0
2025-11-10 13:24:01,712 [INFO] AnalyticsPlugin:255 - Accepted CMSIS Pack Licenses: 
2025-11-10 13:24:01,712 [INFO] AnalyticsPlugin:257 - Accepted Firmware Licenses: FW.F4.1.28.0
2025-11-10 13:24:01,719 [INFO] PluginManage:359 - Loaded plugin analytics (category:tool,tabindex:-1)
2025-11-10 13:24:01,719 [INFO] PluginManage:310 - Check plugin cadmodel
2025-11-10 13:24:01,729 [INFO] CADModel:105 - Init CAD model plugin
2025-11-10 13:24:01,730 [INFO] PluginManage:359 - Loaded plugin cadmodel (category:power,tabindex:5)
2025-11-10 13:24:01,731 [INFO] PluginManage:310 - Check plugin clock
2025-11-10 13:24:01,755 [INFO] PluginManage:359 - Loaded plugin clock (category:base,tabindex:2)
2025-11-10 13:24:01,756 [INFO] PluginManage:310 - Check plugin ddr
2025-11-10 13:24:01,763 [INFO] PluginManage:359 - Loaded plugin ddr (category:tool,tabindex:6)
2025-11-10 13:24:01,763 [INFO] PluginManage:310 - Check plugin filemanager
2025-11-10 13:24:02,103 [INFO] PluginManage:359 - Loaded plugin filemanager (category:base,tabindex:10)
2025-11-10 13:24:02,103 [INFO] PluginManage:310 - Check plugin ipmanager
2025-11-10 13:24:02,122 [INFO] PluginManage:359 - Loaded plugin ipmanager (category:base,tabindex:5)
2025-11-10 13:24:02,122 [INFO] PluginManage:310 - Check plugin lpbam
2025-11-10 13:24:02,147 [INFO] PluginManage:359 - Loaded plugin lpbam (category:base,tabindex:0)
2025-11-10 13:24:02,147 [INFO] PluginManage:310 - Check plugin memorymap
2025-11-10 13:24:02,215 [INFO] PluginManage:359 - Loaded plugin memorymap (category:base,tabindex:4)
2025-11-10 13:24:02,215 [INFO] PluginManage:310 - Check plugin pinoutandconfiguration
2025-11-10 13:24:02,241 [INFO] PluginManage:359 - Loaded plugin pinoutandconfiguration (category:base,tabindex:1)
2025-11-10 13:24:02,241 [INFO] PluginManage:310 - Check plugin pinoutconfig
2025-11-10 13:24:02,494 [WARN] SupportedApi:132 - Cannot load RTOS API schema: s4s-elt-must-match.1: The content of 'definitions' must match (annotation?, (simpleType | complexType)?, (unique | key | keyref)*)). A problem was found starting at: attribute.
2025-11-10 13:24:03,156 [INFO] PluginManage:359 - Loaded plugin pinoutconfig (category:base,tabindex:0)
2025-11-10 13:24:03,156 [INFO] PluginManage:310 - Check plugin power
2025-11-10 13:24:03,175 [INFO] PluginManage:359 - Loaded plugin power (category:power,tabindex:4)
2025-11-10 13:24:03,175 [INFO] PluginManage:310 - Check plugin projectmanager
2025-11-10 13:24:03,202 [INFO] PluginManage:359 - Loaded plugin projectmanager (category:projectmanager,tabindex:4)
2025-11-10 13:24:03,202 [INFO] PluginManage:310 - Check plugin rif
2025-11-10 13:24:03,235 [INFO] PluginManage:359 - Loaded plugin rif (category:base,tabindex:3)
2025-11-10 13:24:03,236 [INFO] PluginManage:310 - Check plugin thirdparty
2025-11-10 13:24:03,449 [WARN] IntegrityCheckThread:84 - waiting for thirdparty lock release [integrity check]
2025-11-10 13:24:03,449 [INFO] PluginManage:359 - Loaded plugin thirdparty (category:base,tabindex:-1)
2025-11-10 13:24:03,449 [INFO] IntegrityCheckThread:86 - entering critical section [integrity check]
2025-11-10 13:24:03,450 [INFO] PluginManage:310 - Check plugin tools
2025-11-10 13:24:03,450 [INFO] ThirdPartyUpdaterWithRetryManager:70 - Updater plugin not ready yet. [1/15]
2025-11-10 13:24:03,454 [INFO] PluginManage:359 - Loaded plugin tools (category:base,tabindex:7)
2025-11-10 13:24:03,455 [INFO] PluginManage:310 - Check plugin tutovideos
2025-11-10 13:24:03,647 [INFO] PluginManage:359 - Loaded plugin tutovideos (category:base,tabindex:-1)
2025-11-10 13:24:03,647 [INFO] PluginManage:310 - Check plugin updater
2025-11-10 13:24:03,671 [INFO] PluginManage:359 - Loaded plugin updater (category:base,tabindex:12)
2025-11-10 13:24:03,672 [INFO] PluginManage:310 - Check plugin userauth
2025-11-10 13:24:03,680 [INFO] UserAuth:118 - Init User Auth plugin
2025-11-10 13:24:03,682 [INFO] PluginManage:359 - Loaded plugin userauth (category:base,tabindex:14)
2025-11-10 13:24:03,683 [INFO] PluginManage:283 - PluginManage : Loaded plugins [18]
2025-11-10 13:24:03,953 [INFO] PinOutPanel:1589 - setPackage(No Configuration,No Configuration)
2025-11-10 13:24:04,061 [INFO] CADModel:165 - CPN selected for project level
2025-11-10 13:24:04,062 [INFO] CADModel:114 - Register for checkConnection events
2025-11-10 13:24:04,085 [INFO] IPUIPlugin:80 - create IPUIPlugin
2025-11-10 13:24:04,086 [INFO] PluginManager:220 - loadIPPluginJar : add adc
2025-11-10 13:24:04,089 [INFO] IPUIPlugin:80 - create IPUIPlugin
2025-11-10 13:24:04,090 [INFO] PluginManager:220 - loadIPPluginJar : add aes
2025-11-10 13:24:04,093 [INFO] IPUIPlugin:80 - create IPUIPlugin
2025-11-10 13:24:04,093 [INFO] PluginManager:220 - loadIPPluginJar : add can
2025-11-10 13:24:04,096 [INFO] IPUIPlugin:80 - create IPUIPlugin
2025-11-10 13:24:04,096 [INFO] PluginManager:220 - loadIPPluginJar : add comp
2025-11-10 13:24:04,099 [INFO] IPUIPlugin:80 - create IPUIPlugin
2025-11-10 13:24:04,099 [INFO] PluginManager:220 - loadIPPluginJar : add cryp
2025-11-10 13:24:04,105 [INFO] IPUIPlugin:80 - create IPUIPlugin
2025-11-10 13:24:04,105 [INFO] PluginManager:220 - loadIPPluginJar : add ddr_ctrl_phy
2025-11-10 13:24:04,108 [INFO] IPUIPlugin:80 - create IPUIPlugin
2025-11-10 13:24:04,108 [INFO] PluginManager:220 - loadIPPluginJar : add dfsdm
2025-11-10 13:24:04,117 [INFO] IPUIPlugin:80 - create IPUIPlugin
2025-11-10 13:24:04,118 [INFO] PluginManager:220 - loadIPPluginJar : add dma
2025-11-10 13:24:04,121 [INFO] IPUIPlugin:80 - create IPUIPlugin
2025-11-10 13:24:04,122 [INFO] PluginManager:220 - loadIPPluginJar : add dma3
2025-11-10 13:24:04,125 [INFO] IPUIPlugin:80 - create IPUIPlugin
2025-11-10 13:24:04,125 [INFO] PluginManager:220 - loadIPPluginJar : add extmemmanager
2025-11-10 13:24:04,127 [INFO] IPUIPlugin:80 - create IPUIPlugin
2025-11-10 13:24:04,127 [INFO] PluginManager:220 - loadIPPluginJar : add fatfs
2025-11-10 13:24:04,131 [INFO] IPUIPlugin:80 - create IPUIPlugin
2025-11-10 13:24:04,131 [INFO] PluginManager:220 - loadIPPluginJar : add fmc
2025-11-10 13:24:04,147 [INFO] IPUIPlugin:80 - create IPUIPlugin
2025-11-10 13:24:04,148 [INFO] PluginManager:220 - loadIPPluginJar : add freertos
2025-11-10 13:24:04,151 [INFO] IPUIPlugin:80 - create IPUIPlugin
2025-11-10 13:24:04,151 [INFO] PluginManager:220 - loadIPPluginJar : add genericplugin
2025-11-10 13:24:04,155 [INFO] IPUIPlugin:80 - create IPUIPlugin
2025-11-10 13:24:04,155 [INFO] PluginManager:220 - loadIPPluginJar : add gfxmmu
2025-11-10 13:24:04,161 [INFO] IPUIPlugin:80 - create IPUIPlugin
2025-11-10 13:24:04,162 [INFO] PluginManager:220 - loadIPPluginJar : add gic
2025-11-10 13:24:04,169 [INFO] IPUIPlugin:80 - create IPUIPlugin
2025-11-10 13:24:04,169 [INFO] PluginManager:220 - loadIPPluginJar : add gpio
2025-11-10 13:24:04,173 [INFO] IPUIPlugin:80 - create IPUIPlugin
2025-11-10 13:24:04,174 [INFO] PluginManager:220 - loadIPPluginJar : add gtzc
2025-11-10 13:24:04,176 [INFO] IPUIPlugin:80 - create IPUIPlugin
2025-11-10 13:24:04,177 [INFO] PluginManager:220 - loadIPPluginJar : add hash
2025-11-10 13:24:04,179 [INFO] IPUIPlugin:80 - create IPUIPlugin
2025-11-10 13:24:04,179 [INFO] PluginManager:220 - loadIPPluginJar : add i2c
2025-11-10 13:24:04,182 [INFO] IPUIPlugin:80 - create IPUIPlugin
2025-11-10 13:24:04,182 [INFO] PluginManager:220 - loadIPPluginJar : add i2s
2025-11-10 13:24:04,186 [INFO] IPUIPlugin:80 - create IPUIPlugin
2025-11-10 13:24:04,186 [INFO] PluginManager:220 - loadIPPluginJar : add i3c
2025-11-10 13:24:04,192 [INFO] IPUIPlugin:80 - create IPUIPlugin
2025-11-10 13:24:04,192 [INFO] PluginManager:220 - loadIPPluginJar : add ipddr
2025-11-10 13:24:04,201 [INFO] IPUIPlugin:80 - create IPUIPlugin
2025-11-10 13:24:04,202 [INFO] PluginManager:220 - loadIPPluginJar : add linkedlist
2025-11-10 13:24:04,205 [INFO] IPUIPlugin:80 - create IPUIPlugin
2025-11-10 13:24:04,205 [INFO] PluginManager:220 - loadIPPluginJar : add lorawan
2025-11-10 13:24:04,206 [INFO] IPUIPlugin:80 - create IPUIPlugin
2025-11-10 13:24:04,207 [INFO] PluginManager:220 - loadIPPluginJar : add ltdc
2025-11-10 13:24:04,213 [INFO] IPUIPlugin:80 - create IPUIPlugin
2025-11-10 13:24:04,213 [INFO] PluginManager:220 - loadIPPluginJar : add mdma
2025-11-10 13:24:04,218 [INFO] IPUIPlugin:80 - create IPUIPlugin
2025-11-10 13:24:04,218 [INFO] PluginManager:220 - loadIPPluginJar : add nvic
2025-11-10 13:24:04,221 [INFO] IPUIPlugin:80 - create IPUIPlugin
2025-11-10 13:24:04,221 [INFO] PluginManager:220 - loadIPPluginJar : add opamp
2025-11-10 13:24:04,224 [INFO] IPUIPlugin:80 - create IPUIPlugin
2025-11-10 13:24:04,224 [INFO] PluginManager:220 - loadIPPluginJar : add openamp
2025-11-10 13:24:04,226 [INFO] IPUIPlugin:80 - create IPUIPlugin
2025-11-10 13:24:04,227 [INFO] PluginManager:220 - loadIPPluginJar : add pdm2pcm
2025-11-10 13:24:04,232 [INFO] IPUIPlugin:80 - create IPUIPlugin
2025-11-10 13:24:04,234 [INFO] PluginManager:220 - loadIPPluginJar : add plateformsettings
2025-11-10 13:24:04,236 [INFO] IPUIPlugin:80 - create IPUIPlugin
2025-11-10 13:24:04,236 [INFO] PluginManager:220 - loadIPPluginJar : add quadspi
2025-11-10 13:24:04,237 [INFO] IPUIPlugin:80 - create IPUIPlugin
2025-11-10 13:24:04,238 [INFO] PluginManager:220 - loadIPPluginJar : add radio
2025-11-10 13:24:04,241 [INFO] IPUIPlugin:80 - create IPUIPlugin
2025-11-10 13:24:04,241 [INFO] PluginManager:220 - loadIPPluginJar : add resmgrutility
2025-11-10 13:24:04,244 [INFO] IPUIPlugin:80 - create IPUIPlugin
2025-11-10 13:24:04,244 [INFO] PluginManager:220 - loadIPPluginJar : add sai
2025-11-10 13:24:04,246 [INFO] IPUIPlugin:80 - create IPUIPlugin
2025-11-10 13:24:04,246 [INFO] PluginManager:220 - loadIPPluginJar : add spi
2025-11-10 13:24:04,252 [INFO] IPUIPlugin:80 - create IPUIPlugin
2025-11-10 13:24:04,252 [INFO] PluginManager:220 - loadIPPluginJar : add stm32_wpan
2025-11-10 13:24:04,253 [INFO] IPUIPlugin:80 - create IPUIPlugin
2025-11-10 13:24:04,253 [INFO] PluginManager:220 - loadIPPluginJar : add tim
2025-11-10 13:24:04,256 [INFO] IPUIPlugin:80 - create IPUIPlugin
2025-11-10 13:24:04,256 [INFO] PluginManager:220 - loadIPPluginJar : add touchsensing
2025-11-10 13:24:04,257 [INFO] IPUIPlugin:80 - create IPUIPlugin
2025-11-10 13:24:04,257 [INFO] PluginManager:220 - loadIPPluginJar : add tracer_emb
2025-11-10 13:24:04,258 [INFO] IPUIPlugin:80 - create IPUIPlugin
2025-11-10 13:24:04,258 [INFO] PluginManager:220 - loadIPPluginJar : add ts
2025-11-10 13:24:04,260 [INFO] IPUIPlugin:80 - create IPUIPlugin
2025-11-10 13:24:04,260 [INFO] PluginManager:220 - loadIPPluginJar : add tsc
2025-11-10 13:24:04,261 [INFO] IPUIPlugin:80 - create IPUIPlugin
2025-11-10 13:24:04,261 [INFO] PluginManager:220 - loadIPPluginJar : add ucpd
2025-11-10 13:24:04,262 [INFO] IPUIPlugin:80 - create IPUIPlugin
2025-11-10 13:24:04,263 [INFO] PluginManager:220 - loadIPPluginJar : add usart
2025-11-10 13:24:04,265 [INFO] IPUIPlugin:80 - create IPUIPlugin
2025-11-10 13:24:04,265 [INFO] PluginManager:220 - loadIPPluginJar : add usbx
2025-11-10 13:24:04,384 [FATAL] Updater:351 - Updater called before beeing initialized
2025-11-10 13:24:04,408 [INFO] RulesReader:64 - Compatibility file has been processed (317 Rules)
2025-11-10 13:24:04,420 [INFO] RulesReader:64 - Compatibility file has been processed (317 Rules)
2025-11-10 13:24:04,438 [INFO] CADModel:165 - CPN selected for project level
2025-11-10 13:24:04,438 [INFO] CADModel:114 - Register for checkConnection events
2025-11-10 13:24:04,438 [FATAL] Updater:351 - Updater called before beeing initialized
2025-11-10 13:24:04,438 [ERROR] CADModel:125 - Updater not yet initialized, retry later 
2025-11-10 13:24:04,676 [FATAL] Updater:351 - Updater called before beeing initialized
2025-11-10 13:24:04,679 [INFO] CADModel:165 - CPN selected for project level
2025-11-10 13:24:04,679 [INFO] CADModel:114 - Register for checkConnection events
2025-11-10 13:24:04,679 [FATAL] Updater:351 - Updater called before beeing initialized
2025-11-10 13:24:04,679 [ERROR] CADModel:125 - Updater not yet initialized, retry later 
2025-11-10 13:24:04,683 [FATAL] Updater:351 - Updater called before beeing initialized
2025-11-10 13:24:04,801 [FATAL] Updater:351 - Updater called before beeing initialized
2025-11-10 13:24:04,809 [INFO] DbMcusAds:53 - JSON generation date=Thu Oct 02 17:36:05 CST 2025 (1759397765645)
2025-11-10 13:24:04,810 [FATAL] Updater:351 - Updater called before beeing initialized
2025-11-10 13:24:04,846 [WARN] DetailPanel:346 - Failed to get advertising image, set to default
2025-11-10 13:24:04,923 [FATAL] Updater:351 - Updater called before beeing initialized
2025-11-10 13:24:04,925 [FATAL] Updater:351 - Updater called before beeing initialized
2025-11-10 13:24:04,925 [FATAL] Updater:351 - Updater called before beeing initialized
2025-11-10 13:24:04,925 [WARN] DetailPanel:346 - Failed to get advertising image, set to default
2025-11-10 13:24:04,926 [FATAL] Updater:351 - Updater called before beeing initialized
2025-11-10 13:24:04,977 [ERROR] Updater:1198 - MainUpdater not yet initialized. External WinMGr cannot be set.
2025-11-10 13:24:04,979 [INFO] Updater:1134 - Updater Version found : 6.15.0
2025-11-10 13:24:04,998 [INFO] ApplicationProperties:184 - Using Application install path: C:\ST\STM32CubeIDE_1.19.0\STM32CubeIDE\plugins\com.st.stm32cube.common.mx_6.15.0.202507011659
2025-11-10 13:24:06,450 [INFO] ThirdPartyUpdaterWithRetryManager:70 - Updater plugin not ready yet. [2/15]
2025-11-10 13:24:06,574 [ERROR] LogOutputStream:75 - [STDERR_REDIRECT] Nov 10, 2025 1:24:06 PM java.util.prefs.WindowsPreferences <init>
2025-11-10 13:24:06,575 [ERROR] LogOutputStream:75 - [STDERR_REDIRECT] WARNING: Could not open/create prefs root node Software\JavaSoft\Prefs at root 0xffffffff80000002. Windows RegCreateKeyEx(...) returned error code 5.
2025-11-10 13:24:06,575 [ERROR] LogOutputStream:75 - [STDERR_REDIRECT] 
2025-11-10 13:24:06,861 [INFO] MainUpdater:2872 - connection check result : 10
2025-11-10 13:24:06,861 [INFO] MainUpdater:289 - Updater Check For Update Now.
2025-11-10 13:24:06,862 [INFO] MicroXplorer:498 - Change Database Version : DB.6.0.150
2025-11-10 13:24:06,869 [INFO] McuFinderGlobals:63 - Set McuFinder mode to 2 (CubeIDE integrated)
2025-11-10 13:24:06,870 [INFO] UserAuth:487 - Internet connection configuration mode: 1
2025-11-10 13:24:06,918 [INFO] JxBrowserEngine:152 - Initiate JxBrowser Engine with user profile folder
2025-11-10 13:24:07,038 [INFO] CheckServerUpdateThread:120 - End of CheckServer Thread
2025-11-10 13:24:07,942 [INFO] WebApp:169 - Instantiating new browser for Auth
2025-11-10 13:24:08,691 [INFO] WebApp:463 - Apply proxy settings
2025-11-10 13:24:08,691 [INFO] WebApp:548 - Chromium requires no authentication
2025-11-10 13:24:08,706 [INFO] WebApp:491 - Direct internet connection detected
2025-11-10 13:24:08,733 [INFO] WebApp:900 - Register for checkConnection events
2025-11-10 13:24:08,733 [INFO] WebApp:463 - Apply proxy settings
2025-11-10 13:24:08,733 [INFO] WebApp:548 - Chromium requires no authentication
2025-11-10 13:24:08,733 [INFO] WebApp:491 - Direct internet connection detected
2025-11-10 13:24:08,902 [INFO] WebApp:191 - Connection restablished
2025-11-10 13:24:08,937 [INFO] WebApp:225 - Starting web application
2025-11-10 13:24:08,937 [INFO] WebApp:593 - Web application path used C:\ST\STM32CubeIDE_1.19.0\STM32CubeIDE\plugins\com.st.stm32cube.common.mx_6.15.0.202507011659\db\plugins\mcufinder\reactClient1\index.html
2025-11-10 13:24:09,024 [INFO] UserAuth:487 - Internet connection configuration mode: 1
2025-11-10 13:24:09,658 [WARN] PackLoader:240 - Cannot read IP mode file for STMicroelectronics.FP-SNS-MOTENVWB1.1.4.0
2025-11-10 13:24:09,664 [WARN] PackLoader:240 - Cannot read IP mode file for STMicroelectronics.FP-ATR-ASTRA1.2.0.2
2025-11-10 13:24:09,672 [WARN] PackLoader:240 - Cannot read IP mode file for STMicroelectronics.X-CUBE-SMBUS.2.1.0
2025-11-10 13:24:09,694 [WARN] PackLoader:240 - Cannot read IP mode file for STMicroelectronics.X-CUBE-AZRTOS-F7.1.1.0
2025-11-10 13:24:09,699 [WARN] PackLoader:240 - Cannot read IP mode file for Cesanta.I-CUBE-Mongoose.7.19.0
2025-11-10 13:24:09,704 [WARN] PackLoader:240 - Cannot read IP mode file for STMicroelectronics.FP-SNS-MOTENV1.5.1.0
2025-11-10 13:24:09,715 [WARN] PackLoader:240 - Cannot read IP mode file for WES.I-CUBE-Cesium.1.4.0
2025-11-10 13:24:09,738 [WARN] PackLoader:240 - Cannot read IP mode file for Infineon.AIROC-Wi-Fi-Bluetooth-STM32.1.7.1
2025-11-10 13:24:09,756 [WARN] PackLoader:240 - Cannot read IP mode file for STMicroelectronics.X-CUBE-AZRTOS-H7.3.4.0
2025-11-10 13:24:09,763 [WARN] PackLoader:240 - Cannot read IP mode file for STMicroelectronics.X-CUBE-DISPLAY.3.0.0
2025-11-10 13:24:09,790 [WARN] PackLoader:240 - Cannot read IP mode file for STMicroelectronics.X-CUBE-NFC10.1.0.0
2025-11-10 13:24:09,799 [WARN] PackLoader:240 - Cannot read IP mode file for STMicroelectronics.X-CUBE-ST60.1.1.0
2025-11-10 13:24:09,807 [WARN] PackLoader:240 - Cannot read IP mode file for emotas.I-CUBE-CANOPEN.1.3.0
2025-11-10 13:24:09,843 [WARN] PackLoader:240 - Cannot read IP mode file for STMicroelectronics.X-CUBE-GNSS1.7.1.0
2025-11-10 13:24:09,852 [WARN] PackLoader:240 - Cannot read IP mode file for STMicroelectronics.FP-SNS-STBOX1.2.1.0
2025-11-10 13:24:09,860 [WARN] PackLoader:240 - Cannot read IP mode file for STMicroelectronics.FP-SNS-SMARTAG2.1.2.0
2025-11-10 13:24:09,866 [WARN] PackLoader:240 - Cannot read IP mode file for STMicroelectronics.FP-SNS-FLIGHT1.5.1.0
2025-11-10 13:24:09,876 [INFO] LogOutputStream:77 - [STDOUT_REDIRECT] 1 : Invalid condition id : UX_CORESTACK_Condition cause : null
2025-11-10 13:24:09,878 [INFO] LogOutputStream:77 - [STDOUT_REDIRECT] 1 : Invalid condition id : UX_CORESTACK_Condition cause : null
2025-11-10 13:24:09,880 [INFO] LogOutputStream:77 - [STDOUT_REDIRECT] 1 : Invalid condition id : UX_CORESTACK_Condition cause : null
2025-11-10 13:24:09,881 [INFO] LogOutputStream:77 - [STDOUT_REDIRECT] 1 : Invalid condition id : UX_CORESTACK_Condition cause : null
2025-11-10 13:24:09,883 [INFO] LogOutputStream:77 - [STDOUT_REDIRECT] 1 : Invalid condition id : UX_CORESTACK_Condition cause : null
2025-11-10 13:24:09,887 [WARN] PackLoader:240 - Cannot read IP mode file for STMicroelectronics.X-CUBE-AZRTOS-WL.2.0.0
2025-11-10 13:24:09,893 [WARN] PackLoader:240 - Cannot read IP mode file for STMicroelectronics.X-CUBE-BLE2.3.3.0
2025-11-10 13:24:09,919 [WARN] PackLoader:240 - Cannot read IP mode file for STMicroelectronics.X-CUBE-NFC9.1.0.0
2025-11-10 13:24:09,924 [WARN] PackLoader:240 - Cannot read IP mode file for wolfSSL.I-CUBE-wolfSSL.5.8.2
2025-11-10 13:24:09,928 [WARN] PackLoader:240 - Cannot read IP mode file for STMicroelectronics.X-CUBE-BLE1.7.1.0
2025-11-10 13:24:09,931 [WARN] PackLoader:240 - Cannot read IP mode file for wolfSSL.I-CUBE-wolfMQTT.1.19.2
2025-11-10 13:24:09,937 [WARN] PackLoader:240 - Cannot read IP mode file for STMicroelectronics.X-CUBE-EEPRMA1.5.2.0
2025-11-10 13:24:09,943 [WARN] PackLoader:240 - Cannot read IP mode file for STMicroelectronics.X-CUBE-ST67W61.1.1.0
2025-11-10 13:24:09,956 [WARN] PackLoader:240 - Cannot read IP mode file for STMicroelectronics.X-CUBE-AZRTOS-G0.1.1.0
2025-11-10 13:24:09,963 [WARN] PackLoader:240 - Cannot read IP mode file for STMicroelectronics.X-CUBE-SAFEA1.1.2.2
2025-11-10 13:24:09,968 [WARN] PackLoader:240 - Cannot read IP mode file for STMicroelectronics.X-CUBE-NFC4.3.0.0
2025-11-10 13:24:09,973 [WARN] PackLoader:240 - Cannot read IP mode file for STMicroelectronics.X-CUBE-WB05N.2.0.0
2025-11-10 13:24:09,978 [WARN] PackLoader:240 - Cannot read IP mode file for wolfSSL.I-CUBE-wolfTPM.3.8.0
2025-11-10 13:24:09,983 [WARN] PackLoader:240 - Cannot read IP mode file for STMicroelectronics.X-CUBE-TCPP.4.2.0
2025-11-10 13:24:09,991 [WARN] PackLoader:240 - Cannot read IP mode file for RealThread.X-CUBE-RT-Thread_Nano.4.1.1
2025-11-10 13:24:09,995 [WARN] PackLoader:240 - Cannot read IP mode file for STMicroelectronics.FP-ATR-SIGFOX1.3.2.0
2025-11-10 13:24:10,000 [WARN] PackLoader:240 - Cannot read IP mode file for ITTIA_DB.I-CUBE-ITTIADB.8.9.0
2025-11-10 13:24:10,007 [WARN] PackLoader:240 - Cannot read IP mode file for STMicroelectronics.X-CUBE-AI.10.2.0
2025-11-10 13:24:10,027 [WARN] PackLoader:240 - Cannot read IP mode file for SEGGER.I-CUBE-embOS.1.3.1
2025-11-10 13:24:10,049 [WARN] PackLoader:240 - Cannot read IP mode file for STMicroelectronics.X-CUBE-ALGOBUILD.1.4.0
2025-11-10 13:24:10,081 [WARN] PackLoader:240 - Cannot read IP mode file for STMicroelectronics.X-CUBE-MEMS1.11.3.0
2025-11-10 13:24:10,174 [WARN] PackLoader:240 - Cannot read IP mode file for STMicroelectronics.X-CUBE-PM33A1.1.0.0
2025-11-10 13:24:10,184 [WARN] PackLoader:240 - Cannot read IP mode file for STMicroelectronics.X-CUBE-AZRTOS-F4.1.1.0
2025-11-10 13:24:10,197 [WARN] PackLoader:240 - Cannot read IP mode file for STMicroelectronics.X-CUBE-ISPU.2.1.0
2025-11-10 13:24:10,209 [WARN] PackLoader:240 - Cannot read IP mode file for STMicroelectronics.X-CUBE-IPS.3.2.0
2025-11-10 13:24:10,217 [WARN] PackLoader:240 - Cannot read IP mode file for STMicroelectronics.X-CUBE-NFC12.1.0.0
2025-11-10 13:24:10,228 [WARN] PackLoader:240 - Cannot read IP mode file for STMicroelectronics.X-CUBE-AZRTOS-L5.2.0.0
2025-11-10 13:24:10,237 [WARN] PackLoader:240 - Cannot read IP mode file for STMicroelectronics.X-CUBE-NFC6.3.1.0
2025-11-10 13:24:10,243 [WARN] PackLoader:240 - Cannot read IP mode file for STMicroelectronics.X-CUBE-FREERTOS.1.3.1
2025-11-10 13:24:10,251 [WARN] PackLoader:240 - Cannot read IP mode file for STMicroelectronics.X-CUBE-TOUCHGFX.4.26.0
2025-11-10 13:24:10,256 [WARN] PackLoader:240 - Cannot read IP mode file for STMicroelectronics.FP-SNS-STAIOTCFT.1.0.0
2025-11-10 13:24:10,260 [WARN] PackLoader:240 - Cannot read IP mode file for STMicroelectronics.X-CUBE-DPower.1.3.0
2025-11-10 13:24:10,270 [WARN] ConditionMgr:438 - getConditionDescription Invalid condition id : LAN8742 Phy interface Condition cause : null
2025-11-10 13:24:10,271 [WARN] PackLoader:240 - Cannot read IP mode file for STMicroelectronics.X-CUBE-AZRTOS-L4.2.0.0
2025-11-10 13:24:10,272 [WARN] ConditionMgr:1044 - genDependencies : Invalid condition id : LAN8742 Phy interface Condition cause : null
2025-11-10 13:24:10,272 [WARN] ConditionMgr:1044 - genDependencies : Invalid condition id : LAN8742 Phy interface Condition cause : null
2025-11-10 13:24:10,272 [WARN] ConditionMgr:1044 - genDependencies : Invalid condition id : LAN8742 Phy interface Condition cause : null
2025-11-10 13:24:10,277 [WARN] PackLoader:240 - Cannot read IP mode file for STMicroelectronics.X-CUBE-SFXS2LP1.4.0.0
2025-11-10 13:24:10,283 [WARN] PackLoader:240 - Cannot read IP mode file for STMicroelectronics.X-CUBE-BLEMGR.4.1.0
2025-11-10 13:24:10,292 [WARN] ConditionMgr:438 - getConditionDescription Invalid condition id : UX DEVICE CLASS RTOS Condition cause : null
2025-11-10 13:24:10,293 [WARN] ConditionMgr:438 - getConditionDescription Invalid condition id : UX DEVICE CLASS RTOS Condition cause : null
2025-11-10 13:24:10,294 [WARN] PackLoader:240 - Cannot read IP mode file for STMicroelectronics.X-CUBE-AZRTOS-WB.2.0.0
2025-11-10 13:24:10,294 [WARN] ConditionMgr:1044 - genDependencies : Invalid condition id : UX DEVICE CLASS RTOS Condition cause : null
2025-11-10 13:24:10,294 [WARN] ConditionMgr:1044 - genDependencies : Invalid condition id : UX DEVICE CLASS RTOS Condition cause : null
2025-11-10 13:24:10,294 [WARN] ConditionMgr:1044 - genDependencies : Invalid condition id : UX DEVICE CLASS RTOS Condition cause : null
2025-11-10 13:24:10,294 [WARN] ConditionMgr:1044 - genDependencies : Invalid condition id : UX DEVICE CLASS RTOS Condition cause : null
2025-11-10 13:24:10,294 [WARN] ConditionMgr:1044 - genDependencies : Invalid condition id : UX DEVICE CLASS RTOS Condition cause : null
2025-11-10 13:24:10,297 [WARN] PackLoader:240 - Cannot read IP mode file for STMicroelectronics.X-CUBE-GNSS1.7.0.1
2025-11-10 13:24:10,303 [WARN] ConditionMgr:438 - getConditionDescription Invalid condition id : Cortex-A Device cause : null
2025-11-10 13:24:10,311 [WARN] ConditionMgr:1044 - genDependencies : Invalid condition id : Cortex-A Device cause : null
2025-11-10 13:24:10,311 [WARN] ConditionMgr:1044 - genDependencies : Invalid condition id : Cortex-A Device cause : null
2025-11-10 13:24:10,311 [WARN] ConditionMgr:1044 - genDependencies : Invalid condition id : Cortex-A Device cause : null
2025-11-10 13:24:10,317 [WARN] PackLoader:240 - Cannot read IP mode file for STMicroelectronics.X-CUBE-SUBG2.5.0.0
2025-11-10 13:24:10,328 [WARN] PackLoader:240 - Cannot read IP mode file for STMicroelectronics.X-CUBE-AZRTOS-H7RS.1.1.0
2025-11-10 13:24:10,338 [WARN] PackLoader:240 - Cannot read IP mode file for STMicroelectronics.X-CUBE-AZRTOS-G4.2.0.0
2025-11-10 13:24:10,342 [WARN] PackLoader:240 - Cannot read IP mode file for wolfSSL.I-CUBE-wolfSSH.1.4.20
2025-11-10 13:24:10,346 [WARN] PackLoader:240 - Cannot read IP mode file for STMicroelectronics.X-CUBE-NFC7.2.0.0
2025-11-10 13:24:10,352 [WARN] PackLoader:240 - Cannot read IP mode file for STMicroelectronics.X-CUBE-ALS.1.0.2
2025-11-10 13:24:10,358 [WARN] PackLoader:240 - Cannot read IP mode file for STMicroelectronics.X-CUBE-STSE01.1.0.0
2025-11-10 13:24:10,364 [WARN] PackLoader:240 - Cannot read IP mode file for STMicroelectronics.X-CUBE-TOF1.3.4.3
2025-11-10 13:24:10,372 [INFO] ThirdParty:978 - Integrity check success = true
2025-11-10 13:24:10,372 [INFO] IntegrityCheckThread:100 - exiting critical section [integrity check]
2025-11-10 13:24:10,372 [INFO] IntegrityCheckThread:103 - End integrity checks thread
2025-11-10 17:12:31,721 [ERROR] LogOutputStream:75 - [STDERR_REDIRECT] 
2025-11-10 17:12:31,728 [ERROR] LogOutputStream:75 - [STDERR_REDIRECT] 
