2025-11-13 08:46:18,494 [INFO] Activator:176 - 


2025-11-13 08:46:18,503 [INFO] Activator:177 - !SESSION log4j initialized
2025-11-13 08:46:25,706 [INFO] LogOutputStream:77 - [STDOUT_REDIRECT] 
2025-11-13 08:46:29,557 [INFO] ApplicationProperties:184 - Using Application install path: C:\ST\STM32CubeIDE_1.19.0\STM32CubeIDE\plugins\com.st.stm32cube.common.mx_6.15.0.202507011659
2025-11-13 08:46:29,591 [INFO] DbMcusXml:78 - Set database path to: C:\ST\STM32CubeIDE_1.19.0\STM32CubeIDE\plugins\com.st.stm32cube.common.mx_6.15.0.202507011659\\db\/mcu/
2025-11-13 08:46:29,591 [INFO] ApiDb:274 - Set plugin database path to: C:\ST\STM32CubeIDE_1.19.0\STM32CubeIDE\plugins\com.st.stm32cube.common.mx_6.15.0.202507011659\\db\/plugins/boardmanager/
2025-11-13 08:46:29,592 [WARN] ApiDb:259 - Overriding images path with different value:  => C:\ST\STM32CubeIDE_1.19.0\STM32CubeIDE\plugins\com.st.stm32cube.common.mx_6.15.0.202507011659\\db\/plugins/mcufinder/images/
2025-11-13 08:46:29,600 [INFO] ApiDb:250 - Set database path to: C:\Users\liushaw\.stmcufinder\plugins\mcufinder//mcu/
2025-11-13 08:46:29,602 [INFO] DbMcusAds:125 - Set database path to: C:\Users\liushaw\.stmcufinder\plugins\mcufinder//mcu/
2025-11-13 08:46:29,605 [INFO] CrossReferenceDbSqlite:203 - Set database path to: C:\Users\liushaw\.stmcufinder\plugins\mcufinder//mcu/cs/
2025-11-13 08:46:29,899 [INFO] RulesReader:64 - Compatibility file has been processed (317 Rules)
2025-11-13 08:46:30,168 [INFO] DbMcusXml:78 - Set database path to: C:\ST\STM32CubeIDE_1.19.0\STM32CubeIDE\plugins\com.st.stm32cube.common.mx_6.15.0.202507011659\\db\/mcu/
2025-11-13 08:46:30,168 [INFO] ApiDb:274 - Set plugin database path to: C:\ST\STM32CubeIDE_1.19.0\STM32CubeIDE\plugins\com.st.stm32cube.common.mx_6.15.0.202507011659\\db\/plugins/boardmanager/
2025-11-13 08:46:30,168 [INFO] ApiDb:261 - Set plugin images path to: C:\ST\STM32CubeIDE_1.19.0\STM32CubeIDE\plugins\com.st.stm32cube.common.mx_6.15.0.202507011659\\db\/plugins/mcufinder/images/
2025-11-13 08:46:30,168 [WARN] DbFile:41 - Overriding database path with different value: C:\Users\liushaw\.stmcufinder\plugins\mcufinder/ => C:\Users\liushaw\.stmcufinder\plugins\mcufinder
2025-11-13 08:46:30,169 [INFO] ApiDb:250 - Set database path to: C:\Users\liushaw\.stmcufinder\plugins\mcufinder//mcu/
2025-11-13 08:46:30,169 [WARN] DbFile:41 - Overriding database path with different value: C:\Users\liushaw\.stmcufinder\plugins\mcufinder/ => C:\Users\liushaw\.stmcufinder\plugins\mcufinder
2025-11-13 08:46:30,169 [INFO] DbMcusAds:125 - Set database path to: C:\Users\liushaw\.stmcufinder\plugins\mcufinder//mcu/
2025-11-13 08:46:30,169 [WARN] DbFile:41 - Overriding database path with different value: C:\Users\liushaw\.stmcufinder\plugins\mcufinder/ => C:\Users\liushaw\.stmcufinder\plugins\mcufinder
2025-11-13 08:46:30,169 [WARN] DbFile:41 - Overriding database path with different value: C:\Users\liushaw\.stmcufinder\plugins\mcufinder/ => C:\Users\liushaw\.stmcufinder\plugins\mcufinder
2025-11-13 08:46:30,169 [INFO] CrossReferenceDbSqlite:203 - Set database path to: C:\Users\liushaw\.stmcufinder\plugins\mcufinder//mcu/cs/
2025-11-13 08:46:31,993 [INFO] MainPanel:274 - HeapMemory: 268435456
2025-11-13 08:46:32,333 [INFO] DbMcusXml:78 - Set database path to: C:\ST\STM32CubeIDE_1.19.0\STM32CubeIDE\plugins\com.st.stm32cube.common.mx_6.15.0.202507011659\\db\/mcu/
2025-11-13 08:46:32,334 [INFO] ApiDb:274 - Set plugin database path to: C:\ST\STM32CubeIDE_1.19.0\STM32CubeIDE\plugins\com.st.stm32cube.common.mx_6.15.0.202507011659\\db\/plugins/boardmanager/
2025-11-13 08:46:32,334 [INFO] ApiDb:261 - Set plugin images path to: C:\ST\STM32CubeIDE_1.19.0\STM32CubeIDE\plugins\com.st.stm32cube.common.mx_6.15.0.202507011659\\db\/plugins/mcufinder/images/
2025-11-13 08:46:32,336 [WARN] DbFile:41 - Overriding database path with different value: C:\Users\liushaw\.stmcufinder\plugins\mcufinder/ => C:\Users\liushaw\.stmcufinder\plugins\mcufinder
2025-11-13 08:46:32,336 [INFO] ApiDb:250 - Set database path to: C:\Users\liushaw\.stmcufinder\plugins\mcufinder//mcu/
2025-11-13 08:46:32,336 [WARN] DbFile:41 - Overriding database path with different value: C:\Users\liushaw\.stmcufinder\plugins\mcufinder/ => C:\Users\liushaw\.stmcufinder\plugins\mcufinder
2025-11-13 08:46:32,336 [INFO] DbMcusAds:125 - Set database path to: C:\Users\liushaw\.stmcufinder\plugins\mcufinder//mcu/
2025-11-13 08:46:32,336 [WARN] DbFile:41 - Overriding database path with different value: C:\Users\liushaw\.stmcufinder\plugins\mcufinder/ => C:\Users\liushaw\.stmcufinder\plugins\mcufinder
2025-11-13 08:46:32,336 [WARN] DbFile:41 - Overriding database path with different value: C:\Users\liushaw\.stmcufinder\plugins\mcufinder/ => C:\Users\liushaw\.stmcufinder\plugins\mcufinder
2025-11-13 08:46:32,336 [INFO] CrossReferenceDbSqlite:203 - Set database path to: C:\Users\liushaw\.stmcufinder\plugins\mcufinder//mcu/cs/
2025-11-13 08:46:32,385 [INFO] ApplicationProperties:184 - Using Application install path: C:\ST\STM32CubeIDE_1.19.0\STM32CubeIDE\plugins\com.st.stm32cube.common.mx_6.15.0.202507011659
2025-11-13 08:46:32,389 [INFO] PluginManage:196 - Search for loadable plugins [exclusion list=, ]
2025-11-13 08:46:32,394 [INFO] PluginManage:310 - Check plugin analytics
2025-11-13 08:46:33,052 [INFO] AnalyticsPlugin:253 - Accepted Software Licenses: STM32CubeMX.6.15.0
2025-11-13 08:46:33,053 [INFO] AnalyticsPlugin:255 - Accepted CMSIS Pack Licenses: 
2025-11-13 08:46:33,053 [INFO] AnalyticsPlugin:257 - Accepted Firmware Licenses: FW.F4.1.28.0
2025-11-13 08:46:33,068 [INFO] PluginManage:359 - Loaded plugin analytics (category:tool,tabindex:-1)
2025-11-13 08:46:33,068 [INFO] PluginManage:310 - Check plugin cadmodel
2025-11-13 08:46:33,081 [INFO] CADModel:105 - Init CAD model plugin
2025-11-13 08:46:33,081 [INFO] PluginManage:359 - Loaded plugin cadmodel (category:power,tabindex:5)
2025-11-13 08:46:33,081 [INFO] PluginManage:310 - Check plugin clock
2025-11-13 08:46:33,108 [INFO] PluginManage:359 - Loaded plugin clock (category:base,tabindex:2)
2025-11-13 08:46:33,109 [INFO] PluginManage:310 - Check plugin ddr
2025-11-13 08:46:33,118 [INFO] PluginManage:359 - Loaded plugin ddr (category:tool,tabindex:6)
2025-11-13 08:46:33,118 [INFO] PluginManage:310 - Check plugin filemanager
2025-11-13 08:46:33,565 [INFO] PluginManage:359 - Loaded plugin filemanager (category:base,tabindex:10)
2025-11-13 08:46:33,565 [INFO] PluginManage:310 - Check plugin ipmanager
2025-11-13 08:46:33,587 [INFO] PluginManage:359 - Loaded plugin ipmanager (category:base,tabindex:5)
2025-11-13 08:46:33,588 [INFO] PluginManage:310 - Check plugin lpbam
2025-11-13 08:46:33,609 [INFO] PluginManage:359 - Loaded plugin lpbam (category:base,tabindex:0)
2025-11-13 08:46:33,609 [INFO] PluginManage:310 - Check plugin memorymap
2025-11-13 08:46:33,675 [INFO] PluginManage:359 - Loaded plugin memorymap (category:base,tabindex:4)
2025-11-13 08:46:33,675 [INFO] PluginManage:310 - Check plugin pinoutandconfiguration
2025-11-13 08:46:33,700 [INFO] PluginManage:359 - Loaded plugin pinoutandconfiguration (category:base,tabindex:1)
2025-11-13 08:46:33,700 [INFO] PluginManage:310 - Check plugin pinoutconfig
2025-11-13 08:46:33,946 [WARN] SupportedApi:132 - Cannot load RTOS API schema: s4s-elt-must-match.1: The content of 'definitions' must match (annotation?, (simpleType | complexType)?, (unique | key | keyref)*)). A problem was found starting at: attribute.
2025-11-13 08:46:34,499 [INFO] PluginManage:359 - Loaded plugin pinoutconfig (category:base,tabindex:0)
2025-11-13 08:46:34,499 [INFO] PluginManage:310 - Check plugin power
2025-11-13 08:46:34,532 [INFO] PluginManage:359 - Loaded plugin power (category:power,tabindex:4)
2025-11-13 08:46:34,533 [INFO] PluginManage:310 - Check plugin projectmanager
2025-11-13 08:46:34,565 [INFO] PluginManage:359 - Loaded plugin projectmanager (category:projectmanager,tabindex:4)
2025-11-13 08:46:34,565 [INFO] PluginManage:310 - Check plugin rif
2025-11-13 08:46:34,601 [INFO] PluginManage:359 - Loaded plugin rif (category:base,tabindex:3)
2025-11-13 08:46:34,601 [INFO] PluginManage:310 - Check plugin thirdparty
2025-11-13 08:46:35,032 [WARN] IntegrityCheckThread:84 - waiting for thirdparty lock release [integrity check]
2025-11-13 08:46:35,033 [INFO] IntegrityCheckThread:86 - entering critical section [integrity check]
2025-11-13 08:46:35,033 [INFO] ThirdPartyUpdaterWithRetryManager:70 - Updater plugin not ready yet. [1/15]
2025-11-13 08:46:35,034 [INFO] PluginManage:359 - Loaded plugin thirdparty (category:base,tabindex:-1)
2025-11-13 08:46:35,034 [INFO] PluginManage:310 - Check plugin tools
2025-11-13 08:46:35,043 [INFO] PluginManage:359 - Loaded plugin tools (category:base,tabindex:7)
2025-11-13 08:46:35,043 [INFO] PluginManage:310 - Check plugin tutovideos
2025-11-13 08:46:35,939 [INFO] PluginManage:359 - Loaded plugin tutovideos (category:base,tabindex:-1)
2025-11-13 08:46:35,940 [INFO] PluginManage:310 - Check plugin updater
2025-11-13 08:46:35,978 [INFO] PluginManage:359 - Loaded plugin updater (category:base,tabindex:12)
2025-11-13 08:46:35,978 [INFO] PluginManage:310 - Check plugin userauth
2025-11-13 08:46:35,990 [INFO] UserAuth:118 - Init User Auth plugin
2025-11-13 08:46:35,994 [INFO] PluginManage:359 - Loaded plugin userauth (category:base,tabindex:14)
2025-11-13 08:46:35,996 [INFO] PluginManage:283 - PluginManage : Loaded plugins [18]
2025-11-13 08:46:36,615 [INFO] PinOutPanel:1589 - setPackage(No Configuration,No Configuration)
2025-11-13 08:46:36,775 [INFO] CADModel:165 - CPN selected for project level
2025-11-13 08:46:36,776 [INFO] CADModel:114 - Register for checkConnection events
2025-11-13 08:46:36,804 [INFO] IPUIPlugin:80 - create IPUIPlugin
2025-11-13 08:46:36,804 [INFO] PluginManager:220 - loadIPPluginJar : add adc
2025-11-13 08:46:36,809 [INFO] IPUIPlugin:80 - create IPUIPlugin
2025-11-13 08:46:36,809 [INFO] PluginManager:220 - loadIPPluginJar : add aes
2025-11-13 08:46:36,814 [INFO] IPUIPlugin:80 - create IPUIPlugin
2025-11-13 08:46:36,814 [INFO] PluginManager:220 - loadIPPluginJar : add can
2025-11-13 08:46:36,818 [INFO] IPUIPlugin:80 - create IPUIPlugin
2025-11-13 08:46:36,818 [INFO] PluginManager:220 - loadIPPluginJar : add comp
2025-11-13 08:46:36,823 [INFO] IPUIPlugin:80 - create IPUIPlugin
2025-11-13 08:46:36,824 [INFO] PluginManager:220 - loadIPPluginJar : add cryp
2025-11-13 08:46:36,832 [INFO] IPUIPlugin:80 - create IPUIPlugin
2025-11-13 08:46:36,833 [INFO] PluginManager:220 - loadIPPluginJar : add ddr_ctrl_phy
2025-11-13 08:46:36,838 [INFO] IPUIPlugin:80 - create IPUIPlugin
2025-11-13 08:46:36,838 [INFO] PluginManager:220 - loadIPPluginJar : add dfsdm
2025-11-13 08:46:36,850 [INFO] IPUIPlugin:80 - create IPUIPlugin
2025-11-13 08:46:36,852 [INFO] PluginManager:220 - loadIPPluginJar : add dma
2025-11-13 08:46:36,860 [INFO] IPUIPlugin:80 - create IPUIPlugin
2025-11-13 08:46:36,861 [INFO] PluginManager:220 - loadIPPluginJar : add dma3
2025-11-13 08:46:36,867 [INFO] IPUIPlugin:80 - create IPUIPlugin
2025-11-13 08:46:36,867 [INFO] PluginManager:220 - loadIPPluginJar : add extmemmanager
2025-11-13 08:46:36,872 [INFO] IPUIPlugin:80 - create IPUIPlugin
2025-11-13 08:46:36,872 [INFO] PluginManager:220 - loadIPPluginJar : add fatfs
2025-11-13 08:46:36,881 [INFO] IPUIPlugin:80 - create IPUIPlugin
2025-11-13 08:46:36,881 [INFO] PluginManager:220 - loadIPPluginJar : add fmc
2025-11-13 08:46:36,905 [INFO] IPUIPlugin:80 - create IPUIPlugin
2025-11-13 08:46:36,905 [INFO] PluginManager:220 - loadIPPluginJar : add freertos
2025-11-13 08:46:36,909 [INFO] IPUIPlugin:80 - create IPUIPlugin
2025-11-13 08:46:36,909 [INFO] PluginManager:220 - loadIPPluginJar : add genericplugin
2025-11-13 08:46:36,914 [INFO] IPUIPlugin:80 - create IPUIPlugin
2025-11-13 08:46:36,914 [INFO] PluginManager:220 - loadIPPluginJar : add gfxmmu
2025-11-13 08:46:36,922 [INFO] IPUIPlugin:80 - create IPUIPlugin
2025-11-13 08:46:36,922 [INFO] PluginManager:220 - loadIPPluginJar : add gic
2025-11-13 08:46:36,931 [INFO] IPUIPlugin:80 - create IPUIPlugin
2025-11-13 08:46:36,931 [INFO] PluginManager:220 - loadIPPluginJar : add gpio
2025-11-13 08:46:36,936 [INFO] IPUIPlugin:80 - create IPUIPlugin
2025-11-13 08:46:36,936 [INFO] PluginManager:220 - loadIPPluginJar : add gtzc
2025-11-13 08:46:36,942 [INFO] IPUIPlugin:80 - create IPUIPlugin
2025-11-13 08:46:36,942 [INFO] PluginManager:220 - loadIPPluginJar : add hash
2025-11-13 08:46:36,948 [INFO] IPUIPlugin:80 - create IPUIPlugin
2025-11-13 08:46:36,948 [INFO] PluginManager:220 - loadIPPluginJar : add i2c
2025-11-13 08:46:36,953 [INFO] IPUIPlugin:80 - create IPUIPlugin
2025-11-13 08:46:36,954 [INFO] PluginManager:220 - loadIPPluginJar : add i2s
2025-11-13 08:46:36,959 [INFO] IPUIPlugin:80 - create IPUIPlugin
2025-11-13 08:46:36,960 [INFO] PluginManager:220 - loadIPPluginJar : add i3c
2025-11-13 08:46:36,969 [INFO] IPUIPlugin:80 - create IPUIPlugin
2025-11-13 08:46:36,969 [INFO] PluginManager:220 - loadIPPluginJar : add ipddr
2025-11-13 08:46:36,979 [INFO] IPUIPlugin:80 - create IPUIPlugin
2025-11-13 08:46:36,980 [INFO] PluginManager:220 - loadIPPluginJar : add linkedlist
2025-11-13 08:46:36,986 [INFO] IPUIPlugin:80 - create IPUIPlugin
2025-11-13 08:46:36,986 [INFO] PluginManager:220 - loadIPPluginJar : add lorawan
2025-11-13 08:46:36,989 [INFO] IPUIPlugin:80 - create IPUIPlugin
2025-11-13 08:46:36,990 [INFO] PluginManager:220 - loadIPPluginJar : add ltdc
2025-11-13 08:46:36,999 [INFO] IPUIPlugin:80 - create IPUIPlugin
2025-11-13 08:46:36,999 [INFO] PluginManager:220 - loadIPPluginJar : add mdma
2025-11-13 08:46:37,006 [INFO] IPUIPlugin:80 - create IPUIPlugin
2025-11-13 08:46:37,007 [INFO] PluginManager:220 - loadIPPluginJar : add nvic
2025-11-13 08:46:37,013 [INFO] IPUIPlugin:80 - create IPUIPlugin
2025-11-13 08:46:37,014 [INFO] PluginManager:220 - loadIPPluginJar : add opamp
2025-11-13 08:46:37,020 [INFO] IPUIPlugin:80 - create IPUIPlugin
2025-11-13 08:46:37,021 [INFO] PluginManager:220 - loadIPPluginJar : add openamp
2025-11-13 08:46:37,029 [INFO] IPUIPlugin:80 - create IPUIPlugin
2025-11-13 08:46:37,029 [INFO] PluginManager:220 - loadIPPluginJar : add pdm2pcm
2025-11-13 08:46:37,041 [INFO] IPUIPlugin:80 - create IPUIPlugin
2025-11-13 08:46:37,048 [INFO] PluginManager:220 - loadIPPluginJar : add plateformsettings
2025-11-13 08:46:37,053 [INFO] IPUIPlugin:80 - create IPUIPlugin
2025-11-13 08:46:37,053 [INFO] PluginManager:220 - loadIPPluginJar : add quadspi
2025-11-13 08:46:37,059 [INFO] IPUIPlugin:80 - create IPUIPlugin
2025-11-13 08:46:37,062 [INFO] PluginManager:220 - loadIPPluginJar : add radio
2025-11-13 08:46:37,070 [INFO] IPUIPlugin:80 - create IPUIPlugin
2025-11-13 08:46:37,071 [INFO] PluginManager:220 - loadIPPluginJar : add resmgrutility
2025-11-13 08:46:37,089 [INFO] IPUIPlugin:80 - create IPUIPlugin
2025-11-13 08:46:37,090 [INFO] PluginManager:220 - loadIPPluginJar : add sai
2025-11-13 08:46:37,097 [INFO] IPUIPlugin:80 - create IPUIPlugin
2025-11-13 08:46:37,098 [INFO] PluginManager:220 - loadIPPluginJar : add spi
2025-11-13 08:46:37,112 [INFO] IPUIPlugin:80 - create IPUIPlugin
2025-11-13 08:46:37,112 [INFO] PluginManager:220 - loadIPPluginJar : add stm32_wpan
2025-11-13 08:46:37,117 [INFO] IPUIPlugin:80 - create IPUIPlugin
2025-11-13 08:46:37,117 [INFO] PluginManager:220 - loadIPPluginJar : add tim
2025-11-13 08:46:37,125 [INFO] IPUIPlugin:80 - create IPUIPlugin
2025-11-13 08:46:37,125 [INFO] PluginManager:220 - loadIPPluginJar : add touchsensing
2025-11-13 08:46:37,131 [INFO] IPUIPlugin:80 - create IPUIPlugin
2025-11-13 08:46:37,131 [INFO] PluginManager:220 - loadIPPluginJar : add tracer_emb
2025-11-13 08:46:37,137 [INFO] IPUIPlugin:80 - create IPUIPlugin
2025-11-13 08:46:37,137 [INFO] PluginManager:220 - loadIPPluginJar : add ts
2025-11-13 08:46:37,142 [INFO] IPUIPlugin:80 - create IPUIPlugin
2025-11-13 08:46:37,142 [INFO] PluginManager:220 - loadIPPluginJar : add tsc
2025-11-13 08:46:37,148 [INFO] IPUIPlugin:80 - create IPUIPlugin
2025-11-13 08:46:37,149 [INFO] PluginManager:220 - loadIPPluginJar : add ucpd
2025-11-13 08:46:37,155 [INFO] IPUIPlugin:80 - create IPUIPlugin
2025-11-13 08:46:37,155 [INFO] PluginManager:220 - loadIPPluginJar : add usart
2025-11-13 08:46:37,162 [INFO] IPUIPlugin:80 - create IPUIPlugin
2025-11-13 08:46:37,163 [INFO] PluginManager:220 - loadIPPluginJar : add usbx
2025-11-13 08:46:37,339 [FATAL] Updater:351 - Updater called before beeing initialized
2025-11-13 08:46:37,368 [INFO] RulesReader:64 - Compatibility file has been processed (317 Rules)
2025-11-13 08:46:37,377 [INFO] RulesReader:64 - Compatibility file has been processed (317 Rules)
2025-11-13 08:46:37,392 [INFO] CADModel:165 - CPN selected for project level
2025-11-13 08:46:37,392 [INFO] CADModel:114 - Register for checkConnection events
2025-11-13 08:46:37,393 [FATAL] Updater:351 - Updater called before beeing initialized
2025-11-13 08:46:37,393 [ERROR] CADModel:125 - Updater not yet initialized, retry later 
2025-11-13 08:46:37,620 [FATAL] Updater:351 - Updater called before beeing initialized
2025-11-13 08:46:37,622 [INFO] CADModel:165 - CPN selected for project level
2025-11-13 08:46:37,623 [INFO] CADModel:114 - Register for checkConnection events
2025-11-13 08:46:37,623 [FATAL] Updater:351 - Updater called before beeing initialized
2025-11-13 08:46:37,623 [ERROR] CADModel:125 - Updater not yet initialized, retry later 
2025-11-13 08:46:37,627 [FATAL] Updater:351 - Updater called before beeing initialized
2025-11-13 08:46:37,788 [FATAL] Updater:351 - Updater called before beeing initialized
2025-11-13 08:46:37,793 [INFO] DbMcusAds:53 - JSON generation date=Mon Nov 10 18:43:01 CST 2025 (1762771381096)
2025-11-13 08:46:37,794 [FATAL] Updater:351 - Updater called before beeing initialized
2025-11-13 08:46:37,842 [WARN] DetailPanel:346 - Failed to get advertising image, set to default
2025-11-13 08:46:37,940 [FATAL] Updater:351 - Updater called before beeing initialized
2025-11-13 08:46:37,942 [FATAL] Updater:351 - Updater called before beeing initialized
2025-11-13 08:46:37,942 [FATAL] Updater:351 - Updater called before beeing initialized
2025-11-13 08:46:37,942 [WARN] DetailPanel:346 - Failed to get advertising image, set to default
2025-11-13 08:46:37,943 [FATAL] Updater:351 - Updater called before beeing initialized
2025-11-13 08:46:37,997 [ERROR] Updater:1198 - MainUpdater not yet initialized. External WinMGr cannot be set.
2025-11-13 08:46:38,000 [INFO] Updater:1134 - Updater Version found : 6.15.0
2025-11-13 08:46:38,018 [INFO] ApplicationProperties:184 - Using Application install path: C:\ST\STM32CubeIDE_1.19.0\STM32CubeIDE\plugins\com.st.stm32cube.common.mx_6.15.0.202507011659
2025-11-13 08:46:38,035 [INFO] ThirdPartyUpdaterWithRetryManager:70 - Updater plugin not ready yet. [2/15]
2025-11-13 08:46:39,592 [ERROR] LogOutputStream:75 - [STDERR_REDIRECT] Nov 13, 2025 8:46:39 AM java.util.prefs.WindowsPreferences <init>
2025-11-13 08:46:39,593 [ERROR] LogOutputStream:75 - [STDERR_REDIRECT] WARNING: Could not open/create prefs root node Software\JavaSoft\Prefs at root 0xffffffff80000002. Windows RegCreateKeyEx(...) returned error code 5.
2025-11-13 08:46:39,593 [ERROR] LogOutputStream:75 - [STDERR_REDIRECT] 
2025-11-13 08:46:39,900 [INFO] MainUpdater:2872 - connection check result : 10
2025-11-13 08:46:39,901 [INFO] MainUpdater:289 - Updater Check For Update Now.
2025-11-13 08:46:39,901 [INFO] MicroXplorer:498 - Change Database Version : DB.6.0.150
2025-11-13 08:46:39,916 [INFO] McuFinderGlobals:63 - Set McuFinder mode to 2 (CubeIDE integrated)
2025-11-13 08:46:39,917 [INFO] UserAuth:487 - Internet connection configuration mode: 1
2025-11-13 08:46:39,969 [INFO] JxBrowserEngine:152 - Initiate JxBrowser Engine with user profile folder
2025-11-13 08:46:40,085 [INFO] CheckServerUpdateThread:120 - End of CheckServer Thread
2025-11-13 08:46:41,030 [INFO] WebApp:169 - Instantiating new browser for Auth
2025-11-13 08:46:41,309 [WARN] PackLoader:240 - Cannot read IP mode file for STMicroelectronics.FP-SNS-MOTENVWB1.1.4.0
2025-11-13 08:46:41,321 [WARN] PackLoader:240 - Cannot read IP mode file for STMicroelectronics.FP-ATR-ASTRA1.2.0.2
2025-11-13 08:46:41,332 [WARN] PackLoader:240 - Cannot read IP mode file for STMicroelectronics.X-CUBE-SMBUS.2.1.0
2025-11-13 08:46:41,362 [WARN] PackLoader:240 - Cannot read IP mode file for STMicroelectronics.X-CUBE-AZRTOS-F7.1.1.0
2025-11-13 08:46:41,371 [WARN] PackLoader:240 - Cannot read IP mode file for Cesanta.I-CUBE-Mongoose.7.19.0
2025-11-13 08:46:41,377 [WARN] PackLoader:240 - Cannot read IP mode file for STMicroelectronics.FP-SNS-MOTENV1.5.1.0
2025-11-13 08:46:41,398 [WARN] PackLoader:240 - Cannot read IP mode file for WES.I-CUBE-Cesium.1.4.0
2025-11-13 08:46:41,420 [WARN] PackLoader:240 - Cannot read IP mode file for Infineon.AIROC-Wi-Fi-Bluetooth-STM32.1.7.1
2025-11-13 08:46:41,447 [WARN] PackLoader:240 - Cannot read IP mode file for STMicroelectronics.X-CUBE-AZRTOS-H7.3.4.0
2025-11-13 08:46:41,460 [WARN] PackLoader:240 - Cannot read IP mode file for STMicroelectronics.X-CUBE-DISPLAY.3.0.0
2025-11-13 08:46:41,477 [WARN] PackLoader:240 - Cannot read IP mode file for STMicroelectronics.X-CUBE-NFC10.1.0.0
2025-11-13 08:46:41,482 [WARN] PackLoader:240 - Cannot read IP mode file for STMicroelectronics.X-CUBE-ST60.1.1.0
2025-11-13 08:46:41,486 [WARN] PackLoader:240 - Cannot read IP mode file for emotas.I-CUBE-CANOPEN.1.3.0
2025-11-13 08:46:41,523 [WARN] PackLoader:240 - Cannot read IP mode file for STMicroelectronics.X-CUBE-GNSS1.7.1.0
2025-11-13 08:46:41,529 [WARN] PackLoader:240 - Cannot read IP mode file for STMicroelectronics.FP-SNS-STBOX1.2.1.0
2025-11-13 08:46:41,534 [WARN] PackLoader:240 - Cannot read IP mode file for STMicroelectronics.FP-SNS-SMARTAG2.1.2.0
2025-11-13 08:46:41,537 [WARN] PackLoader:240 - Cannot read IP mode file for STMicroelectronics.FP-SNS-FLIGHT1.5.1.0
2025-11-13 08:46:41,543 [INFO] LogOutputStream:77 - [STDOUT_REDIRECT] 1 : Invalid condition id : UX_CORESTACK_Condition cause : null
2025-11-13 08:46:41,545 [INFO] LogOutputStream:77 - [STDOUT_REDIRECT] 1 : Invalid condition id : UX_CORESTACK_Condition cause : null
2025-11-13 08:46:41,547 [INFO] LogOutputStream:77 - [STDOUT_REDIRECT] 1 : Invalid condition id : UX_CORESTACK_Condition cause : null
2025-11-13 08:46:41,548 [INFO] LogOutputStream:77 - [STDOUT_REDIRECT] 1 : Invalid condition id : UX_CORESTACK_Condition cause : null
2025-11-13 08:46:41,549 [INFO] LogOutputStream:77 - [STDOUT_REDIRECT] 1 : Invalid condition id : UX_CORESTACK_Condition cause : null
2025-11-13 08:46:41,551 [WARN] PackLoader:240 - Cannot read IP mode file for STMicroelectronics.X-CUBE-AZRTOS-WL.2.0.0
2025-11-13 08:46:41,557 [WARN] PackLoader:240 - Cannot read IP mode file for STMicroelectronics.X-CUBE-BLE2.3.3.0
2025-11-13 08:46:41,589 [WARN] PackLoader:240 - Cannot read IP mode file for STMicroelectronics.X-CUBE-NFC9.1.0.0
2025-11-13 08:46:41,593 [WARN] PackLoader:240 - Cannot read IP mode file for wolfSSL.I-CUBE-wolfSSL.5.8.2
2025-11-13 08:46:41,599 [WARN] PackLoader:240 - Cannot read IP mode file for STMicroelectronics.X-CUBE-BLE1.7.1.0
2025-11-13 08:46:41,602 [WARN] PackLoader:240 - Cannot read IP mode file for wolfSSL.I-CUBE-wolfMQTT.1.19.2
2025-11-13 08:46:41,606 [WARN] PackLoader:240 - Cannot read IP mode file for STMicroelectronics.X-CUBE-EEPRMA1.5.2.0
2025-11-13 08:46:41,612 [WARN] PackLoader:240 - Cannot read IP mode file for STMicroelectronics.X-CUBE-ST67W61.1.1.0
2025-11-13 08:46:41,624 [WARN] PackLoader:240 - Cannot read IP mode file for STMicroelectronics.X-CUBE-AZRTOS-G0.1.1.0
2025-11-13 08:46:41,630 [WARN] PackLoader:240 - Cannot read IP mode file for STMicroelectronics.X-CUBE-SAFEA1.1.2.2
2025-11-13 08:46:41,634 [WARN] PackLoader:240 - Cannot read IP mode file for STMicroelectronics.X-CUBE-NFC4.3.0.0
2025-11-13 08:46:41,637 [WARN] PackLoader:240 - Cannot read IP mode file for STMicroelectronics.X-CUBE-WB05N.2.0.0
2025-11-13 08:46:41,640 [WARN] PackLoader:240 - Cannot read IP mode file for wolfSSL.I-CUBE-wolfTPM.3.8.0
2025-11-13 08:46:41,643 [WARN] PackLoader:240 - Cannot read IP mode file for STMicroelectronics.X-CUBE-TCPP.4.2.0
2025-11-13 08:46:41,648 [WARN] PackLoader:240 - Cannot read IP mode file for RealThread.X-CUBE-RT-Thread_Nano.4.1.1
2025-11-13 08:46:41,651 [WARN] PackLoader:240 - Cannot read IP mode file for STMicroelectronics.FP-ATR-SIGFOX1.3.2.0
2025-11-13 08:46:41,655 [WARN] PackLoader:240 - Cannot read IP mode file for ITTIA_DB.I-CUBE-ITTIADB.8.9.0
2025-11-13 08:46:41,658 [WARN] PackLoader:240 - Cannot read IP mode file for STMicroelectronics.X-CUBE-AI.10.2.0
2025-11-13 08:46:41,691 [WARN] PackLoader:240 - Cannot read IP mode file for SEGGER.I-CUBE-embOS.1.3.1
2025-11-13 08:46:41,747 [WARN] PackLoader:240 - Cannot read IP mode file for STMicroelectronics.X-CUBE-ALGOBUILD.1.4.0
2025-11-13 08:46:41,808 [WARN] PackLoader:240 - Cannot read IP mode file for STMicroelectronics.X-CUBE-MEMS1.11.3.0
2025-11-13 08:46:41,933 [WARN] PackLoader:240 - Cannot read IP mode file for STMicroelectronics.X-CUBE-PM33A1.1.0.0
2025-11-13 08:46:41,949 [WARN] PackLoader:240 - Cannot read IP mode file for STMicroelectronics.X-CUBE-AZRTOS-F4.1.1.0
2025-11-13 08:46:41,955 [WARN] PackLoader:240 - Cannot read IP mode file for STMicroelectronics.X-CUBE-ISPU.2.1.0
2025-11-13 08:46:41,966 [WARN] PackLoader:240 - Cannot read IP mode file for STMicroelectronics.X-CUBE-IPS.3.2.0
2025-11-13 08:46:41,975 [WARN] PackLoader:240 - Cannot read IP mode file for STMicroelectronics.X-CUBE-NFC12.1.0.0
2025-11-13 08:46:41,986 [WARN] PackLoader:240 - Cannot read IP mode file for STMicroelectronics.X-CUBE-AZRTOS-L5.2.0.0
2025-11-13 08:46:41,993 [WARN] PackLoader:240 - Cannot read IP mode file for STMicroelectronics.X-CUBE-NFC6.3.1.0
2025-11-13 08:46:41,999 [WARN] PackLoader:240 - Cannot read IP mode file for STMicroelectronics.X-CUBE-FREERTOS.1.3.1
2025-11-13 08:46:42,006 [WARN] PackLoader:240 - Cannot read IP mode file for STMicroelectronics.X-CUBE-TOUCHGFX.4.26.0
2025-11-13 08:46:42,013 [WARN] PackLoader:240 - Cannot read IP mode file for STMicroelectronics.FP-SNS-STAIOTCFT.1.0.0
2025-11-13 08:46:42,017 [WARN] PackLoader:240 - Cannot read IP mode file for STMicroelectronics.X-CUBE-DPower.1.3.0
2025-11-13 08:46:42,028 [WARN] ConditionMgr:438 - getConditionDescription Invalid condition id : LAN8742 Phy interface Condition cause : null
2025-11-13 08:46:42,029 [WARN] PackLoader:240 - Cannot read IP mode file for STMicroelectronics.X-CUBE-AZRTOS-L4.2.0.0
2025-11-13 08:46:42,030 [WARN] ConditionMgr:1044 - genDependencies : Invalid condition id : LAN8742 Phy interface Condition cause : null
2025-11-13 08:46:42,030 [WARN] ConditionMgr:1044 - genDependencies : Invalid condition id : LAN8742 Phy interface Condition cause : null
2025-11-13 08:46:42,030 [WARN] ConditionMgr:1044 - genDependencies : Invalid condition id : LAN8742 Phy interface Condition cause : null
2025-11-13 08:46:42,035 [WARN] PackLoader:240 - Cannot read IP mode file for STMicroelectronics.X-CUBE-SFXS2LP1.4.0.0
2025-11-13 08:46:42,042 [WARN] PackLoader:240 - Cannot read IP mode file for STMicroelectronics.X-CUBE-BLEMGR.4.1.0
2025-11-13 08:46:42,053 [WARN] ConditionMgr:438 - getConditionDescription Invalid condition id : UX DEVICE CLASS RTOS Condition cause : null
2025-11-13 08:46:42,053 [WARN] ConditionMgr:438 - getConditionDescription Invalid condition id : UX DEVICE CLASS RTOS Condition cause : null
2025-11-13 08:46:42,054 [WARN] PackLoader:240 - Cannot read IP mode file for STMicroelectronics.X-CUBE-AZRTOS-WB.2.0.0
2025-11-13 08:46:42,054 [WARN] ConditionMgr:1044 - genDependencies : Invalid condition id : UX DEVICE CLASS RTOS Condition cause : null
2025-11-13 08:46:42,054 [WARN] ConditionMgr:1044 - genDependencies : Invalid condition id : UX DEVICE CLASS RTOS Condition cause : null
2025-11-13 08:46:42,055 [WARN] ConditionMgr:1044 - genDependencies : Invalid condition id : UX DEVICE CLASS RTOS Condition cause : null
2025-11-13 08:46:42,055 [WARN] ConditionMgr:1044 - genDependencies : Invalid condition id : UX DEVICE CLASS RTOS Condition cause : null
2025-11-13 08:46:42,055 [WARN] ConditionMgr:1044 - genDependencies : Invalid condition id : UX DEVICE CLASS RTOS Condition cause : null
2025-11-13 08:46:42,060 [WARN] PackLoader:240 - Cannot read IP mode file for STMicroelectronics.X-CUBE-GNSS1.7.0.1
2025-11-13 08:46:42,064 [WARN] ConditionMgr:438 - getConditionDescription Invalid condition id : Cortex-A Device cause : null
2025-11-13 08:46:42,074 [WARN] ConditionMgr:1044 - genDependencies : Invalid condition id : Cortex-A Device cause : null
2025-11-13 08:46:42,074 [WARN] ConditionMgr:1044 - genDependencies : Invalid condition id : Cortex-A Device cause : null
2025-11-13 08:46:42,074 [WARN] ConditionMgr:1044 - genDependencies : Invalid condition id : Cortex-A Device cause : null
2025-11-13 08:46:42,080 [WARN] PackLoader:240 - Cannot read IP mode file for STMicroelectronics.X-CUBE-SUBG2.5.0.0
2025-11-13 08:46:42,091 [WARN] PackLoader:240 - Cannot read IP mode file for STMicroelectronics.X-CUBE-AZRTOS-H7RS.1.1.0
2025-11-13 08:46:42,113 [WARN] PackLoader:240 - Cannot read IP mode file for STMicroelectronics.X-CUBE-AZRTOS-G4.2.0.0
2025-11-13 08:46:42,118 [WARN] PackLoader:240 - Cannot read IP mode file for wolfSSL.I-CUBE-wolfSSH.1.4.20
2025-11-13 08:46:42,124 [WARN] PackLoader:240 - Cannot read IP mode file for STMicroelectronics.X-CUBE-NFC7.2.0.0
2025-11-13 08:46:42,128 [WARN] PackLoader:240 - Cannot read IP mode file for STMicroelectronics.X-CUBE-ALS.1.0.2
2025-11-13 08:46:42,135 [WARN] PackLoader:240 - Cannot read IP mode file for STMicroelectronics.X-CUBE-STSE01.1.0.0
2025-11-13 08:46:42,142 [WARN] PackLoader:240 - Cannot read IP mode file for STMicroelectronics.X-CUBE-TOF1.3.4.3
2025-11-13 08:46:42,150 [INFO] ThirdParty:978 - Integrity check success = true
2025-11-13 08:46:42,150 [INFO] IntegrityCheckThread:100 - exiting critical section [integrity check]
2025-11-13 08:46:42,150 [INFO] IntegrityCheckThread:103 - End integrity checks thread
2025-11-13 08:46:42,930 [INFO] WebApp:463 - Apply proxy settings
2025-11-13 08:46:42,930 [INFO] WebApp:548 - Chromium requires no authentication
2025-11-13 08:46:42,941 [INFO] WebApp:491 - Direct internet connection detected
2025-11-13 08:46:42,974 [INFO] WebApp:900 - Register for checkConnection events
2025-11-13 08:46:42,974 [INFO] WebApp:463 - Apply proxy settings
2025-11-13 08:46:42,974 [INFO] WebApp:548 - Chromium requires no authentication
2025-11-13 08:46:42,975 [INFO] WebApp:491 - Direct internet connection detected
2025-11-13 08:46:43,204 [INFO] WebApp:225 - Starting web application
2025-11-13 08:46:43,204 [INFO] WebApp:593 - Web application path used C:\ST\STM32CubeIDE_1.19.0\STM32CubeIDE\plugins\com.st.stm32cube.common.mx_6.15.0.202507011659\db\plugins\mcufinder\reactClient1\index.html
2025-11-13 08:46:43,243 [INFO] WebApp:191 - Connection restablished
2025-11-13 08:46:43,320 [INFO] UserAuth:487 - Internet connection configuration mode: 1
2025-11-13 08:47:05,839 [INFO] WebApp:194 - Connection lost
2025-11-13 08:47:05,982 [INFO] WebApp:191 - Connection restablished
2025-11-13 09:22:35,877 [INFO] WebApp:194 - Connection lost
2025-11-13 09:22:36,029 [INFO] WebApp:191 - Connection restablished
2025-11-13 09:24:37,348 [INFO] WebApp:194 - Connection lost
2025-11-13 09:24:37,497 [INFO] WebApp:191 - Connection restablished
2025-11-13 09:31:03,393 [INFO] WebApp:194 - Connection lost
2025-11-13 09:31:03,549 [INFO] WebApp:191 - Connection restablished
2025-11-13 09:33:40,906 [INFO] WebApp:194 - Connection lost
2025-11-13 09:33:41,059 [INFO] WebApp:191 - Connection restablished
2025-11-13 10:35:12,494 [INFO] WebApp:194 - Connection lost
2025-11-13 10:35:12,736 [INFO] WebApp:191 - Connection restablished
2025-11-13 10:44:35,959 [INFO] WebApp:194 - Connection lost
2025-11-13 10:44:36,125 [INFO] WebApp:191 - Connection restablished
2025-11-13 12:02:44,018 [INFO] WebApp:194 - Connection lost
2025-11-13 12:02:44,192 [INFO] WebApp:191 - Connection restablished
2025-11-13 12:13:13,989 [INFO] WebApp:194 - Connection lost
2025-11-13 12:13:14,136 [INFO] WebApp:191 - Connection restablished
2025-11-13 13:04:16,060 [INFO] WebApp:194 - Connection lost
2025-11-13 13:04:16,426 [INFO] WebApp:191 - Connection restablished
2025-11-13 13:44:12,567 [INFO] WebApp:194 - Connection lost
2025-11-13 13:44:12,743 [INFO] WebApp:191 - Connection restablished
2025-11-13 14:13:33,067 [INFO] WebApp:194 - Connection lost
2025-11-13 14:13:33,237 [INFO] WebApp:191 - Connection restablished
2025-11-13 15:40:17,175 [INFO] WebApp:194 - Connection lost
2025-11-13 15:40:17,348 [INFO] WebApp:191 - Connection restablished
2025-11-13 16:04:06,161 [INFO] WebApp:194 - Connection lost
2025-11-13 16:04:06,348 [INFO] WebApp:191 - Connection restablished
2025-11-13 16:31:54,676 [INFO] WebApp:194 - Connection lost
2025-11-13 16:31:54,833 [INFO] WebApp:191 - Connection restablished
2025-11-13 16:45:07,661 [INFO] WebApp:194 - Connection lost
2025-11-13 16:45:07,818 [INFO] WebApp:191 - Connection restablished
2025-11-13 16:46:21,678 [INFO] WebApp:194 - Connection lost
2025-11-13 16:46:21,851 [INFO] WebApp:191 - Connection restablished
2025-11-13 17:30:33,010 [ERROR] LogOutputStream:75 - [STDERR_REDIRECT] 
2025-11-13 17:30:33,015 [ERROR] LogOutputStream:75 - [STDERR_REDIRECT] 
