2025-10-30 08:06:29,571 [INFO] Activator:176 - 


2025-10-30 08:06:29,582 [INFO] Activator:177 - !SESSION log4j initialized
2025-10-30 08:06:41,093 [INFO] LogOutputStream:77 - [STDOUT_REDIRECT] 
2025-10-30 08:06:46,058 [INFO] ApplicationProperties:184 - Using Application install path: C:\ST\STM32CubeIDE_1.19.0\STM32CubeIDE\plugins\com.st.stm32cube.common.mx_6.15.0.202507011659
2025-10-30 08:06:46,129 [INFO] DbMcusXml:78 - Set database path to: C:\ST\STM32CubeIDE_1.19.0\STM32CubeIDE\plugins\com.st.stm32cube.common.mx_6.15.0.202507011659\\db\/mcu/
2025-10-30 08:06:46,130 [INFO] ApiDb:274 - Set plugin database path to: C:\ST\STM32CubeIDE_1.19.0\STM32CubeIDE\plugins\com.st.stm32cube.common.mx_6.15.0.202507011659\\db\/plugins/boardmanager/
2025-10-30 08:06:46,132 [WARN] ApiDb:259 - Overriding images path with different value:  => C:\ST\STM32CubeIDE_1.19.0\STM32CubeIDE\plugins\com.st.stm32cube.common.mx_6.15.0.202507011659\\db\/plugins/mcufinder/images/
2025-10-30 08:06:46,191 [INFO] ApiDb:250 - Set database path to: C:\Users\liushaw\.stmcufinder\plugins\mcufinder//mcu/
2025-10-30 08:06:46,197 [INFO] DbMcusAds:125 - Set database path to: C:\Users\liushaw\.stmcufinder\plugins\mcufinder//mcu/
2025-10-30 08:06:46,211 [INFO] CrossReferenceDbSqlite:203 - Set database path to: C:\Users\liushaw\.stmcufinder\plugins\mcufinder//mcu/cs/
2025-10-30 08:06:46,612 [INFO] RulesReader:64 - Compatibility file has been processed (317 Rules)
2025-10-30 08:06:46,938 [INFO] DbMcusXml:78 - Set database path to: C:\ST\STM32CubeIDE_1.19.0\STM32CubeIDE\plugins\com.st.stm32cube.common.mx_6.15.0.202507011659\\db\/mcu/
2025-10-30 08:06:46,938 [INFO] ApiDb:274 - Set plugin database path to: C:\ST\STM32CubeIDE_1.19.0\STM32CubeIDE\plugins\com.st.stm32cube.common.mx_6.15.0.202507011659\\db\/plugins/boardmanager/
2025-10-30 08:06:46,940 [INFO] ApiDb:261 - Set plugin images path to: C:\ST\STM32CubeIDE_1.19.0\STM32CubeIDE\plugins\com.st.stm32cube.common.mx_6.15.0.202507011659\\db\/plugins/mcufinder/images/
2025-10-30 08:06:46,940 [WARN] DbFile:41 - Overriding database path with different value: C:\Users\liushaw\.stmcufinder\plugins\mcufinder/ => C:\Users\liushaw\.stmcufinder\plugins\mcufinder
2025-10-30 08:06:46,940 [INFO] ApiDb:250 - Set database path to: C:\Users\liushaw\.stmcufinder\plugins\mcufinder//mcu/
2025-10-30 08:06:46,940 [WARN] DbFile:41 - Overriding database path with different value: C:\Users\liushaw\.stmcufinder\plugins\mcufinder/ => C:\Users\liushaw\.stmcufinder\plugins\mcufinder
2025-10-30 08:06:46,940 [INFO] DbMcusAds:125 - Set database path to: C:\Users\liushaw\.stmcufinder\plugins\mcufinder//mcu/
2025-10-30 08:06:46,940 [WARN] DbFile:41 - Overriding database path with different value: C:\Users\liushaw\.stmcufinder\plugins\mcufinder/ => C:\Users\liushaw\.stmcufinder\plugins\mcufinder
2025-10-30 08:06:46,941 [WARN] DbFile:41 - Overriding database path with different value: C:\Users\liushaw\.stmcufinder\plugins\mcufinder/ => C:\Users\liushaw\.stmcufinder\plugins\mcufinder
2025-10-30 08:06:46,941 [INFO] CrossReferenceDbSqlite:203 - Set database path to: C:\Users\liushaw\.stmcufinder\plugins\mcufinder//mcu/cs/
2025-10-30 08:06:47,155 [INFO] MainPanel:274 - HeapMemory: 279969792
2025-10-30 08:06:47,530 [INFO] DbMcusXml:78 - Set database path to: C:\ST\STM32CubeIDE_1.19.0\STM32CubeIDE\plugins\com.st.stm32cube.common.mx_6.15.0.202507011659\\db\/mcu/
2025-10-30 08:06:47,530 [INFO] ApiDb:274 - Set plugin database path to: C:\ST\STM32CubeIDE_1.19.0\STM32CubeIDE\plugins\com.st.stm32cube.common.mx_6.15.0.202507011659\\db\/plugins/boardmanager/
2025-10-30 08:06:47,531 [INFO] ApiDb:261 - Set plugin images path to: C:\ST\STM32CubeIDE_1.19.0\STM32CubeIDE\plugins\com.st.stm32cube.common.mx_6.15.0.202507011659\\db\/plugins/mcufinder/images/
2025-10-30 08:06:47,532 [WARN] DbFile:41 - Overriding database path with different value: C:\Users\liushaw\.stmcufinder\plugins\mcufinder/ => C:\Users\liushaw\.stmcufinder\plugins\mcufinder
2025-10-30 08:06:47,532 [INFO] ApiDb:250 - Set database path to: C:\Users\liushaw\.stmcufinder\plugins\mcufinder//mcu/
2025-10-30 08:06:47,532 [WARN] DbFile:41 - Overriding database path with different value: C:\Users\liushaw\.stmcufinder\plugins\mcufinder/ => C:\Users\liushaw\.stmcufinder\plugins\mcufinder
2025-10-30 08:06:47,533 [INFO] DbMcusAds:125 - Set database path to: C:\Users\liushaw\.stmcufinder\plugins\mcufinder//mcu/
2025-10-30 08:06:47,533 [WARN] DbFile:41 - Overriding database path with different value: C:\Users\liushaw\.stmcufinder\plugins\mcufinder/ => C:\Users\liushaw\.stmcufinder\plugins\mcufinder
2025-10-30 08:06:47,533 [WARN] DbFile:41 - Overriding database path with different value: C:\Users\liushaw\.stmcufinder\plugins\mcufinder/ => C:\Users\liushaw\.stmcufinder\plugins\mcufinder
2025-10-30 08:06:47,533 [INFO] CrossReferenceDbSqlite:203 - Set database path to: C:\Users\liushaw\.stmcufinder\plugins\mcufinder//mcu/cs/
2025-10-30 08:06:47,578 [INFO] ApplicationProperties:184 - Using Application install path: C:\ST\STM32CubeIDE_1.19.0\STM32CubeIDE\plugins\com.st.stm32cube.common.mx_6.15.0.202507011659
2025-10-30 08:06:47,584 [INFO] PluginManage:196 - Search for loadable plugins [exclusion list=, ]
2025-10-30 08:06:47,590 [INFO] PluginManage:310 - Check plugin analytics
2025-10-30 08:06:48,400 [INFO] AnalyticsPlugin:253 - Accepted Software Licenses: STM32CubeMX.6.15.0
2025-10-30 08:06:48,400 [INFO] AnalyticsPlugin:255 - Accepted CMSIS Pack Licenses: 
2025-10-30 08:06:48,401 [INFO] AnalyticsPlugin:257 - Accepted Firmware Licenses: FW.F4.1.28.0
2025-10-30 08:06:48,411 [INFO] PluginManage:359 - Loaded plugin analytics (category:tool,tabindex:-1)
2025-10-30 08:06:48,411 [INFO] PluginManage:310 - Check plugin cadmodel
2025-10-30 08:06:48,424 [INFO] CADModel:105 - Init CAD model plugin
2025-10-30 08:06:48,425 [INFO] PluginManage:359 - Loaded plugin cadmodel (category:power,tabindex:5)
2025-10-30 08:06:48,426 [INFO] PluginManage:310 - Check plugin clock
2025-10-30 08:06:48,456 [INFO] PluginManage:359 - Loaded plugin clock (category:base,tabindex:2)
2025-10-30 08:06:48,457 [INFO] PluginManage:310 - Check plugin ddr
2025-10-30 08:06:48,467 [INFO] PluginManage:359 - Loaded plugin ddr (category:tool,tabindex:6)
2025-10-30 08:06:48,468 [INFO] PluginManage:310 - Check plugin filemanager
2025-10-30 08:06:48,819 [INFO] PluginManage:359 - Loaded plugin filemanager (category:base,tabindex:10)
2025-10-30 08:06:48,819 [INFO] PluginManage:310 - Check plugin ipmanager
2025-10-30 08:06:48,830 [INFO] PluginManage:359 - Loaded plugin ipmanager (category:base,tabindex:5)
2025-10-30 08:06:48,830 [INFO] PluginManage:310 - Check plugin lpbam
2025-10-30 08:06:48,841 [INFO] PluginManage:359 - Loaded plugin lpbam (category:base,tabindex:0)
2025-10-30 08:06:48,841 [INFO] PluginManage:310 - Check plugin memorymap
2025-10-30 08:06:48,865 [INFO] PluginManage:359 - Loaded plugin memorymap (category:base,tabindex:4)
2025-10-30 08:06:48,866 [INFO] PluginManage:310 - Check plugin pinoutandconfiguration
2025-10-30 08:06:48,879 [INFO] PluginManage:359 - Loaded plugin pinoutandconfiguration (category:base,tabindex:1)
2025-10-30 08:06:48,879 [INFO] PluginManage:310 - Check plugin pinoutconfig
2025-10-30 08:06:49,012 [WARN] SupportedApi:132 - Cannot load RTOS API schema: s4s-elt-must-match.1: The content of 'definitions' must match (annotation?, (simpleType | complexType)?, (unique | key | keyref)*)). A problem was found starting at: attribute.
2025-10-30 08:06:49,422 [INFO] PluginManage:359 - Loaded plugin pinoutconfig (category:base,tabindex:0)
2025-10-30 08:06:49,422 [INFO] PluginManage:310 - Check plugin power
2025-10-30 08:06:50,133 [INFO] PluginManage:359 - Loaded plugin power (category:power,tabindex:4)
2025-10-30 08:06:50,133 [INFO] PluginManage:310 - Check plugin projectmanager
2025-10-30 08:06:50,217 [INFO] PluginManage:359 - Loaded plugin projectmanager (category:projectmanager,tabindex:4)
2025-10-30 08:06:50,217 [INFO] PluginManage:310 - Check plugin rif
2025-10-30 08:06:50,534 [INFO] PluginManage:359 - Loaded plugin rif (category:base,tabindex:3)
2025-10-30 08:06:50,535 [INFO] PluginManage:310 - Check plugin thirdparty
2025-10-30 08:06:53,225 [INFO] PluginManage:359 - Loaded plugin thirdparty (category:base,tabindex:-1)
2025-10-30 08:06:53,225 [WARN] IntegrityCheckThread:84 - waiting for thirdparty lock release [integrity check]
2025-10-30 08:06:53,226 [INFO] PluginManage:310 - Check plugin tools
2025-10-30 08:06:53,226 [INFO] IntegrityCheckThread:86 - entering critical section [integrity check]
2025-10-30 08:06:53,227 [INFO] ThirdPartyUpdaterWithRetryManager:70 - Updater plugin not ready yet. [1/15]
2025-10-30 08:06:53,230 [INFO] PluginManage:359 - Loaded plugin tools (category:base,tabindex:7)
2025-10-30 08:06:53,230 [INFO] PluginManage:310 - Check plugin tutovideos
2025-10-30 08:06:53,494 [INFO] PluginManage:359 - Loaded plugin tutovideos (category:base,tabindex:-1)
2025-10-30 08:06:53,494 [INFO] PluginManage:310 - Check plugin updater
2025-10-30 08:06:53,517 [INFO] PluginManage:359 - Loaded plugin updater (category:base,tabindex:12)
2025-10-30 08:06:53,517 [INFO] PluginManage:310 - Check plugin userauth
2025-10-30 08:06:53,523 [INFO] UserAuth:118 - Init User Auth plugin
2025-10-30 08:06:53,524 [INFO] PluginManage:359 - Loaded plugin userauth (category:base,tabindex:14)
2025-10-30 08:06:53,525 [INFO] PluginManage:283 - PluginManage : Loaded plugins [18]
2025-10-30 08:06:53,794 [INFO] PinOutPanel:1589 - setPackage(No Configuration,No Configuration)
2025-10-30 08:06:53,880 [INFO] CADModel:165 - CPN selected for project level
2025-10-30 08:06:53,880 [INFO] CADModel:114 - Register for checkConnection events
2025-10-30 08:06:53,896 [INFO] IPUIPlugin:80 - create IPUIPlugin
2025-10-30 08:06:53,897 [INFO] PluginManager:220 - loadIPPluginJar : add adc
2025-10-30 08:06:53,900 [INFO] IPUIPlugin:80 - create IPUIPlugin
2025-10-30 08:06:53,900 [INFO] PluginManager:220 - loadIPPluginJar : add aes
2025-10-30 08:06:53,903 [INFO] IPUIPlugin:80 - create IPUIPlugin
2025-10-30 08:06:53,903 [INFO] PluginManager:220 - loadIPPluginJar : add can
2025-10-30 08:06:53,905 [INFO] IPUIPlugin:80 - create IPUIPlugin
2025-10-30 08:06:53,905 [INFO] PluginManager:220 - loadIPPluginJar : add comp
2025-10-30 08:06:53,907 [INFO] IPUIPlugin:80 - create IPUIPlugin
2025-10-30 08:06:53,907 [INFO] PluginManager:220 - loadIPPluginJar : add cryp
2025-10-30 08:06:53,910 [INFO] IPUIPlugin:80 - create IPUIPlugin
2025-10-30 08:06:53,910 [INFO] PluginManager:220 - loadIPPluginJar : add ddr_ctrl_phy
2025-10-30 08:06:53,912 [INFO] IPUIPlugin:80 - create IPUIPlugin
2025-10-30 08:06:53,912 [INFO] PluginManager:220 - loadIPPluginJar : add dfsdm
2025-10-30 08:06:53,917 [INFO] IPUIPlugin:80 - create IPUIPlugin
2025-10-30 08:06:53,918 [INFO] PluginManager:220 - loadIPPluginJar : add dma
2025-10-30 08:06:53,920 [INFO] IPUIPlugin:80 - create IPUIPlugin
2025-10-30 08:06:53,920 [INFO] PluginManager:220 - loadIPPluginJar : add dma3
2025-10-30 08:06:53,923 [INFO] IPUIPlugin:80 - create IPUIPlugin
2025-10-30 08:06:53,923 [INFO] PluginManager:220 - loadIPPluginJar : add extmemmanager
2025-10-30 08:06:53,924 [INFO] IPUIPlugin:80 - create IPUIPlugin
2025-10-30 08:06:53,924 [INFO] PluginManager:220 - loadIPPluginJar : add fatfs
2025-10-30 08:06:53,928 [INFO] IPUIPlugin:80 - create IPUIPlugin
2025-10-30 08:06:53,929 [INFO] PluginManager:220 - loadIPPluginJar : add fmc
2025-10-30 08:06:53,934 [INFO] IPUIPlugin:80 - create IPUIPlugin
2025-10-30 08:06:53,935 [INFO] PluginManager:220 - loadIPPluginJar : add freertos
2025-10-30 08:06:53,936 [INFO] IPUIPlugin:80 - create IPUIPlugin
2025-10-30 08:06:53,936 [INFO] PluginManager:220 - loadIPPluginJar : add genericplugin
2025-10-30 08:06:53,939 [INFO] IPUIPlugin:80 - create IPUIPlugin
2025-10-30 08:06:53,939 [INFO] PluginManager:220 - loadIPPluginJar : add gfxmmu
2025-10-30 08:06:53,942 [INFO] IPUIPlugin:80 - create IPUIPlugin
2025-10-30 08:06:53,943 [INFO] PluginManager:220 - loadIPPluginJar : add gic
2025-10-30 08:06:53,946 [INFO] IPUIPlugin:80 - create IPUIPlugin
2025-10-30 08:06:53,946 [INFO] PluginManager:220 - loadIPPluginJar : add gpio
2025-10-30 08:06:53,949 [INFO] IPUIPlugin:80 - create IPUIPlugin
2025-10-30 08:06:53,949 [INFO] PluginManager:220 - loadIPPluginJar : add gtzc
2025-10-30 08:06:53,951 [INFO] IPUIPlugin:80 - create IPUIPlugin
2025-10-30 08:06:53,951 [INFO] PluginManager:220 - loadIPPluginJar : add hash
2025-10-30 08:06:53,954 [INFO] IPUIPlugin:80 - create IPUIPlugin
2025-10-30 08:06:53,954 [INFO] PluginManager:220 - loadIPPluginJar : add i2c
2025-10-30 08:06:53,956 [INFO] IPUIPlugin:80 - create IPUIPlugin
2025-10-30 08:06:53,956 [INFO] PluginManager:220 - loadIPPluginJar : add i2s
2025-10-30 08:06:53,959 [INFO] IPUIPlugin:80 - create IPUIPlugin
2025-10-30 08:06:53,959 [INFO] PluginManager:220 - loadIPPluginJar : add i3c
2025-10-30 08:06:53,962 [INFO] IPUIPlugin:80 - create IPUIPlugin
2025-10-30 08:06:53,962 [INFO] PluginManager:220 - loadIPPluginJar : add ipddr
2025-10-30 08:06:53,968 [INFO] IPUIPlugin:80 - create IPUIPlugin
2025-10-30 08:06:53,968 [INFO] PluginManager:220 - loadIPPluginJar : add linkedlist
2025-10-30 08:06:53,970 [INFO] IPUIPlugin:80 - create IPUIPlugin
2025-10-30 08:06:53,972 [INFO] PluginManager:220 - loadIPPluginJar : add lorawan
2025-10-30 08:06:53,973 [INFO] IPUIPlugin:80 - create IPUIPlugin
2025-10-30 08:06:53,973 [INFO] PluginManager:220 - loadIPPluginJar : add ltdc
2025-10-30 08:06:53,978 [INFO] IPUIPlugin:80 - create IPUIPlugin
2025-10-30 08:06:53,978 [INFO] PluginManager:220 - loadIPPluginJar : add mdma
2025-10-30 08:06:53,981 [INFO] IPUIPlugin:80 - create IPUIPlugin
2025-10-30 08:06:53,981 [INFO] PluginManager:220 - loadIPPluginJar : add nvic
2025-10-30 08:06:53,984 [INFO] IPUIPlugin:80 - create IPUIPlugin
2025-10-30 08:06:53,984 [INFO] PluginManager:220 - loadIPPluginJar : add opamp
2025-10-30 08:06:53,986 [INFO] IPUIPlugin:80 - create IPUIPlugin
2025-10-30 08:06:53,987 [INFO] PluginManager:220 - loadIPPluginJar : add openamp
2025-10-30 08:06:53,989 [INFO] IPUIPlugin:80 - create IPUIPlugin
2025-10-30 08:06:53,989 [INFO] PluginManager:220 - loadIPPluginJar : add pdm2pcm
2025-10-30 08:06:53,993 [INFO] IPUIPlugin:80 - create IPUIPlugin
2025-10-30 08:06:53,995 [INFO] PluginManager:220 - loadIPPluginJar : add plateformsettings
2025-10-30 08:06:53,997 [INFO] IPUIPlugin:80 - create IPUIPlugin
2025-10-30 08:06:53,997 [INFO] PluginManager:220 - loadIPPluginJar : add quadspi
2025-10-30 08:06:53,999 [INFO] IPUIPlugin:80 - create IPUIPlugin
2025-10-30 08:06:53,999 [INFO] PluginManager:220 - loadIPPluginJar : add radio
2025-10-30 08:06:54,003 [INFO] IPUIPlugin:80 - create IPUIPlugin
2025-10-30 08:06:54,003 [INFO] PluginManager:220 - loadIPPluginJar : add resmgrutility
2025-10-30 08:06:54,006 [INFO] IPUIPlugin:80 - create IPUIPlugin
2025-10-30 08:06:54,006 [INFO] PluginManager:220 - loadIPPluginJar : add sai
2025-10-30 08:06:54,009 [INFO] IPUIPlugin:80 - create IPUIPlugin
2025-10-30 08:06:54,009 [INFO] PluginManager:220 - loadIPPluginJar : add spi
2025-10-30 08:06:54,015 [INFO] IPUIPlugin:80 - create IPUIPlugin
2025-10-30 08:06:54,015 [INFO] PluginManager:220 - loadIPPluginJar : add stm32_wpan
2025-10-30 08:06:54,017 [INFO] IPUIPlugin:80 - create IPUIPlugin
2025-10-30 08:06:54,018 [INFO] PluginManager:220 - loadIPPluginJar : add tim
2025-10-30 08:06:54,021 [INFO] IPUIPlugin:80 - create IPUIPlugin
2025-10-30 08:06:54,021 [INFO] PluginManager:220 - loadIPPluginJar : add touchsensing
2025-10-30 08:06:54,023 [INFO] IPUIPlugin:80 - create IPUIPlugin
2025-10-30 08:06:54,023 [INFO] PluginManager:220 - loadIPPluginJar : add tracer_emb
2025-10-30 08:06:54,026 [INFO] IPUIPlugin:80 - create IPUIPlugin
2025-10-30 08:06:54,026 [INFO] PluginManager:220 - loadIPPluginJar : add ts
2025-10-30 08:06:54,027 [INFO] IPUIPlugin:80 - create IPUIPlugin
2025-10-30 08:06:54,028 [INFO] PluginManager:220 - loadIPPluginJar : add tsc
2025-10-30 08:06:54,029 [INFO] IPUIPlugin:80 - create IPUIPlugin
2025-10-30 08:06:54,029 [INFO] PluginManager:220 - loadIPPluginJar : add ucpd
2025-10-30 08:06:54,032 [INFO] IPUIPlugin:80 - create IPUIPlugin
2025-10-30 08:06:54,032 [INFO] PluginManager:220 - loadIPPluginJar : add usart
2025-10-30 08:06:54,035 [INFO] IPUIPlugin:80 - create IPUIPlugin
2025-10-30 08:06:54,035 [INFO] PluginManager:220 - loadIPPluginJar : add usbx
2025-10-30 08:06:54,159 [FATAL] Updater:351 - Updater called before beeing initialized
2025-10-30 08:06:54,180 [INFO] RulesReader:64 - Compatibility file has been processed (317 Rules)
2025-10-30 08:06:54,189 [INFO] RulesReader:64 - Compatibility file has been processed (317 Rules)
2025-10-30 08:06:54,204 [INFO] CADModel:165 - CPN selected for project level
2025-10-30 08:06:54,204 [INFO] CADModel:114 - Register for checkConnection events
2025-10-30 08:06:54,204 [FATAL] Updater:351 - Updater called before beeing initialized
2025-10-30 08:06:54,204 [ERROR] CADModel:125 - Updater not yet initialized, retry later 
2025-10-30 08:06:54,409 [FATAL] Updater:351 - Updater called before beeing initialized
2025-10-30 08:06:54,416 [INFO] CADModel:165 - CPN selected for project level
2025-10-30 08:06:54,416 [INFO] CADModel:114 - Register for checkConnection events
2025-10-30 08:06:54,416 [FATAL] Updater:351 - Updater called before beeing initialized
2025-10-30 08:06:54,416 [ERROR] CADModel:125 - Updater not yet initialized, retry later 
2025-10-30 08:06:54,422 [FATAL] Updater:351 - Updater called before beeing initialized
2025-10-30 08:06:54,574 [FATAL] Updater:351 - Updater called before beeing initialized
2025-10-30 08:06:54,588 [INFO] DbMcusAds:53 - JSON generation date=Thu Oct 02 17:36:05 CST 2025 (1759397765645)
2025-10-30 08:06:54,588 [FATAL] Updater:351 - Updater called before beeing initialized
2025-10-30 08:06:54,637 [WARN] DetailPanel:346 - Failed to get advertising image, set to default
2025-10-30 08:06:54,721 [FATAL] Updater:351 - Updater called before beeing initialized
2025-10-30 08:06:54,722 [FATAL] Updater:351 - Updater called before beeing initialized
2025-10-30 08:06:54,723 [FATAL] Updater:351 - Updater called before beeing initialized
2025-10-30 08:06:54,723 [WARN] DetailPanel:346 - Failed to get advertising image, set to default
2025-10-30 08:06:54,724 [FATAL] Updater:351 - Updater called before beeing initialized
2025-10-30 08:06:54,774 [ERROR] Updater:1198 - MainUpdater not yet initialized. External WinMGr cannot be set.
2025-10-30 08:06:54,776 [INFO] Updater:1134 - Updater Version found : 6.15.0
2025-10-30 08:06:55,124 [INFO] ApplicationProperties:184 - Using Application install path: C:\ST\STM32CubeIDE_1.19.0\STM32CubeIDE\plugins\com.st.stm32cube.common.mx_6.15.0.202507011659
2025-10-30 08:06:56,227 [INFO] ThirdPartyUpdaterWithRetryManager:70 - Updater plugin not ready yet. [2/15]
2025-10-30 08:06:57,285 [ERROR] LogOutputStream:75 - [STDERR_REDIRECT] Oct 30, 2025 8:06:57 AM java.util.prefs.WindowsPreferences <init>
2025-10-30 08:06:57,286 [ERROR] LogOutputStream:75 - [STDERR_REDIRECT] WARNING: Could not open/create prefs root node Software\JavaSoft\Prefs at root 0xffffffff80000002. Windows RegCreateKeyEx(...) returned error code 5.
2025-10-30 08:06:57,286 [ERROR] LogOutputStream:75 - [STDERR_REDIRECT] 
2025-10-30 08:06:57,694 [INFO] MainUpdater:2872 - connection check result : 10
2025-10-30 08:06:57,695 [INFO] MainUpdater:289 - Updater Check For Update Now.
2025-10-30 08:06:57,697 [INFO] MicroXplorer:498 - Change Database Version : DB.6.0.150
2025-10-30 08:06:57,716 [INFO] McuFinderGlobals:63 - Set McuFinder mode to 2 (CubeIDE integrated)
2025-10-30 08:06:57,718 [INFO] UserAuth:487 - Internet connection configuration mode: 1
2025-10-30 08:06:57,785 [INFO] JxBrowserEngine:152 - Initiate JxBrowser Engine with user profile folder
2025-10-30 08:06:57,911 [INFO] CheckServerUpdateThread:120 - End of CheckServer Thread
2025-10-30 08:06:58,890 [INFO] WebApp:169 - Instantiating new browser for Auth
2025-10-30 08:06:59,525 [WARN] PackLoader:240 - Cannot read IP mode file for STMicroelectronics.FP-SNS-MOTENVWB1.1.4.0
2025-10-30 08:06:59,538 [WARN] PackLoader:240 - Cannot read IP mode file for STMicroelectronics.FP-ATR-ASTRA1.2.0.2
2025-10-30 08:06:59,551 [WARN] PackLoader:240 - Cannot read IP mode file for STMicroelectronics.X-CUBE-SMBUS.2.1.0
2025-10-30 08:06:59,583 [WARN] PackLoader:240 - Cannot read IP mode file for STMicroelectronics.X-CUBE-AZRTOS-F7.1.1.0
2025-10-30 08:06:59,593 [WARN] PackLoader:240 - Cannot read IP mode file for Cesanta.I-CUBE-Mongoose.7.19.0
2025-10-30 08:06:59,601 [WARN] PackLoader:240 - Cannot read IP mode file for STMicroelectronics.FP-SNS-MOTENV1.5.1.0
2025-10-30 08:06:59,618 [WARN] PackLoader:240 - Cannot read IP mode file for WES.I-CUBE-Cesium.1.4.0
2025-10-30 08:06:59,669 [WARN] PackLoader:240 - Cannot read IP mode file for Infineon.AIROC-Wi-Fi-Bluetooth-STM32.1.7.1
2025-10-30 08:06:59,711 [WARN] PackLoader:240 - Cannot read IP mode file for STMicroelectronics.X-CUBE-AZRTOS-H7.3.4.0
2025-10-30 08:06:59,725 [WARN] PackLoader:240 - Cannot read IP mode file for STMicroelectronics.X-CUBE-DISPLAY.3.0.0
2025-10-30 08:06:59,744 [WARN] PackLoader:240 - Cannot read IP mode file for STMicroelectronics.X-CUBE-NFC10.1.0.0
2025-10-30 08:06:59,754 [WARN] PackLoader:240 - Cannot read IP mode file for STMicroelectronics.X-CUBE-ST60.1.1.0
2025-10-30 08:06:59,766 [WARN] PackLoader:240 - Cannot read IP mode file for emotas.I-CUBE-CANOPEN.1.3.0
2025-10-30 08:06:59,775 [WARN] PackLoader:240 - Cannot read IP mode file for STMicroelectronics.FP-SNS-STBOX1.2.1.0
2025-10-30 08:06:59,784 [WARN] PackLoader:240 - Cannot read IP mode file for STMicroelectronics.FP-SNS-SMARTAG2.1.2.0
2025-10-30 08:06:59,791 [WARN] PackLoader:240 - Cannot read IP mode file for STMicroelectronics.FP-SNS-FLIGHT1.5.1.0
2025-10-30 08:06:59,807 [INFO] LogOutputStream:77 - [STDOUT_REDIRECT] 1 : Invalid condition id : UX_CORESTACK_Condition cause : null
2025-10-30 08:06:59,809 [INFO] LogOutputStream:77 - [STDOUT_REDIRECT] 1 : Invalid condition id : UX_CORESTACK_Condition cause : null
2025-10-30 08:06:59,811 [INFO] LogOutputStream:77 - [STDOUT_REDIRECT] 1 : Invalid condition id : UX_CORESTACK_Condition cause : null
2025-10-30 08:06:59,812 [INFO] LogOutputStream:77 - [STDOUT_REDIRECT] 1 : Invalid condition id : UX_CORESTACK_Condition cause : null
2025-10-30 08:06:59,816 [INFO] LogOutputStream:77 - [STDOUT_REDIRECT] 1 : Invalid condition id : UX_CORESTACK_Condition cause : null
2025-10-30 08:06:59,820 [WARN] PackLoader:240 - Cannot read IP mode file for STMicroelectronics.X-CUBE-AZRTOS-WL.2.0.0
2025-10-30 08:06:59,830 [WARN] PackLoader:240 - Cannot read IP mode file for STMicroelectronics.X-CUBE-BLE2.3.3.0
2025-10-30 08:06:59,841 [WARN] PackLoader:240 - Cannot read IP mode file for STMicroelectronics.X-CUBE-NFC9.1.0.0
2025-10-30 08:06:59,852 [INFO] WebApp:463 - Apply proxy settings
2025-10-30 08:06:59,852 [WARN] PackLoader:240 - Cannot read IP mode file for wolfSSL.I-CUBE-wolfSSL.5.8.2
2025-10-30 08:06:59,853 [INFO] WebApp:548 - Chromium requires no authentication
2025-10-30 08:06:59,860 [WARN] PackLoader:240 - Cannot read IP mode file for STMicroelectronics.X-CUBE-BLE1.7.1.0
2025-10-30 08:06:59,866 [WARN] PackLoader:240 - Cannot read IP mode file for wolfSSL.I-CUBE-wolfMQTT.1.19.2
2025-10-30 08:06:59,874 [WARN] PackLoader:240 - Cannot read IP mode file for STMicroelectronics.X-CUBE-EEPRMA1.5.2.0
2025-10-30 08:06:59,880 [WARN] PackLoader:240 - Cannot read IP mode file for STMicroelectronics.X-CUBE-ST67W61.1.1.0
2025-10-30 08:06:59,894 [WARN] PackLoader:240 - Cannot read IP mode file for STMicroelectronics.X-CUBE-AZRTOS-G0.1.1.0
2025-10-30 08:06:59,902 [INFO] WebApp:491 - Direct internet connection detected
2025-10-30 08:06:59,904 [WARN] PackLoader:240 - Cannot read IP mode file for STMicroelectronics.X-CUBE-SAFEA1.1.2.2
2025-10-30 08:06:59,913 [WARN] PackLoader:240 - Cannot read IP mode file for STMicroelectronics.X-CUBE-NFC4.3.0.0
2025-10-30 08:06:59,922 [WARN] PackLoader:240 - Cannot read IP mode file for STMicroelectronics.X-CUBE-WB05N.2.0.0
2025-10-30 08:06:59,928 [WARN] PackLoader:240 - Cannot read IP mode file for wolfSSL.I-CUBE-wolfTPM.3.8.0
2025-10-30 08:06:59,935 [WARN] PackLoader:240 - Cannot read IP mode file for STMicroelectronics.X-CUBE-TCPP.4.2.0
2025-10-30 08:06:59,943 [WARN] PackLoader:240 - Cannot read IP mode file for RealThread.X-CUBE-RT-Thread_Nano.4.1.1
2025-10-30 08:06:59,948 [WARN] PackLoader:240 - Cannot read IP mode file for STMicroelectronics.FP-ATR-SIGFOX1.3.2.0
2025-10-30 08:06:59,957 [WARN] PackLoader:240 - Cannot read IP mode file for ITTIA_DB.I-CUBE-ITTIADB.8.9.0
2025-10-30 08:06:59,964 [WARN] PackLoader:240 - Cannot read IP mode file for STMicroelectronics.X-CUBE-AI.10.2.0
2025-10-30 08:06:59,990 [WARN] PackLoader:240 - Cannot read IP mode file for SEGGER.I-CUBE-embOS.1.3.1
2025-10-30 08:07:00,029 [WARN] PackLoader:240 - Cannot read IP mode file for STMicroelectronics.X-CUBE-ALGOBUILD.1.4.0
2025-10-30 08:07:00,066 [INFO] WebApp:900 - Register for checkConnection events
2025-10-30 08:07:00,067 [INFO] WebApp:463 - Apply proxy settings
2025-10-30 08:07:00,067 [INFO] WebApp:548 - Chromium requires no authentication
2025-10-30 08:07:00,068 [INFO] WebApp:491 - Direct internet connection detected
2025-10-30 08:07:00,080 [WARN] PackLoader:240 - Cannot read IP mode file for STMicroelectronics.X-CUBE-MEMS1.11.3.0
2025-10-30 08:07:00,134 [INFO] WebApp:191 - Connection restablished
2025-10-30 08:07:00,259 [WARN] PackLoader:240 - Cannot read IP mode file for STMicroelectronics.X-CUBE-PM33A1.1.0.0
2025-10-30 08:07:00,326 [WARN] PackLoader:240 - Cannot read IP mode file for STMicroelectronics.X-CUBE-AZRTOS-F4.1.1.0
2025-10-30 08:07:00,350 [WARN] PackLoader:240 - Cannot read IP mode file for STMicroelectronics.X-CUBE-ISPU.2.1.0
2025-10-30 08:07:00,381 [WARN] PackLoader:240 - Cannot read IP mode file for STMicroelectronics.X-CUBE-IPS.3.2.0
2025-10-30 08:07:00,408 [WARN] PackLoader:240 - Cannot read IP mode file for STMicroelectronics.X-CUBE-NFC12.1.0.0
2025-10-30 08:07:00,427 [WARN] PackLoader:240 - Cannot read IP mode file for STMicroelectronics.X-CUBE-AZRTOS-L5.2.0.0
2025-10-30 08:07:00,507 [WARN] PackLoader:240 - Cannot read IP mode file for STMicroelectronics.X-CUBE-NFC6.3.1.0
2025-10-30 08:07:00,569 [WARN] PackLoader:240 - Cannot read IP mode file for STMicroelectronics.X-CUBE-FREERTOS.1.3.1
2025-10-30 08:07:00,785 [WARN] PackLoader:240 - Cannot read IP mode file for STMicroelectronics.X-CUBE-TOUCHGFX.4.26.0
2025-10-30 08:07:01,056 [WARN] PackLoader:240 - Cannot read IP mode file for STMicroelectronics.FP-SNS-STAIOTCFT.1.0.0
2025-10-30 08:07:01,289 [WARN] PackLoader:240 - Cannot read IP mode file for STMicroelectronics.X-CUBE-DPower.1.3.0
2025-10-30 08:07:01,544 [WARN] ConditionMgr:438 - getConditionDescription Invalid condition id : LAN8742 Phy interface Condition cause : null
2025-10-30 08:07:01,544 [WARN] PackLoader:240 - Cannot read IP mode file for STMicroelectronics.X-CUBE-AZRTOS-L4.2.0.0
2025-10-30 08:07:01,545 [WARN] ConditionMgr:1044 - genDependencies : Invalid condition id : LAN8742 Phy interface Condition cause : null
2025-10-30 08:07:01,545 [WARN] ConditionMgr:1044 - genDependencies : Invalid condition id : LAN8742 Phy interface Condition cause : null
2025-10-30 08:07:01,545 [WARN] ConditionMgr:1044 - genDependencies : Invalid condition id : LAN8742 Phy interface Condition cause : null
2025-10-30 08:07:01,803 [WARN] PackLoader:240 - Cannot read IP mode file for STMicroelectronics.X-CUBE-SFXS2LP1.4.0.0
2025-10-30 08:07:01,906 [WARN] PackLoader:240 - Cannot read IP mode file for STMicroelectronics.X-CUBE-BLEMGR.4.1.0
2025-10-30 08:07:02,210 [WARN] ConditionMgr:438 - getConditionDescription Invalid condition id : UX DEVICE CLASS RTOS Condition cause : null
2025-10-30 08:07:02,210 [WARN] ConditionMgr:438 - getConditionDescription Invalid condition id : UX DEVICE CLASS RTOS Condition cause : null
2025-10-30 08:07:02,211 [WARN] PackLoader:240 - Cannot read IP mode file for STMicroelectronics.X-CUBE-AZRTOS-WB.2.0.0
2025-10-30 08:07:02,211 [WARN] ConditionMgr:1044 - genDependencies : Invalid condition id : UX DEVICE CLASS RTOS Condition cause : null
2025-10-30 08:07:02,211 [WARN] ConditionMgr:1044 - genDependencies : Invalid condition id : UX DEVICE CLASS RTOS Condition cause : null
2025-10-30 08:07:02,211 [WARN] ConditionMgr:1044 - genDependencies : Invalid condition id : UX DEVICE CLASS RTOS Condition cause : null
2025-10-30 08:07:02,211 [WARN] ConditionMgr:1044 - genDependencies : Invalid condition id : UX DEVICE CLASS RTOS Condition cause : null
2025-10-30 08:07:02,211 [WARN] ConditionMgr:1044 - genDependencies : Invalid condition id : UX DEVICE CLASS RTOS Condition cause : null
2025-10-30 08:07:02,410 [WARN] PackLoader:240 - Cannot read IP mode file for STMicroelectronics.X-CUBE-GNSS1.7.0.1
2025-10-30 08:07:02,530 [WARN] ConditionMgr:438 - getConditionDescription Invalid condition id : Cortex-A Device cause : null
2025-10-30 08:07:02,916 [WARN] ConditionMgr:1044 - genDependencies : Invalid condition id : Cortex-A Device cause : null
2025-10-30 08:07:02,916 [WARN] ConditionMgr:1044 - genDependencies : Invalid condition id : Cortex-A Device cause : null
2025-10-30 08:07:02,916 [WARN] ConditionMgr:1044 - genDependencies : Invalid condition id : Cortex-A Device cause : null
2025-10-30 08:07:03,072 [WARN] PackLoader:240 - Cannot read IP mode file for STMicroelectronics.X-CUBE-SUBG2.5.0.0
2025-10-30 08:07:03,324 [WARN] PackLoader:240 - Cannot read IP mode file for STMicroelectronics.X-CUBE-AZRTOS-H7RS.1.1.0
2025-10-30 08:07:03,545 [WARN] PackLoader:240 - Cannot read IP mode file for STMicroelectronics.X-CUBE-AZRTOS-G4.2.0.0
2025-10-30 08:07:03,673 [WARN] PackLoader:240 - Cannot read IP mode file for wolfSSL.I-CUBE-wolfSSH.1.4.20
2025-10-30 08:07:03,898 [WARN] PackLoader:240 - Cannot read IP mode file for STMicroelectronics.X-CUBE-NFC7.2.0.0
2025-10-30 08:07:04,036 [WARN] PackLoader:240 - Cannot read IP mode file for STMicroelectronics.X-CUBE-ALS.1.0.2
2025-10-30 08:07:04,153 [WARN] PackLoader:240 - Cannot read IP mode file for STMicroelectronics.X-CUBE-STSE01.1.0.0
2025-10-30 08:07:04,350 [WARN] PackLoader:240 - Cannot read IP mode file for STMicroelectronics.X-CUBE-TOF1.3.4.3
2025-10-30 08:07:04,355 [INFO] ThirdParty:978 - Integrity check success = true
2025-10-30 08:07:04,355 [INFO] IntegrityCheckThread:100 - exiting critical section [integrity check]
2025-10-30 08:07:04,355 [INFO] IntegrityCheckThread:103 - End integrity checks thread
2025-10-30 08:07:04,542 [INFO] WebApp:225 - Starting web application
2025-10-30 08:07:04,542 [INFO] WebApp:593 - Web application path used C:\ST\STM32CubeIDE_1.19.0\STM32CubeIDE\plugins\com.st.stm32cube.common.mx_6.15.0.202507011659\db\plugins\mcufinder\reactClient1\index.html
2025-10-30 08:07:04,627 [INFO] UserAuth:487 - Internet connection configuration mode: 1
2025-10-30 08:07:26,788 [INFO] WebApp:194 - Connection lost
2025-10-30 08:07:27,055 [INFO] WebApp:191 - Connection restablished
2025-10-30 08:22:42,455 [INFO] WebApp:194 - Connection lost
2025-10-30 08:22:42,622 [INFO] WebApp:191 - Connection restablished
2025-10-30 11:05:35,163 [INFO] WebApp:194 - Connection lost
2025-10-30 11:05:35,425 [INFO] WebApp:191 - Connection restablished
2025-10-30 11:48:52,631 [INFO] WebApp:194 - Connection lost
2025-10-30 11:48:52,828 [INFO] WebApp:191 - Connection restablished
2025-10-30 11:51:27,136 [INFO] WebApp:194 - Connection lost
2025-10-30 11:51:27,299 [INFO] WebApp:191 - Connection restablished
2025-10-30 11:58:34,155 [INFO] WebApp:194 - Connection lost
2025-10-30 11:58:34,459 [INFO] WebApp:191 - Connection restablished
2025-10-30 13:03:20,673 [INFO] WebApp:194 - Connection lost
2025-10-30 13:03:20,909 [INFO] WebApp:191 - Connection restablished
2025-10-30 13:34:01,208 [INFO] WebApp:194 - Connection lost
2025-10-30 13:34:01,407 [INFO] WebApp:191 - Connection restablished
2025-10-30 13:46:33,226 [INFO] WebApp:194 - Connection lost
2025-10-30 13:46:33,402 [INFO] WebApp:191 - Connection restablished
2025-10-30 14:25:04,304 [INFO] WebApp:194 - Connection lost
2025-10-30 14:25:04,475 [INFO] WebApp:191 - Connection restablished
2025-10-30 15:52:59,364 [INFO] WebApp:194 - Connection lost
2025-10-30 15:52:59,891 [INFO] WebApp:191 - Connection restablished
2025-10-30 16:09:33,854 [INFO] WebApp:194 - Connection lost
2025-10-30 16:09:34,072 [INFO] WebApp:191 - Connection restablished
2025-10-30 16:12:37,840 [INFO] WebApp:194 - Connection lost
2025-10-30 16:12:38,040 [INFO] WebApp:191 - Connection restablished
2025-10-30 16:14:26,353 [INFO] WebApp:194 - Connection lost
2025-10-30 16:14:26,603 [INFO] WebApp:191 - Connection restablished
2025-10-30 16:16:15,322 [INFO] WebApp:194 - Connection lost
2025-10-30 16:16:15,527 [INFO] WebApp:191 - Connection restablished
2025-10-30 16:17:45,310 [INFO] WebApp:194 - Connection lost
2025-10-30 16:17:45,494 [INFO] WebApp:191 - Connection restablished
2025-10-30 16:29:41,864 [INFO] WebApp:194 - Connection lost
2025-10-30 16:29:42,361 [INFO] WebApp:191 - Connection restablished
2025-10-30 16:38:41,841 [INFO] WebApp:194 - Connection lost
2025-10-30 16:38:42,111 [INFO] WebApp:191 - Connection restablished
2025-10-30 16:39:31,878 [INFO] WebApp:194 - Connection lost
2025-10-30 16:39:32,254 [INFO] WebApp:191 - Connection restablished
2025-10-30 16:44:10,900 [INFO] WebApp:194 - Connection lost
2025-10-30 16:44:11,417 [INFO] WebApp:191 - Connection restablished
2025-10-30 16:48:18,367 [INFO] WebApp:194 - Connection lost
2025-10-30 16:48:18,651 [INFO] WebApp:191 - Connection restablished
2025-10-30 16:57:07,366 [INFO] WebApp:194 - Connection lost
2025-10-30 16:57:07,650 [INFO] WebApp:191 - Connection restablished
