2025-11-07 07:23:15,319 [INFO] Activator:176 - 


2025-11-07 07:23:15,325 [INFO] Activator:177 - !SESSION log4j initialized
2025-11-07 07:23:25,351 [INFO] LogOutputStream:77 - [STDOUT_REDIRECT] 
2025-11-07 07:23:31,934 [INFO] ApplicationProperties:184 - Using Application install path: C:\ST\STM32CubeIDE_1.19.0\STM32CubeIDE\plugins\com.st.stm32cube.common.mx_6.15.0.202507011659
2025-11-07 07:23:31,966 [INFO] DbMcusXml:78 - Set database path to: C:\ST\STM32CubeIDE_1.19.0\STM32CubeIDE\plugins\com.st.stm32cube.common.mx_6.15.0.202507011659\\db\/mcu/
2025-11-07 07:23:31,966 [INFO] ApiDb:274 - Set plugin database path to: C:\ST\STM32CubeIDE_1.19.0\STM32CubeIDE\plugins\com.st.stm32cube.common.mx_6.15.0.202507011659\\db\/plugins/boardmanager/
2025-11-07 07:23:31,967 [WARN] ApiDb:259 - Overriding images path with different value:  => C:\ST\STM32CubeIDE_1.19.0\STM32CubeIDE\plugins\com.st.stm32cube.common.mx_6.15.0.202507011659\\db\/plugins/mcufinder/images/
2025-11-07 07:23:31,982 [INFO] ApiDb:250 - Set database path to: C:\Users\liushaw\.stmcufinder\plugins\mcufinder//mcu/
2025-11-07 07:23:31,985 [INFO] DbMcusAds:125 - Set database path to: C:\Users\liushaw\.stmcufinder\plugins\mcufinder//mcu/
2025-11-07 07:23:31,990 [INFO] CrossReferenceDbSqlite:203 - Set database path to: C:\Users\liushaw\.stmcufinder\plugins\mcufinder//mcu/cs/
2025-11-07 07:23:32,192 [INFO] RulesReader:64 - Compatibility file has been processed (317 Rules)
2025-11-07 07:23:32,416 [INFO] DbMcusXml:78 - Set database path to: C:\ST\STM32CubeIDE_1.19.0\STM32CubeIDE\plugins\com.st.stm32cube.common.mx_6.15.0.202507011659\\db\/mcu/
2025-11-07 07:23:32,416 [INFO] ApiDb:274 - Set plugin database path to: C:\ST\STM32CubeIDE_1.19.0\STM32CubeIDE\plugins\com.st.stm32cube.common.mx_6.15.0.202507011659\\db\/plugins/boardmanager/
2025-11-07 07:23:32,416 [INFO] ApiDb:261 - Set plugin images path to: C:\ST\STM32CubeIDE_1.19.0\STM32CubeIDE\plugins\com.st.stm32cube.common.mx_6.15.0.202507011659\\db\/plugins/mcufinder/images/
2025-11-07 07:23:32,418 [WARN] DbFile:41 - Overriding database path with different value: C:\Users\liushaw\.stmcufinder\plugins\mcufinder/ => C:\Users\liushaw\.stmcufinder\plugins\mcufinder
2025-11-07 07:23:32,418 [INFO] ApiDb:250 - Set database path to: C:\Users\liushaw\.stmcufinder\plugins\mcufinder//mcu/
2025-11-07 07:23:32,418 [WARN] DbFile:41 - Overriding database path with different value: C:\Users\liushaw\.stmcufinder\plugins\mcufinder/ => C:\Users\liushaw\.stmcufinder\plugins\mcufinder
2025-11-07 07:23:32,418 [INFO] DbMcusAds:125 - Set database path to: C:\Users\liushaw\.stmcufinder\plugins\mcufinder//mcu/
2025-11-07 07:23:32,418 [WARN] DbFile:41 - Overriding database path with different value: C:\Users\liushaw\.stmcufinder\plugins\mcufinder/ => C:\Users\liushaw\.stmcufinder\plugins\mcufinder
2025-11-07 07:23:32,419 [WARN] DbFile:41 - Overriding database path with different value: C:\Users\liushaw\.stmcufinder\plugins\mcufinder/ => C:\Users\liushaw\.stmcufinder\plugins\mcufinder
2025-11-07 07:23:32,419 [INFO] CrossReferenceDbSqlite:203 - Set database path to: C:\Users\liushaw\.stmcufinder\plugins\mcufinder//mcu/cs/
2025-11-07 07:23:32,582 [INFO] MainPanel:274 - HeapMemory: 275775488
2025-11-07 07:23:32,841 [INFO] DbMcusXml:78 - Set database path to: C:\ST\STM32CubeIDE_1.19.0\STM32CubeIDE\plugins\com.st.stm32cube.common.mx_6.15.0.202507011659\\db\/mcu/
2025-11-07 07:23:32,842 [INFO] ApiDb:274 - Set plugin database path to: C:\ST\STM32CubeIDE_1.19.0\STM32CubeIDE\plugins\com.st.stm32cube.common.mx_6.15.0.202507011659\\db\/plugins/boardmanager/
2025-11-07 07:23:32,842 [INFO] ApiDb:261 - Set plugin images path to: C:\ST\STM32CubeIDE_1.19.0\STM32CubeIDE\plugins\com.st.stm32cube.common.mx_6.15.0.202507011659\\db\/plugins/mcufinder/images/
2025-11-07 07:23:32,842 [WARN] DbFile:41 - Overriding database path with different value: C:\Users\liushaw\.stmcufinder\plugins\mcufinder/ => C:\Users\liushaw\.stmcufinder\plugins\mcufinder
2025-11-07 07:23:32,843 [INFO] ApiDb:250 - Set database path to: C:\Users\liushaw\.stmcufinder\plugins\mcufinder//mcu/
2025-11-07 07:23:32,843 [WARN] DbFile:41 - Overriding database path with different value: C:\Users\liushaw\.stmcufinder\plugins\mcufinder/ => C:\Users\liushaw\.stmcufinder\plugins\mcufinder
2025-11-07 07:23:32,843 [INFO] DbMcusAds:125 - Set database path to: C:\Users\liushaw\.stmcufinder\plugins\mcufinder//mcu/
2025-11-07 07:23:32,843 [WARN] DbFile:41 - Overriding database path with different value: C:\Users\liushaw\.stmcufinder\plugins\mcufinder/ => C:\Users\liushaw\.stmcufinder\plugins\mcufinder
2025-11-07 07:23:32,843 [WARN] DbFile:41 - Overriding database path with different value: C:\Users\liushaw\.stmcufinder\plugins\mcufinder/ => C:\Users\liushaw\.stmcufinder\plugins\mcufinder
2025-11-07 07:23:32,843 [INFO] CrossReferenceDbSqlite:203 - Set database path to: C:\Users\liushaw\.stmcufinder\plugins\mcufinder//mcu/cs/
2025-11-07 07:23:32,887 [INFO] ApplicationProperties:184 - Using Application install path: C:\ST\STM32CubeIDE_1.19.0\STM32CubeIDE\plugins\com.st.stm32cube.common.mx_6.15.0.202507011659
2025-11-07 07:23:32,890 [INFO] PluginManage:196 - Search for loadable plugins [exclusion list=, ]
2025-11-07 07:23:32,893 [INFO] PluginManage:310 - Check plugin analytics
2025-11-07 07:23:33,305 [INFO] AnalyticsPlugin:253 - Accepted Software Licenses: STM32CubeMX.6.15.0
2025-11-07 07:23:33,307 [INFO] AnalyticsPlugin:255 - Accepted CMSIS Pack Licenses: 
2025-11-07 07:23:33,308 [INFO] AnalyticsPlugin:257 - Accepted Firmware Licenses: FW.F4.1.28.0
2025-11-07 07:23:33,314 [INFO] PluginManage:359 - Loaded plugin analytics (category:tool,tabindex:-1)
2025-11-07 07:23:33,317 [INFO] PluginManage:310 - Check plugin cadmodel
2025-11-07 07:23:33,331 [INFO] CADModel:105 - Init CAD model plugin
2025-11-07 07:23:33,332 [INFO] PluginManage:359 - Loaded plugin cadmodel (category:power,tabindex:5)
2025-11-07 07:23:33,332 [INFO] PluginManage:310 - Check plugin clock
2025-11-07 07:23:33,354 [INFO] PluginManage:359 - Loaded plugin clock (category:base,tabindex:2)
2025-11-07 07:23:33,355 [INFO] PluginManage:310 - Check plugin ddr
2025-11-07 07:23:33,360 [INFO] PluginManage:359 - Loaded plugin ddr (category:tool,tabindex:6)
2025-11-07 07:23:33,362 [INFO] PluginManage:310 - Check plugin filemanager
2025-11-07 07:23:33,676 [INFO] PluginManage:359 - Loaded plugin filemanager (category:base,tabindex:10)
2025-11-07 07:23:33,677 [INFO] PluginManage:310 - Check plugin ipmanager
2025-11-07 07:23:33,701 [INFO] PluginManage:359 - Loaded plugin ipmanager (category:base,tabindex:5)
2025-11-07 07:23:33,701 [INFO] PluginManage:310 - Check plugin lpbam
2025-11-07 07:23:33,736 [INFO] PluginManage:359 - Loaded plugin lpbam (category:base,tabindex:0)
2025-11-07 07:23:33,736 [INFO] PluginManage:310 - Check plugin memorymap
2025-11-07 07:23:33,777 [INFO] PluginManage:359 - Loaded plugin memorymap (category:base,tabindex:4)
2025-11-07 07:23:33,778 [INFO] PluginManage:310 - Check plugin pinoutandconfiguration
2025-11-07 07:23:33,801 [INFO] PluginManage:359 - Loaded plugin pinoutandconfiguration (category:base,tabindex:1)
2025-11-07 07:23:33,801 [INFO] PluginManage:310 - Check plugin pinoutconfig
2025-11-07 07:23:34,003 [WARN] SupportedApi:132 - Cannot load RTOS API schema: s4s-elt-must-match.1: The content of 'definitions' must match (annotation?, (simpleType | complexType)?, (unique | key | keyref)*)). A problem was found starting at: attribute.
2025-11-07 07:23:34,309 [INFO] PluginManage:359 - Loaded plugin pinoutconfig (category:base,tabindex:0)
2025-11-07 07:23:34,310 [INFO] PluginManage:310 - Check plugin power
2025-11-07 07:23:34,326 [INFO] PluginManage:359 - Loaded plugin power (category:power,tabindex:4)
2025-11-07 07:23:34,326 [INFO] PluginManage:310 - Check plugin projectmanager
2025-11-07 07:23:34,354 [INFO] PluginManage:359 - Loaded plugin projectmanager (category:projectmanager,tabindex:4)
2025-11-07 07:23:34,354 [INFO] PluginManage:310 - Check plugin rif
2025-11-07 07:23:34,372 [INFO] PluginManage:359 - Loaded plugin rif (category:base,tabindex:3)
2025-11-07 07:23:34,373 [INFO] PluginManage:310 - Check plugin thirdparty
2025-11-07 07:23:34,808 [INFO] PluginManage:359 - Loaded plugin thirdparty (category:base,tabindex:-1)
2025-11-07 07:23:34,808 [WARN] IntegrityCheckThread:84 - waiting for thirdparty lock release [integrity check]
2025-11-07 07:23:34,808 [INFO] PluginManage:310 - Check plugin tools
2025-11-07 07:23:34,808 [INFO] IntegrityCheckThread:86 - entering critical section [integrity check]
2025-11-07 07:23:34,809 [INFO] ThirdPartyUpdaterWithRetryManager:70 - Updater plugin not ready yet. [1/15]
2025-11-07 07:23:34,814 [INFO] PluginManage:359 - Loaded plugin tools (category:base,tabindex:7)
2025-11-07 07:23:34,814 [INFO] PluginManage:310 - Check plugin tutovideos
2025-11-07 07:23:35,263 [INFO] PluginManage:359 - Loaded plugin tutovideos (category:base,tabindex:-1)
2025-11-07 07:23:35,263 [INFO] PluginManage:310 - Check plugin updater
2025-11-07 07:23:35,299 [INFO] PluginManage:359 - Loaded plugin updater (category:base,tabindex:12)
2025-11-07 07:23:35,299 [INFO] PluginManage:310 - Check plugin userauth
2025-11-07 07:23:35,307 [INFO] UserAuth:118 - Init User Auth plugin
2025-11-07 07:23:35,310 [INFO] PluginManage:359 - Loaded plugin userauth (category:base,tabindex:14)
2025-11-07 07:23:35,311 [INFO] PluginManage:283 - PluginManage : Loaded plugins [18]
2025-11-07 07:23:35,873 [INFO] PinOutPanel:1589 - setPackage(No Configuration,No Configuration)
2025-11-07 07:23:36,093 [INFO] CADModel:165 - CPN selected for project level
2025-11-07 07:23:36,093 [INFO] CADModel:114 - Register for checkConnection events
2025-11-07 07:23:36,147 [INFO] IPUIPlugin:80 - create IPUIPlugin
2025-11-07 07:23:36,149 [INFO] PluginManager:220 - loadIPPluginJar : add adc
2025-11-07 07:23:36,158 [INFO] IPUIPlugin:80 - create IPUIPlugin
2025-11-07 07:23:36,159 [INFO] PluginManager:220 - loadIPPluginJar : add aes
2025-11-07 07:23:36,166 [INFO] IPUIPlugin:80 - create IPUIPlugin
2025-11-07 07:23:36,169 [INFO] PluginManager:220 - loadIPPluginJar : add can
2025-11-07 07:23:36,173 [INFO] IPUIPlugin:80 - create IPUIPlugin
2025-11-07 07:23:36,173 [INFO] PluginManager:220 - loadIPPluginJar : add comp
2025-11-07 07:23:36,181 [INFO] IPUIPlugin:80 - create IPUIPlugin
2025-11-07 07:23:36,182 [INFO] PluginManager:220 - loadIPPluginJar : add cryp
2025-11-07 07:23:36,193 [INFO] IPUIPlugin:80 - create IPUIPlugin
2025-11-07 07:23:36,193 [INFO] PluginManager:220 - loadIPPluginJar : add ddr_ctrl_phy
2025-11-07 07:23:36,200 [INFO] IPUIPlugin:80 - create IPUIPlugin
2025-11-07 07:23:36,200 [INFO] PluginManager:220 - loadIPPluginJar : add dfsdm
2025-11-07 07:23:36,214 [INFO] IPUIPlugin:80 - create IPUIPlugin
2025-11-07 07:23:36,215 [INFO] PluginManager:220 - loadIPPluginJar : add dma
2025-11-07 07:23:36,225 [INFO] IPUIPlugin:80 - create IPUIPlugin
2025-11-07 07:23:36,226 [INFO] PluginManager:220 - loadIPPluginJar : add dma3
2025-11-07 07:23:36,234 [INFO] IPUIPlugin:80 - create IPUIPlugin
2025-11-07 07:23:36,235 [INFO] PluginManager:220 - loadIPPluginJar : add extmemmanager
2025-11-07 07:23:36,238 [INFO] IPUIPlugin:80 - create IPUIPlugin
2025-11-07 07:23:36,240 [INFO] PluginManager:220 - loadIPPluginJar : add fatfs
2025-11-07 07:23:36,251 [INFO] IPUIPlugin:80 - create IPUIPlugin
2025-11-07 07:23:36,252 [INFO] PluginManager:220 - loadIPPluginJar : add fmc
2025-11-07 07:23:36,265 [INFO] IPUIPlugin:80 - create IPUIPlugin
2025-11-07 07:23:36,265 [INFO] PluginManager:220 - loadIPPluginJar : add freertos
2025-11-07 07:23:36,270 [INFO] IPUIPlugin:80 - create IPUIPlugin
2025-11-07 07:23:36,270 [INFO] PluginManager:220 - loadIPPluginJar : add genericplugin
2025-11-07 07:23:36,277 [INFO] IPUIPlugin:80 - create IPUIPlugin
2025-11-07 07:23:36,277 [INFO] PluginManager:220 - loadIPPluginJar : add gfxmmu
2025-11-07 07:23:36,288 [INFO] IPUIPlugin:80 - create IPUIPlugin
2025-11-07 07:23:36,289 [INFO] PluginManager:220 - loadIPPluginJar : add gic
2025-11-07 07:23:36,298 [INFO] IPUIPlugin:80 - create IPUIPlugin
2025-11-07 07:23:36,299 [INFO] PluginManager:220 - loadIPPluginJar : add gpio
2025-11-07 07:23:36,306 [INFO] IPUIPlugin:80 - create IPUIPlugin
2025-11-07 07:23:36,307 [INFO] PluginManager:220 - loadIPPluginJar : add gtzc
2025-11-07 07:23:36,312 [INFO] IPUIPlugin:80 - create IPUIPlugin
2025-11-07 07:23:36,313 [INFO] PluginManager:220 - loadIPPluginJar : add hash
2025-11-07 07:23:36,319 [INFO] IPUIPlugin:80 - create IPUIPlugin
2025-11-07 07:23:36,321 [INFO] PluginManager:220 - loadIPPluginJar : add i2c
2025-11-07 07:23:36,336 [INFO] IPUIPlugin:80 - create IPUIPlugin
2025-11-07 07:23:36,336 [INFO] PluginManager:220 - loadIPPluginJar : add i2s
2025-11-07 07:23:36,344 [INFO] IPUIPlugin:80 - create IPUIPlugin
2025-11-07 07:23:36,345 [INFO] PluginManager:220 - loadIPPluginJar : add i3c
2025-11-07 07:23:36,354 [INFO] IPUIPlugin:80 - create IPUIPlugin
2025-11-07 07:23:36,355 [INFO] PluginManager:220 - loadIPPluginJar : add ipddr
2025-11-07 07:23:36,376 [INFO] IPUIPlugin:80 - create IPUIPlugin
2025-11-07 07:23:36,377 [INFO] PluginManager:220 - loadIPPluginJar : add linkedlist
2025-11-07 07:23:36,385 [INFO] IPUIPlugin:80 - create IPUIPlugin
2025-11-07 07:23:36,385 [INFO] PluginManager:220 - loadIPPluginJar : add lorawan
2025-11-07 07:23:36,390 [INFO] IPUIPlugin:80 - create IPUIPlugin
2025-11-07 07:23:36,390 [INFO] PluginManager:220 - loadIPPluginJar : add ltdc
2025-11-07 07:23:36,404 [INFO] IPUIPlugin:80 - create IPUIPlugin
2025-11-07 07:23:36,404 [INFO] PluginManager:220 - loadIPPluginJar : add mdma
2025-11-07 07:23:36,414 [INFO] IPUIPlugin:80 - create IPUIPlugin
2025-11-07 07:23:36,414 [INFO] PluginManager:220 - loadIPPluginJar : add nvic
2025-11-07 07:23:36,421 [INFO] IPUIPlugin:80 - create IPUIPlugin
2025-11-07 07:23:36,421 [INFO] PluginManager:220 - loadIPPluginJar : add opamp
2025-11-07 07:23:36,428 [INFO] IPUIPlugin:80 - create IPUIPlugin
2025-11-07 07:23:36,428 [INFO] PluginManager:220 - loadIPPluginJar : add openamp
2025-11-07 07:23:36,436 [INFO] IPUIPlugin:80 - create IPUIPlugin
2025-11-07 07:23:36,436 [INFO] PluginManager:220 - loadIPPluginJar : add pdm2pcm
2025-11-07 07:23:36,452 [INFO] IPUIPlugin:80 - create IPUIPlugin
2025-11-07 07:23:36,459 [INFO] PluginManager:220 - loadIPPluginJar : add plateformsettings
2025-11-07 07:23:36,463 [INFO] IPUIPlugin:80 - create IPUIPlugin
2025-11-07 07:23:36,463 [INFO] PluginManager:220 - loadIPPluginJar : add quadspi
2025-11-07 07:23:36,467 [INFO] IPUIPlugin:80 - create IPUIPlugin
2025-11-07 07:23:36,469 [INFO] PluginManager:220 - loadIPPluginJar : add radio
2025-11-07 07:23:36,478 [INFO] IPUIPlugin:80 - create IPUIPlugin
2025-11-07 07:23:36,479 [INFO] PluginManager:220 - loadIPPluginJar : add resmgrutility
2025-11-07 07:23:36,487 [INFO] IPUIPlugin:80 - create IPUIPlugin
2025-11-07 07:23:36,487 [INFO] PluginManager:220 - loadIPPluginJar : add sai
2025-11-07 07:23:36,493 [INFO] IPUIPlugin:80 - create IPUIPlugin
2025-11-07 07:23:36,494 [INFO] PluginManager:220 - loadIPPluginJar : add spi
2025-11-07 07:23:36,507 [INFO] IPUIPlugin:80 - create IPUIPlugin
2025-11-07 07:23:36,508 [INFO] PluginManager:220 - loadIPPluginJar : add stm32_wpan
2025-11-07 07:23:36,513 [INFO] IPUIPlugin:80 - create IPUIPlugin
2025-11-07 07:23:36,513 [INFO] PluginManager:220 - loadIPPluginJar : add tim
2025-11-07 07:23:36,522 [INFO] IPUIPlugin:80 - create IPUIPlugin
2025-11-07 07:23:36,522 [INFO] PluginManager:220 - loadIPPluginJar : add touchsensing
2025-11-07 07:23:36,531 [INFO] IPUIPlugin:80 - create IPUIPlugin
2025-11-07 07:23:36,531 [INFO] PluginManager:220 - loadIPPluginJar : add tracer_emb
2025-11-07 07:23:36,537 [INFO] IPUIPlugin:80 - create IPUIPlugin
2025-11-07 07:23:36,538 [INFO] PluginManager:220 - loadIPPluginJar : add ts
2025-11-07 07:23:36,545 [INFO] IPUIPlugin:80 - create IPUIPlugin
2025-11-07 07:23:36,546 [INFO] PluginManager:220 - loadIPPluginJar : add tsc
2025-11-07 07:23:36,555 [INFO] IPUIPlugin:80 - create IPUIPlugin
2025-11-07 07:23:36,555 [INFO] PluginManager:220 - loadIPPluginJar : add ucpd
2025-11-07 07:23:36,567 [INFO] IPUIPlugin:80 - create IPUIPlugin
2025-11-07 07:23:36,567 [INFO] PluginManager:220 - loadIPPluginJar : add usart
2025-11-07 07:23:36,580 [INFO] IPUIPlugin:80 - create IPUIPlugin
2025-11-07 07:23:36,581 [INFO] PluginManager:220 - loadIPPluginJar : add usbx
2025-11-07 07:23:36,787 [FATAL] Updater:351 - Updater called before beeing initialized
2025-11-07 07:23:36,862 [INFO] RulesReader:64 - Compatibility file has been processed (317 Rules)
2025-11-07 07:23:36,882 [INFO] RulesReader:64 - Compatibility file has been processed (317 Rules)
2025-11-07 07:23:36,919 [INFO] CADModel:165 - CPN selected for project level
2025-11-07 07:23:36,920 [INFO] CADModel:114 - Register for checkConnection events
2025-11-07 07:23:36,920 [FATAL] Updater:351 - Updater called before beeing initialized
2025-11-07 07:23:36,920 [ERROR] CADModel:125 - Updater not yet initialized, retry later 
2025-11-07 07:23:37,432 [FATAL] Updater:351 - Updater called before beeing initialized
2025-11-07 07:23:37,438 [INFO] CADModel:165 - CPN selected for project level
2025-11-07 07:23:37,438 [INFO] CADModel:114 - Register for checkConnection events
2025-11-07 07:23:37,439 [FATAL] Updater:351 - Updater called before beeing initialized
2025-11-07 07:23:37,441 [ERROR] CADModel:125 - Updater not yet initialized, retry later 
2025-11-07 07:23:37,449 [FATAL] Updater:351 - Updater called before beeing initialized
2025-11-07 07:23:37,747 [FATAL] Updater:351 - Updater called before beeing initialized
2025-11-07 07:23:37,756 [INFO] DbMcusAds:53 - JSON generation date=Thu Oct 02 17:36:05 CST 2025 (1759397765645)
2025-11-07 07:23:37,757 [FATAL] Updater:351 - Updater called before beeing initialized
2025-11-07 07:23:37,824 [INFO] ThirdPartyUpdaterWithRetryManager:70 - Updater plugin not ready yet. [2/15]
2025-11-07 07:23:37,829 [WARN] DetailPanel:346 - Failed to get advertising image, set to default
2025-11-07 07:23:37,958 [FATAL] Updater:351 - Updater called before beeing initialized
2025-11-07 07:23:37,961 [FATAL] Updater:351 - Updater called before beeing initialized
2025-11-07 07:23:37,961 [FATAL] Updater:351 - Updater called before beeing initialized
2025-11-07 07:23:37,961 [WARN] DetailPanel:346 - Failed to get advertising image, set to default
2025-11-07 07:23:37,962 [FATAL] Updater:351 - Updater called before beeing initialized
2025-11-07 07:23:38,034 [ERROR] Updater:1198 - MainUpdater not yet initialized. External WinMGr cannot be set.
2025-11-07 07:23:38,039 [INFO] Updater:1134 - Updater Version found : 6.15.0
2025-11-07 07:23:38,064 [INFO] ApplicationProperties:184 - Using Application install path: C:\ST\STM32CubeIDE_1.19.0\STM32CubeIDE\plugins\com.st.stm32cube.common.mx_6.15.0.202507011659
2025-11-07 07:23:39,755 [ERROR] LogOutputStream:75 - [STDERR_REDIRECT] Nov 07, 2025 7:23:39 AM java.util.prefs.WindowsPreferences <init>
2025-11-07 07:23:39,757 [ERROR] LogOutputStream:75 - [STDERR_REDIRECT] WARNING: Could not open/create prefs root node Software\JavaSoft\Prefs at root 0xffffffff80000002. Windows RegCreateKeyEx(...) returned error code 5.
2025-11-07 07:23:39,758 [ERROR] LogOutputStream:75 - [STDERR_REDIRECT] 
2025-11-07 07:23:40,179 [INFO] MainUpdater:2872 - connection check result : 10
2025-11-07 07:23:40,180 [INFO] MainUpdater:289 - Updater Check For Update Now.
2025-11-07 07:23:40,181 [INFO] MicroXplorer:498 - Change Database Version : DB.6.0.150
2025-11-07 07:23:40,194 [INFO] McuFinderGlobals:63 - Set McuFinder mode to 2 (CubeIDE integrated)
2025-11-07 07:23:40,195 [INFO] UserAuth:487 - Internet connection configuration mode: 1
2025-11-07 07:23:40,278 [INFO] JxBrowserEngine:152 - Initiate JxBrowser Engine with user profile folder
2025-11-07 07:23:40,427 [INFO] CheckServerUpdateThread:120 - End of CheckServer Thread
2025-11-07 07:23:41,230 [WARN] PackLoader:240 - Cannot read IP mode file for STMicroelectronics.FP-SNS-MOTENVWB1.1.4.0
2025-11-07 07:23:41,242 [WARN] PackLoader:240 - Cannot read IP mode file for STMicroelectronics.FP-ATR-ASTRA1.2.0.2
2025-11-07 07:23:41,254 [WARN] PackLoader:240 - Cannot read IP mode file for STMicroelectronics.X-CUBE-SMBUS.2.1.0
2025-11-07 07:23:41,294 [WARN] PackLoader:240 - Cannot read IP mode file for STMicroelectronics.X-CUBE-AZRTOS-F7.1.1.0
2025-11-07 07:23:41,302 [WARN] PackLoader:240 - Cannot read IP mode file for Cesanta.I-CUBE-Mongoose.7.19.0
2025-11-07 07:23:41,308 [WARN] PackLoader:240 - Cannot read IP mode file for STMicroelectronics.FP-SNS-MOTENV1.5.1.0
2025-11-07 07:23:41,326 [WARN] PackLoader:240 - Cannot read IP mode file for WES.I-CUBE-Cesium.1.4.0
2025-11-07 07:23:41,347 [WARN] PackLoader:240 - Cannot read IP mode file for Infineon.AIROC-Wi-Fi-Bluetooth-STM32.1.7.1
2025-11-07 07:23:41,371 [WARN] PackLoader:240 - Cannot read IP mode file for STMicroelectronics.X-CUBE-AZRTOS-H7.3.4.0
2025-11-07 07:23:41,383 [WARN] PackLoader:240 - Cannot read IP mode file for STMicroelectronics.X-CUBE-DISPLAY.3.0.0
2025-11-07 07:23:41,397 [WARN] PackLoader:240 - Cannot read IP mode file for STMicroelectronics.X-CUBE-NFC10.1.0.0
2025-11-07 07:23:41,405 [WARN] PackLoader:240 - Cannot read IP mode file for STMicroelectronics.X-CUBE-ST60.1.1.0
2025-11-07 07:23:41,410 [WARN] PackLoader:240 - Cannot read IP mode file for emotas.I-CUBE-CANOPEN.1.3.0
2025-11-07 07:23:41,416 [WARN] PackLoader:240 - Cannot read IP mode file for STMicroelectronics.X-CUBE-GNSS1.7.1.0
2025-11-07 07:23:41,430 [WARN] PackLoader:240 - Cannot read IP mode file for STMicroelectronics.FP-SNS-STBOX1.2.1.0
2025-11-07 07:23:41,438 [WARN] PackLoader:240 - Cannot read IP mode file for STMicroelectronics.FP-SNS-SMARTAG2.1.2.0
2025-11-07 07:23:41,445 [WARN] PackLoader:240 - Cannot read IP mode file for STMicroelectronics.FP-SNS-FLIGHT1.5.1.0
2025-11-07 07:23:41,459 [INFO] LogOutputStream:77 - [STDOUT_REDIRECT] 1 : Invalid condition id : UX_CORESTACK_Condition cause : null
2025-11-07 07:23:41,461 [INFO] LogOutputStream:77 - [STDOUT_REDIRECT] 1 : Invalid condition id : UX_CORESTACK_Condition cause : null
2025-11-07 07:23:41,463 [INFO] LogOutputStream:77 - [STDOUT_REDIRECT] 1 : Invalid condition id : UX_CORESTACK_Condition cause : null
2025-11-07 07:23:41,465 [INFO] LogOutputStream:77 - [STDOUT_REDIRECT] 1 : Invalid condition id : UX_CORESTACK_Condition cause : null
2025-11-07 07:23:41,468 [INFO] LogOutputStream:77 - [STDOUT_REDIRECT] 1 : Invalid condition id : UX_CORESTACK_Condition cause : null
2025-11-07 07:23:41,479 [WARN] PackLoader:240 - Cannot read IP mode file for STMicroelectronics.X-CUBE-AZRTOS-WL.2.0.0
2025-11-07 07:23:41,501 [WARN] PackLoader:240 - Cannot read IP mode file for STMicroelectronics.X-CUBE-BLE2.3.3.0
2025-11-07 07:23:41,511 [WARN] PackLoader:240 - Cannot read IP mode file for STMicroelectronics.X-CUBE-NFC9.1.0.0
2025-11-07 07:23:41,521 [WARN] PackLoader:240 - Cannot read IP mode file for wolfSSL.I-CUBE-wolfSSL.5.8.2
2025-11-07 07:23:41,530 [WARN] PackLoader:240 - Cannot read IP mode file for STMicroelectronics.X-CUBE-BLE1.7.1.0
2025-11-07 07:23:41,539 [WARN] PackLoader:240 - Cannot read IP mode file for wolfSSL.I-CUBE-wolfMQTT.1.19.2
2025-11-07 07:23:41,553 [WARN] PackLoader:240 - Cannot read IP mode file for STMicroelectronics.X-CUBE-EEPRMA1.5.2.0
2025-11-07 07:23:41,564 [WARN] PackLoader:240 - Cannot read IP mode file for STMicroelectronics.X-CUBE-ST67W61.1.1.0
2025-11-07 07:23:41,582 [WARN] PackLoader:240 - Cannot read IP mode file for STMicroelectronics.X-CUBE-AZRTOS-G0.1.1.0
2025-11-07 07:23:41,593 [WARN] PackLoader:240 - Cannot read IP mode file for STMicroelectronics.X-CUBE-SAFEA1.1.2.2
2025-11-07 07:23:41,602 [WARN] PackLoader:240 - Cannot read IP mode file for STMicroelectronics.X-CUBE-NFC4.3.0.0
2025-11-07 07:23:41,609 [WARN] PackLoader:240 - Cannot read IP mode file for STMicroelectronics.X-CUBE-WB05N.2.0.0
2025-11-07 07:23:41,616 [WARN] PackLoader:240 - Cannot read IP mode file for wolfSSL.I-CUBE-wolfTPM.3.8.0
2025-11-07 07:23:41,624 [WARN] PackLoader:240 - Cannot read IP mode file for STMicroelectronics.X-CUBE-TCPP.4.2.0
2025-11-07 07:23:41,631 [WARN] PackLoader:240 - Cannot read IP mode file for RealThread.X-CUBE-RT-Thread_Nano.4.1.1
2025-11-07 07:23:41,637 [WARN] PackLoader:240 - Cannot read IP mode file for STMicroelectronics.FP-ATR-SIGFOX1.3.2.0
2025-11-07 07:23:41,645 [WARN] PackLoader:240 - Cannot read IP mode file for ITTIA_DB.I-CUBE-ITTIADB.8.9.0
2025-11-07 07:23:41,651 [WARN] PackLoader:240 - Cannot read IP mode file for STMicroelectronics.X-CUBE-AI.10.2.0
2025-11-07 07:23:41,674 [WARN] PackLoader:240 - Cannot read IP mode file for SEGGER.I-CUBE-embOS.1.3.1
2025-11-07 07:23:41,706 [WARN] PackLoader:240 - Cannot read IP mode file for STMicroelectronics.X-CUBE-ALGOBUILD.1.4.0
2025-11-07 07:23:41,749 [WARN] PackLoader:240 - Cannot read IP mode file for STMicroelectronics.X-CUBE-MEMS1.11.3.0
2025-11-07 07:23:41,954 [WARN] PackLoader:240 - Cannot read IP mode file for STMicroelectronics.X-CUBE-PM33A1.1.0.0
2025-11-07 07:23:41,971 [WARN] PackLoader:240 - Cannot read IP mode file for STMicroelectronics.X-CUBE-AZRTOS-F4.1.1.0
2025-11-07 07:23:41,979 [WARN] PackLoader:240 - Cannot read IP mode file for STMicroelectronics.X-CUBE-ISPU.2.1.0
2025-11-07 07:23:41,995 [WARN] PackLoader:240 - Cannot read IP mode file for STMicroelectronics.X-CUBE-IPS.3.2.0
2025-11-07 07:23:42,006 [WARN] PackLoader:240 - Cannot read IP mode file for STMicroelectronics.X-CUBE-NFC12.1.0.0
2025-11-07 07:23:42,018 [WARN] PackLoader:240 - Cannot read IP mode file for STMicroelectronics.X-CUBE-AZRTOS-L5.2.0.0
2025-11-07 07:23:42,029 [WARN] PackLoader:240 - Cannot read IP mode file for STMicroelectronics.X-CUBE-NFC6.3.1.0
2025-11-07 07:23:42,037 [WARN] PackLoader:240 - Cannot read IP mode file for STMicroelectronics.X-CUBE-FREERTOS.1.3.1
2025-11-07 07:23:42,047 [WARN] PackLoader:240 - Cannot read IP mode file for STMicroelectronics.X-CUBE-TOUCHGFX.4.26.0
2025-11-07 07:23:42,053 [WARN] PackLoader:240 - Cannot read IP mode file for STMicroelectronics.FP-SNS-STAIOTCFT.1.0.0
2025-11-07 07:23:42,060 [WARN] PackLoader:240 - Cannot read IP mode file for STMicroelectronics.X-CUBE-DPower.1.3.0
2025-11-07 07:23:42,080 [WARN] ConditionMgr:438 - getConditionDescription Invalid condition id : LAN8742 Phy interface Condition cause : null
2025-11-07 07:23:42,081 [WARN] PackLoader:240 - Cannot read IP mode file for STMicroelectronics.X-CUBE-AZRTOS-L4.2.0.0
2025-11-07 07:23:42,082 [WARN] ConditionMgr:1044 - genDependencies : Invalid condition id : LAN8742 Phy interface Condition cause : null
2025-11-07 07:23:42,082 [WARN] ConditionMgr:1044 - genDependencies : Invalid condition id : LAN8742 Phy interface Condition cause : null
2025-11-07 07:23:42,083 [WARN] ConditionMgr:1044 - genDependencies : Invalid condition id : LAN8742 Phy interface Condition cause : null
2025-11-07 07:23:42,092 [WARN] PackLoader:240 - Cannot read IP mode file for STMicroelectronics.X-CUBE-SFXS2LP1.4.0.0
2025-11-07 07:23:42,103 [WARN] PackLoader:240 - Cannot read IP mode file for STMicroelectronics.X-CUBE-BLEMGR.4.1.0
2025-11-07 07:23:42,118 [WARN] ConditionMgr:438 - getConditionDescription Invalid condition id : UX DEVICE CLASS RTOS Condition cause : null
2025-11-07 07:23:42,118 [WARN] ConditionMgr:438 - getConditionDescription Invalid condition id : UX DEVICE CLASS RTOS Condition cause : null
2025-11-07 07:23:42,120 [WARN] PackLoader:240 - Cannot read IP mode file for STMicroelectronics.X-CUBE-AZRTOS-WB.2.0.0
2025-11-07 07:23:42,121 [WARN] ConditionMgr:1044 - genDependencies : Invalid condition id : UX DEVICE CLASS RTOS Condition cause : null
2025-11-07 07:23:42,121 [WARN] ConditionMgr:1044 - genDependencies : Invalid condition id : UX DEVICE CLASS RTOS Condition cause : null
2025-11-07 07:23:42,121 [WARN] ConditionMgr:1044 - genDependencies : Invalid condition id : UX DEVICE CLASS RTOS Condition cause : null
2025-11-07 07:23:42,122 [WARN] ConditionMgr:1044 - genDependencies : Invalid condition id : UX DEVICE CLASS RTOS Condition cause : null
2025-11-07 07:23:42,122 [WARN] ConditionMgr:1044 - genDependencies : Invalid condition id : UX DEVICE CLASS RTOS Condition cause : null
2025-11-07 07:23:42,128 [WARN] PackLoader:240 - Cannot read IP mode file for STMicroelectronics.X-CUBE-GNSS1.7.0.1
2025-11-07 07:23:42,135 [WARN] ConditionMgr:438 - getConditionDescription Invalid condition id : Cortex-A Device cause : null
2025-11-07 07:23:42,161 [WARN] ConditionMgr:1044 - genDependencies : Invalid condition id : Cortex-A Device cause : null
2025-11-07 07:23:42,161 [WARN] ConditionMgr:1044 - genDependencies : Invalid condition id : Cortex-A Device cause : null
2025-11-07 07:23:42,161 [WARN] ConditionMgr:1044 - genDependencies : Invalid condition id : Cortex-A Device cause : null
2025-11-07 07:23:42,169 [WARN] PackLoader:240 - Cannot read IP mode file for STMicroelectronics.X-CUBE-SUBG2.5.0.0
2025-11-07 07:23:42,184 [WARN] PackLoader:240 - Cannot read IP mode file for STMicroelectronics.X-CUBE-AZRTOS-H7RS.1.1.0
2025-11-07 07:23:42,195 [WARN] PackLoader:240 - Cannot read IP mode file for STMicroelectronics.X-CUBE-AZRTOS-G4.2.0.0
2025-11-07 07:23:42,201 [WARN] PackLoader:240 - Cannot read IP mode file for wolfSSL.I-CUBE-wolfSSH.1.4.20
2025-11-07 07:23:42,206 [WARN] PackLoader:240 - Cannot read IP mode file for STMicroelectronics.X-CUBE-NFC7.2.0.0
2025-11-07 07:23:42,225 [WARN] PackLoader:240 - Cannot read IP mode file for STMicroelectronics.X-CUBE-ALS.1.0.2
2025-11-07 07:23:42,231 [WARN] PackLoader:240 - Cannot read IP mode file for STMicroelectronics.X-CUBE-STSE01.1.0.0
2025-11-07 07:23:42,238 [WARN] PackLoader:240 - Cannot read IP mode file for STMicroelectronics.X-CUBE-TOF1.3.4.3
2025-11-07 07:23:42,248 [INFO] ThirdParty:978 - Integrity check success = true
2025-11-07 07:23:42,248 [INFO] IntegrityCheckThread:100 - exiting critical section [integrity check]
2025-11-07 07:23:42,248 [INFO] IntegrityCheckThread:103 - End integrity checks thread
2025-11-07 07:23:42,768 [INFO] WebApp:169 - Instantiating new browser for Auth
2025-11-07 07:23:43,951 [INFO] WebApp:463 - Apply proxy settings
2025-11-07 07:23:43,952 [INFO] WebApp:548 - Chromium requires no authentication
2025-11-07 07:23:43,968 [INFO] WebApp:491 - Direct internet connection detected
2025-11-07 07:23:44,013 [INFO] WebApp:900 - Register for checkConnection events
2025-11-07 07:23:44,013 [INFO] WebApp:463 - Apply proxy settings
2025-11-07 07:23:44,013 [INFO] WebApp:548 - Chromium requires no authentication
2025-11-07 07:23:44,014 [INFO] WebApp:491 - Direct internet connection detected
2025-11-07 07:23:44,171 [INFO] WebApp:191 - Connection restablished
2025-11-07 07:23:44,402 [INFO] WebApp:225 - Starting web application
2025-11-07 07:23:44,402 [INFO] WebApp:593 - Web application path used C:\ST\STM32CubeIDE_1.19.0\STM32CubeIDE\plugins\com.st.stm32cube.common.mx_6.15.0.202507011659\db\plugins\mcufinder\reactClient1\index.html
2025-11-07 07:23:44,560 [INFO] UserAuth:487 - Internet connection configuration mode: 1
2025-11-07 07:41:38,877 [INFO] WebApp:194 - Connection lost
2025-11-07 07:41:39,022 [INFO] WebApp:191 - Connection restablished
2025-11-07 08:05:00,390 [INFO] WebApp:194 - Connection lost
2025-11-07 08:05:00,537 [INFO] WebApp:191 - Connection restablished
2025-11-07 09:49:34,004 [INFO] WebApp:194 - Connection lost
2025-11-07 09:49:34,209 [INFO] WebApp:191 - Connection restablished
2025-11-07 10:14:47,028 [INFO] WebApp:194 - Connection lost
2025-11-07 10:14:47,197 [INFO] WebApp:191 - Connection restablished
2025-11-07 10:31:43,500 [INFO] WebApp:194 - Connection lost
2025-11-07 10:31:43,676 [INFO] WebApp:191 - Connection restablished
2025-11-07 11:34:08,035 [INFO] WebApp:194 - Connection lost
2025-11-07 11:34:08,228 [INFO] WebApp:191 - Connection restablished
2025-11-07 11:36:13,036 [INFO] WebApp:194 - Connection lost
2025-11-07 11:36:13,233 [INFO] WebApp:191 - Connection restablished
2025-11-07 11:38:55,074 [INFO] WebApp:194 - Connection lost
2025-11-07 11:38:55,243 [INFO] WebApp:191 - Connection restablished
2025-11-07 11:52:40,604 [INFO] WebApp:194 - Connection lost
2025-11-07 11:52:40,775 [INFO] WebApp:191 - Connection restablished
2025-11-07 12:27:08,584 [INFO] WebApp:194 - Connection lost
2025-11-07 12:27:08,767 [INFO] WebApp:191 - Connection restablished
2025-11-07 12:44:55,622 [INFO] WebApp:194 - Connection lost
2025-11-07 12:44:55,760 [INFO] WebApp:191 - Connection restablished
2025-11-07 12:47:56,602 [INFO] WebApp:194 - Connection lost
2025-11-07 12:47:57,447 [INFO] WebApp:191 - Connection restablished
2025-11-07 12:59:56,132 [INFO] WebApp:194 - Connection lost
2025-11-07 12:59:56,280 [INFO] WebApp:191 - Connection restablished
2025-11-07 13:02:58,107 [INFO] WebApp:194 - Connection lost
2025-11-07 13:02:58,264 [INFO] WebApp:191 - Connection restablished
2025-11-07 13:07:27,118 [INFO] WebApp:194 - Connection lost
2025-11-07 13:07:27,279 [INFO] WebApp:191 - Connection restablished
2025-11-07 13:10:17,642 [INFO] WebApp:194 - Connection lost
2025-11-07 13:10:17,796 [INFO] WebApp:191 - Connection restablished
2025-11-07 13:31:19,179 [INFO] WebApp:194 - Connection lost
2025-11-07 13:31:19,329 [INFO] WebApp:191 - Connection restablished
2025-11-07 13:36:11,137 [INFO] WebApp:194 - Connection lost
2025-11-07 13:36:11,318 [INFO] WebApp:191 - Connection restablished
2025-11-07 13:52:30,201 [INFO] WebApp:194 - Connection lost
2025-11-07 13:52:30,387 [INFO] WebApp:191 - Connection restablished
2025-11-07 14:02:18,696 [INFO] WebApp:194 - Connection lost
2025-11-07 14:02:18,894 [INFO] WebApp:191 - Connection restablished
