2025-11-12 11:44:35,457 [INFO] Activator:176 - 


2025-11-12 11:44:35,462 [INFO] Activator:177 - !SESSION log4j initialized
2025-11-12 11:44:41,125 [INFO] LogOutputStream:77 - [STDOUT_REDIRECT] 
2025-11-12 11:44:44,404 [INFO] ApplicationProperties:184 - Using Application install path: C:\ST\STM32CubeIDE_1.19.0\STM32CubeIDE\plugins\com.st.stm32cube.common.mx_6.15.0.202507011659
2025-11-12 11:44:44,425 [INFO] DbMcusXml:78 - Set database path to: C:\ST\STM32CubeIDE_1.19.0\STM32CubeIDE\plugins\com.st.stm32cube.common.mx_6.15.0.202507011659\\db\/mcu/
2025-11-12 11:44:44,425 [INFO] ApiDb:274 - Set plugin database path to: C:\ST\STM32CubeIDE_1.19.0\STM32CubeIDE\plugins\com.st.stm32cube.common.mx_6.15.0.202507011659\\db\/plugins/boardmanager/
2025-11-12 11:44:44,426 [WARN] ApiDb:259 - Overriding images path with different value:  => C:\ST\STM32CubeIDE_1.19.0\STM32CubeIDE\plugins\com.st.stm32cube.common.mx_6.15.0.202507011659\\db\/plugins/mcufinder/images/
2025-11-12 11:44:44,432 [INFO] ApiDb:250 - Set database path to: C:\Users\liushaw\.stmcufinder\plugins\mcufinder//mcu/
2025-11-12 11:44:44,433 [INFO] DbMcusAds:125 - Set database path to: C:\Users\liushaw\.stmcufinder\plugins\mcufinder//mcu/
2025-11-12 11:44:44,435 [INFO] CrossReferenceDbSqlite:203 - Set database path to: C:\Users\liushaw\.stmcufinder\plugins\mcufinder//mcu/cs/
2025-11-12 11:44:44,553 [INFO] RulesReader:64 - Compatibility file has been processed (317 Rules)
2025-11-12 11:44:44,660 [INFO] DbMcusXml:78 - Set database path to: C:\ST\STM32CubeIDE_1.19.0\STM32CubeIDE\plugins\com.st.stm32cube.common.mx_6.15.0.202507011659\\db\/mcu/
2025-11-12 11:44:44,661 [INFO] ApiDb:274 - Set plugin database path to: C:\ST\STM32CubeIDE_1.19.0\STM32CubeIDE\plugins\com.st.stm32cube.common.mx_6.15.0.202507011659\\db\/plugins/boardmanager/
2025-11-12 11:44:44,661 [INFO] ApiDb:261 - Set plugin images path to: C:\ST\STM32CubeIDE_1.19.0\STM32CubeIDE\plugins\com.st.stm32cube.common.mx_6.15.0.202507011659\\db\/plugins/mcufinder/images/
2025-11-12 11:44:44,661 [WARN] DbFile:41 - Overriding database path with different value: C:\Users\liushaw\.stmcufinder\plugins\mcufinder/ => C:\Users\liushaw\.stmcufinder\plugins\mcufinder
2025-11-12 11:44:44,661 [INFO] ApiDb:250 - Set database path to: C:\Users\liushaw\.stmcufinder\plugins\mcufinder//mcu/
2025-11-12 11:44:44,661 [WARN] DbFile:41 - Overriding database path with different value: C:\Users\liushaw\.stmcufinder\plugins\mcufinder/ => C:\Users\liushaw\.stmcufinder\plugins\mcufinder
2025-11-12 11:44:44,661 [INFO] DbMcusAds:125 - Set database path to: C:\Users\liushaw\.stmcufinder\plugins\mcufinder//mcu/
2025-11-12 11:44:44,661 [WARN] DbFile:41 - Overriding database path with different value: C:\Users\liushaw\.stmcufinder\plugins\mcufinder/ => C:\Users\liushaw\.stmcufinder\plugins\mcufinder
2025-11-12 11:44:44,661 [WARN] DbFile:41 - Overriding database path with different value: C:\Users\liushaw\.stmcufinder\plugins\mcufinder/ => C:\Users\liushaw\.stmcufinder\plugins\mcufinder
2025-11-12 11:44:44,662 [INFO] CrossReferenceDbSqlite:203 - Set database path to: C:\Users\liushaw\.stmcufinder\plugins\mcufinder//mcu/cs/
2025-11-12 11:44:44,737 [INFO] MainPanel:274 - HeapMemory: 268435456
2025-11-12 11:44:44,853 [INFO] DbMcusXml:78 - Set database path to: C:\ST\STM32CubeIDE_1.19.0\STM32CubeIDE\plugins\com.st.stm32cube.common.mx_6.15.0.202507011659\\db\/mcu/
2025-11-12 11:44:44,853 [INFO] ApiDb:274 - Set plugin database path to: C:\ST\STM32CubeIDE_1.19.0\STM32CubeIDE\plugins\com.st.stm32cube.common.mx_6.15.0.202507011659\\db\/plugins/boardmanager/
2025-11-12 11:44:44,853 [INFO] ApiDb:261 - Set plugin images path to: C:\ST\STM32CubeIDE_1.19.0\STM32CubeIDE\plugins\com.st.stm32cube.common.mx_6.15.0.202507011659\\db\/plugins/mcufinder/images/
2025-11-12 11:44:44,853 [WARN] DbFile:41 - Overriding database path with different value: C:\Users\liushaw\.stmcufinder\plugins\mcufinder/ => C:\Users\liushaw\.stmcufinder\plugins\mcufinder
2025-11-12 11:44:44,853 [INFO] ApiDb:250 - Set database path to: C:\Users\liushaw\.stmcufinder\plugins\mcufinder//mcu/
2025-11-12 11:44:44,853 [WARN] DbFile:41 - Overriding database path with different value: C:\Users\liushaw\.stmcufinder\plugins\mcufinder/ => C:\Users\liushaw\.stmcufinder\plugins\mcufinder
2025-11-12 11:44:44,853 [INFO] DbMcusAds:125 - Set database path to: C:\Users\liushaw\.stmcufinder\plugins\mcufinder//mcu/
2025-11-12 11:44:44,853 [WARN] DbFile:41 - Overriding database path with different value: C:\Users\liushaw\.stmcufinder\plugins\mcufinder/ => C:\Users\liushaw\.stmcufinder\plugins\mcufinder
2025-11-12 11:44:44,853 [WARN] DbFile:41 - Overriding database path with different value: C:\Users\liushaw\.stmcufinder\plugins\mcufinder/ => C:\Users\liushaw\.stmcufinder\plugins\mcufinder
2025-11-12 11:44:44,853 [INFO] CrossReferenceDbSqlite:203 - Set database path to: C:\Users\liushaw\.stmcufinder\plugins\mcufinder//mcu/cs/
2025-11-12 11:44:44,871 [INFO] ApplicationProperties:184 - Using Application install path: C:\ST\STM32CubeIDE_1.19.0\STM32CubeIDE\plugins\com.st.stm32cube.common.mx_6.15.0.202507011659
2025-11-12 11:44:44,872 [INFO] PluginManage:196 - Search for loadable plugins [exclusion list=, ]
2025-11-12 11:44:44,874 [INFO] PluginManage:310 - Check plugin analytics
2025-11-12 11:44:45,101 [INFO] AnalyticsPlugin:253 - Accepted Software Licenses: STM32CubeMX.6.15.0
2025-11-12 11:44:45,102 [INFO] AnalyticsPlugin:255 - Accepted CMSIS Pack Licenses: 
2025-11-12 11:44:45,102 [INFO] AnalyticsPlugin:257 - Accepted Firmware Licenses: FW.F4.1.28.0
2025-11-12 11:44:45,106 [INFO] PluginManage:359 - Loaded plugin analytics (category:tool,tabindex:-1)
2025-11-12 11:44:45,106 [INFO] PluginManage:310 - Check plugin cadmodel
2025-11-12 11:44:45,113 [INFO] CADModel:105 - Init CAD model plugin
2025-11-12 11:44:45,114 [INFO] PluginManage:359 - Loaded plugin cadmodel (category:power,tabindex:5)
2025-11-12 11:44:45,114 [INFO] PluginManage:310 - Check plugin clock
2025-11-12 11:44:45,127 [INFO] PluginManage:359 - Loaded plugin clock (category:base,tabindex:2)
2025-11-12 11:44:45,127 [INFO] PluginManage:310 - Check plugin ddr
2025-11-12 11:44:45,130 [INFO] PluginManage:359 - Loaded plugin ddr (category:tool,tabindex:6)
2025-11-12 11:44:45,130 [INFO] PluginManage:310 - Check plugin filemanager
2025-11-12 11:44:45,297 [INFO] PluginManage:359 - Loaded plugin filemanager (category:base,tabindex:10)
2025-11-12 11:44:45,297 [INFO] PluginManage:310 - Check plugin ipmanager
2025-11-12 11:44:45,306 [INFO] PluginManage:359 - Loaded plugin ipmanager (category:base,tabindex:5)
2025-11-12 11:44:45,307 [INFO] PluginManage:310 - Check plugin lpbam
2025-11-12 11:44:45,318 [INFO] PluginManage:359 - Loaded plugin lpbam (category:base,tabindex:0)
2025-11-12 11:44:45,318 [INFO] PluginManage:310 - Check plugin memorymap
2025-11-12 11:44:45,336 [INFO] PluginManage:359 - Loaded plugin memorymap (category:base,tabindex:4)
2025-11-12 11:44:45,336 [INFO] PluginManage:310 - Check plugin pinoutandconfiguration
2025-11-12 11:44:45,345 [INFO] PluginManage:359 - Loaded plugin pinoutandconfiguration (category:base,tabindex:1)
2025-11-12 11:44:45,346 [INFO] PluginManage:310 - Check plugin pinoutconfig
2025-11-12 11:44:45,439 [WARN] SupportedApi:132 - Cannot load RTOS API schema: s4s-elt-must-match.1: The content of 'definitions' must match (annotation?, (simpleType | complexType)?, (unique | key | keyref)*)). A problem was found starting at: attribute.
2025-11-12 11:44:45,569 [INFO] PluginManage:359 - Loaded plugin pinoutconfig (category:base,tabindex:0)
2025-11-12 11:44:45,569 [INFO] PluginManage:310 - Check plugin power
2025-11-12 11:44:45,578 [INFO] PluginManage:359 - Loaded plugin power (category:power,tabindex:4)
2025-11-12 11:44:45,578 [INFO] PluginManage:310 - Check plugin projectmanager
2025-11-12 11:44:45,594 [INFO] PluginManage:359 - Loaded plugin projectmanager (category:projectmanager,tabindex:4)
2025-11-12 11:44:45,594 [INFO] PluginManage:310 - Check plugin rif
2025-11-12 11:44:45,604 [INFO] PluginManage:359 - Loaded plugin rif (category:base,tabindex:3)
2025-11-12 11:44:45,605 [INFO] PluginManage:310 - Check plugin thirdparty
2025-11-12 11:44:45,743 [INFO] PluginManage:359 - Loaded plugin thirdparty (category:base,tabindex:-1)
2025-11-12 11:44:45,743 [WARN] IntegrityCheckThread:84 - waiting for thirdparty lock release [integrity check]
2025-11-12 11:44:45,744 [INFO] PluginManage:310 - Check plugin tools
2025-11-12 11:44:45,744 [INFO] IntegrityCheckThread:86 - entering critical section [integrity check]
2025-11-12 11:44:45,744 [INFO] ThirdPartyUpdaterWithRetryManager:70 - Updater plugin not ready yet. [1/15]
2025-11-12 11:44:45,747 [INFO] PluginManage:359 - Loaded plugin tools (category:base,tabindex:7)
2025-11-12 11:44:45,747 [INFO] PluginManage:310 - Check plugin tutovideos
2025-11-12 11:44:45,964 [INFO] PluginManage:359 - Loaded plugin tutovideos (category:base,tabindex:-1)
2025-11-12 11:44:45,965 [INFO] PluginManage:310 - Check plugin updater
2025-11-12 11:44:45,987 [INFO] PluginManage:359 - Loaded plugin updater (category:base,tabindex:12)
2025-11-12 11:44:45,987 [INFO] PluginManage:310 - Check plugin userauth
2025-11-12 11:44:45,993 [INFO] UserAuth:118 - Init User Auth plugin
2025-11-12 11:44:45,995 [INFO] PluginManage:359 - Loaded plugin userauth (category:base,tabindex:14)
2025-11-12 11:44:45,995 [INFO] PluginManage:283 - PluginManage : Loaded plugins [18]
2025-11-12 11:44:46,234 [INFO] PinOutPanel:1589 - setPackage(No Configuration,No Configuration)
2025-11-12 11:44:46,337 [INFO] CADModel:165 - CPN selected for project level
2025-11-12 11:44:46,337 [INFO] CADModel:114 - Register for checkConnection events
2025-11-12 11:44:46,358 [INFO] IPUIPlugin:80 - create IPUIPlugin
2025-11-12 11:44:46,358 [INFO] PluginManager:220 - loadIPPluginJar : add adc
2025-11-12 11:44:46,362 [INFO] IPUIPlugin:80 - create IPUIPlugin
2025-11-12 11:44:46,362 [INFO] PluginManager:220 - loadIPPluginJar : add aes
2025-11-12 11:44:46,365 [INFO] IPUIPlugin:80 - create IPUIPlugin
2025-11-12 11:44:46,365 [INFO] PluginManager:220 - loadIPPluginJar : add can
2025-11-12 11:44:46,367 [INFO] IPUIPlugin:80 - create IPUIPlugin
2025-11-12 11:44:46,367 [INFO] PluginManager:220 - loadIPPluginJar : add comp
2025-11-12 11:44:46,369 [INFO] IPUIPlugin:80 - create IPUIPlugin
2025-11-12 11:44:46,370 [INFO] PluginManager:220 - loadIPPluginJar : add cryp
2025-11-12 11:44:46,373 [INFO] IPUIPlugin:80 - create IPUIPlugin
2025-11-12 11:44:46,373 [INFO] PluginManager:220 - loadIPPluginJar : add ddr_ctrl_phy
2025-11-12 11:44:46,376 [INFO] IPUIPlugin:80 - create IPUIPlugin
2025-11-12 11:44:46,377 [INFO] PluginManager:220 - loadIPPluginJar : add dfsdm
2025-11-12 11:44:46,383 [INFO] IPUIPlugin:80 - create IPUIPlugin
2025-11-12 11:44:46,384 [INFO] PluginManager:220 - loadIPPluginJar : add dma
2025-11-12 11:44:46,387 [INFO] IPUIPlugin:80 - create IPUIPlugin
2025-11-12 11:44:46,387 [INFO] PluginManager:220 - loadIPPluginJar : add dma3
2025-11-12 11:44:46,390 [INFO] IPUIPlugin:80 - create IPUIPlugin
2025-11-12 11:44:46,390 [INFO] PluginManager:220 - loadIPPluginJar : add extmemmanager
2025-11-12 11:44:46,392 [INFO] IPUIPlugin:80 - create IPUIPlugin
2025-11-12 11:44:46,392 [INFO] PluginManager:220 - loadIPPluginJar : add fatfs
2025-11-12 11:44:46,398 [INFO] IPUIPlugin:80 - create IPUIPlugin
2025-11-12 11:44:46,398 [INFO] PluginManager:220 - loadIPPluginJar : add fmc
2025-11-12 11:44:46,407 [INFO] IPUIPlugin:80 - create IPUIPlugin
2025-11-12 11:44:46,407 [INFO] PluginManager:220 - loadIPPluginJar : add freertos
2025-11-12 11:44:46,409 [INFO] IPUIPlugin:80 - create IPUIPlugin
2025-11-12 11:44:46,409 [INFO] PluginManager:220 - loadIPPluginJar : add genericplugin
2025-11-12 11:44:46,411 [INFO] IPUIPlugin:80 - create IPUIPlugin
2025-11-12 11:44:46,412 [INFO] PluginManager:220 - loadIPPluginJar : add gfxmmu
2025-11-12 11:44:46,417 [INFO] IPUIPlugin:80 - create IPUIPlugin
2025-11-12 11:44:46,417 [INFO] PluginManager:220 - loadIPPluginJar : add gic
2025-11-12 11:44:46,422 [INFO] IPUIPlugin:80 - create IPUIPlugin
2025-11-12 11:44:46,422 [INFO] PluginManager:220 - loadIPPluginJar : add gpio
2025-11-12 11:44:46,425 [INFO] IPUIPlugin:80 - create IPUIPlugin
2025-11-12 11:44:46,426 [INFO] PluginManager:220 - loadIPPluginJar : add gtzc
2025-11-12 11:44:46,428 [INFO] IPUIPlugin:80 - create IPUIPlugin
2025-11-12 11:44:46,429 [INFO] PluginManager:220 - loadIPPluginJar : add hash
2025-11-12 11:44:46,431 [INFO] IPUIPlugin:80 - create IPUIPlugin
2025-11-12 11:44:46,431 [INFO] PluginManager:220 - loadIPPluginJar : add i2c
2025-11-12 11:44:46,433 [INFO] IPUIPlugin:80 - create IPUIPlugin
2025-11-12 11:44:46,434 [INFO] PluginManager:220 - loadIPPluginJar : add i2s
2025-11-12 11:44:46,436 [INFO] IPUIPlugin:80 - create IPUIPlugin
2025-11-12 11:44:46,437 [INFO] PluginManager:220 - loadIPPluginJar : add i3c
2025-11-12 11:44:46,443 [INFO] IPUIPlugin:80 - create IPUIPlugin
2025-11-12 11:44:46,444 [INFO] PluginManager:220 - loadIPPluginJar : add ipddr
2025-11-12 11:44:46,451 [INFO] IPUIPlugin:80 - create IPUIPlugin
2025-11-12 11:44:46,451 [INFO] PluginManager:220 - loadIPPluginJar : add linkedlist
2025-11-12 11:44:46,454 [INFO] IPUIPlugin:80 - create IPUIPlugin
2025-11-12 11:44:46,454 [INFO] PluginManager:220 - loadIPPluginJar : add lorawan
2025-11-12 11:44:46,455 [INFO] IPUIPlugin:80 - create IPUIPlugin
2025-11-12 11:44:46,456 [INFO] PluginManager:220 - loadIPPluginJar : add ltdc
2025-11-12 11:44:46,462 [INFO] IPUIPlugin:80 - create IPUIPlugin
2025-11-12 11:44:46,462 [INFO] PluginManager:220 - loadIPPluginJar : add mdma
2025-11-12 11:44:46,466 [INFO] IPUIPlugin:80 - create IPUIPlugin
2025-11-12 11:44:46,466 [INFO] PluginManager:220 - loadIPPluginJar : add nvic
2025-11-12 11:44:46,469 [INFO] IPUIPlugin:80 - create IPUIPlugin
2025-11-12 11:44:46,469 [INFO] PluginManager:220 - loadIPPluginJar : add opamp
2025-11-12 11:44:46,472 [INFO] IPUIPlugin:80 - create IPUIPlugin
2025-11-12 11:44:46,472 [INFO] PluginManager:220 - loadIPPluginJar : add openamp
2025-11-12 11:44:46,475 [INFO] IPUIPlugin:80 - create IPUIPlugin
2025-11-12 11:44:46,475 [INFO] PluginManager:220 - loadIPPluginJar : add pdm2pcm
2025-11-12 11:44:46,482 [INFO] IPUIPlugin:80 - create IPUIPlugin
2025-11-12 11:44:46,484 [INFO] PluginManager:220 - loadIPPluginJar : add plateformsettings
2025-11-12 11:44:46,485 [INFO] IPUIPlugin:80 - create IPUIPlugin
2025-11-12 11:44:46,485 [INFO] PluginManager:220 - loadIPPluginJar : add quadspi
2025-11-12 11:44:46,487 [INFO] IPUIPlugin:80 - create IPUIPlugin
2025-11-12 11:44:46,487 [INFO] PluginManager:220 - loadIPPluginJar : add radio
2025-11-12 11:44:46,490 [INFO] IPUIPlugin:80 - create IPUIPlugin
2025-11-12 11:44:46,490 [INFO] PluginManager:220 - loadIPPluginJar : add resmgrutility
2025-11-12 11:44:46,493 [INFO] IPUIPlugin:80 - create IPUIPlugin
2025-11-12 11:44:46,493 [INFO] PluginManager:220 - loadIPPluginJar : add sai
2025-11-12 11:44:46,495 [INFO] IPUIPlugin:80 - create IPUIPlugin
2025-11-12 11:44:46,495 [INFO] PluginManager:220 - loadIPPluginJar : add spi
2025-11-12 11:44:46,501 [INFO] IPUIPlugin:80 - create IPUIPlugin
2025-11-12 11:44:46,501 [INFO] PluginManager:220 - loadIPPluginJar : add stm32_wpan
2025-11-12 11:44:46,502 [INFO] IPUIPlugin:80 - create IPUIPlugin
2025-11-12 11:44:46,502 [INFO] PluginManager:220 - loadIPPluginJar : add tim
2025-11-12 11:44:46,504 [INFO] IPUIPlugin:80 - create IPUIPlugin
2025-11-12 11:44:46,505 [INFO] PluginManager:220 - loadIPPluginJar : add touchsensing
2025-11-12 11:44:46,506 [INFO] IPUIPlugin:80 - create IPUIPlugin
2025-11-12 11:44:46,506 [INFO] PluginManager:220 - loadIPPluginJar : add tracer_emb
2025-11-12 11:44:46,507 [INFO] IPUIPlugin:80 - create IPUIPlugin
2025-11-12 11:44:46,507 [INFO] PluginManager:220 - loadIPPluginJar : add ts
2025-11-12 11:44:46,508 [INFO] IPUIPlugin:80 - create IPUIPlugin
2025-11-12 11:44:46,509 [INFO] PluginManager:220 - loadIPPluginJar : add tsc
2025-11-12 11:44:46,510 [INFO] IPUIPlugin:80 - create IPUIPlugin
2025-11-12 11:44:46,510 [INFO] PluginManager:220 - loadIPPluginJar : add ucpd
2025-11-12 11:44:46,512 [INFO] IPUIPlugin:80 - create IPUIPlugin
2025-11-12 11:44:46,512 [INFO] PluginManager:220 - loadIPPluginJar : add usart
2025-11-12 11:44:46,514 [INFO] IPUIPlugin:80 - create IPUIPlugin
2025-11-12 11:44:46,515 [INFO] PluginManager:220 - loadIPPluginJar : add usbx
2025-11-12 11:44:46,634 [FATAL] Updater:351 - Updater called before beeing initialized
2025-11-12 11:44:46,657 [INFO] RulesReader:64 - Compatibility file has been processed (317 Rules)
2025-11-12 11:44:46,666 [INFO] RulesReader:64 - Compatibility file has been processed (317 Rules)
2025-11-12 11:44:46,681 [INFO] CADModel:165 - CPN selected for project level
2025-11-12 11:44:46,681 [INFO] CADModel:114 - Register for checkConnection events
2025-11-12 11:44:46,681 [FATAL] Updater:351 - Updater called before beeing initialized
2025-11-12 11:44:46,681 [ERROR] CADModel:125 - Updater not yet initialized, retry later 
2025-11-12 11:44:46,838 [FATAL] Updater:351 - Updater called before beeing initialized
2025-11-12 11:44:46,840 [INFO] CADModel:165 - CPN selected for project level
2025-11-12 11:44:46,840 [INFO] CADModel:114 - Register for checkConnection events
2025-11-12 11:44:46,840 [FATAL] Updater:351 - Updater called before beeing initialized
2025-11-12 11:44:46,840 [ERROR] CADModel:125 - Updater not yet initialized, retry later 
2025-11-12 11:44:46,844 [FATAL] Updater:351 - Updater called before beeing initialized
2025-11-12 11:44:46,969 [FATAL] Updater:351 - Updater called before beeing initialized
2025-11-12 11:44:46,992 [INFO] DbMcusAds:53 - JSON generation date=Mon Nov 10 18:43:01 CST 2025 (1762771381096)
2025-11-12 11:44:46,992 [FATAL] Updater:351 - Updater called before beeing initialized
2025-11-12 11:44:47,047 [WARN] DetailPanel:346 - Failed to get advertising image, set to default
2025-11-12 11:44:47,175 [FATAL] Updater:351 - Updater called before beeing initialized
2025-11-12 11:44:47,177 [FATAL] Updater:351 - Updater called before beeing initialized
2025-11-12 11:44:47,178 [FATAL] Updater:351 - Updater called before beeing initialized
2025-11-12 11:44:47,178 [WARN] DetailPanel:346 - Failed to get advertising image, set to default
2025-11-12 11:44:47,179 [FATAL] Updater:351 - Updater called before beeing initialized
2025-11-12 11:44:47,221 [ERROR] Updater:1198 - MainUpdater not yet initialized. External WinMGr cannot be set.
2025-11-12 11:44:47,223 [INFO] Updater:1134 - Updater Version found : 6.15.0
2025-11-12 11:44:47,243 [INFO] ApplicationProperties:184 - Using Application install path: C:\ST\STM32CubeIDE_1.19.0\STM32CubeIDE\plugins\com.st.stm32cube.common.mx_6.15.0.202507011659
2025-11-12 11:44:48,745 [INFO] ThirdPartyUpdaterWithRetryManager:70 - Updater plugin not ready yet. [2/15]
2025-11-12 11:44:48,815 [ERROR] LogOutputStream:75 - [STDERR_REDIRECT] Nov 12, 2025 11:44:48 AM java.util.prefs.WindowsPreferences <init>
2025-11-12 11:44:48,816 [ERROR] LogOutputStream:75 - [STDERR_REDIRECT] WARNING: Could not open/create prefs root node Software\JavaSoft\Prefs at root 0xffffffff80000002. Windows RegCreateKeyEx(...) returned error code 5.
2025-11-12 11:44:48,816 [ERROR] LogOutputStream:75 - [STDERR_REDIRECT] 
2025-11-12 11:44:49,180 [INFO] MainUpdater:2872 - connection check result : 10
2025-11-12 11:44:49,181 [INFO] MainUpdater:289 - Updater Check For Update Now.
2025-11-12 11:44:49,181 [INFO] MicroXplorer:498 - Change Database Version : DB.6.0.150
2025-11-12 11:44:49,190 [INFO] McuFinderGlobals:63 - Set McuFinder mode to 2 (CubeIDE integrated)
2025-11-12 11:44:49,191 [INFO] UserAuth:487 - Internet connection configuration mode: 1
2025-11-12 11:44:49,246 [INFO] JxBrowserEngine:152 - Initiate JxBrowser Engine with user profile folder
2025-11-12 11:44:49,365 [INFO] CheckServerUpdateThread:120 - End of CheckServer Thread
2025-11-12 11:44:50,125 [INFO] WebApp:169 - Instantiating new browser for Auth
2025-11-12 11:44:50,816 [INFO] WebApp:463 - Apply proxy settings
2025-11-12 11:44:50,817 [INFO] WebApp:548 - Chromium requires no authentication
2025-11-12 11:44:50,829 [INFO] WebApp:491 - Direct internet connection detected
2025-11-12 11:44:50,856 [INFO] WebApp:900 - Register for checkConnection events
2025-11-12 11:44:50,856 [INFO] WebApp:463 - Apply proxy settings
2025-11-12 11:44:50,857 [INFO] WebApp:548 - Chromium requires no authentication
2025-11-12 11:44:50,857 [INFO] WebApp:491 - Direct internet connection detected
2025-11-12 11:44:51,030 [INFO] WebApp:191 - Connection restablished
2025-11-12 11:44:51,058 [INFO] WebApp:225 - Starting web application
2025-11-12 11:44:51,058 [INFO] WebApp:593 - Web application path used C:\ST\STM32CubeIDE_1.19.0\STM32CubeIDE\plugins\com.st.stm32cube.common.mx_6.15.0.202507011659\db\plugins\mcufinder\reactClient1\index.html
2025-11-12 11:44:51,141 [INFO] UserAuth:487 - Internet connection configuration mode: 1
2025-11-12 11:44:51,960 [WARN] PackLoader:240 - Cannot read IP mode file for STMicroelectronics.FP-SNS-MOTENVWB1.1.4.0
2025-11-12 11:44:52,073 [WARN] PackLoader:240 - Cannot read IP mode file for STMicroelectronics.FP-ATR-ASTRA1.2.0.2
2025-11-12 11:44:52,081 [WARN] PackLoader:240 - Cannot read IP mode file for STMicroelectronics.X-CUBE-SMBUS.2.1.0
2025-11-12 11:44:52,102 [WARN] PackLoader:240 - Cannot read IP mode file for STMicroelectronics.X-CUBE-AZRTOS-F7.1.1.0
2025-11-12 11:44:52,110 [WARN] PackLoader:240 - Cannot read IP mode file for Cesanta.I-CUBE-Mongoose.7.19.0
2025-11-12 11:44:52,114 [WARN] PackLoader:240 - Cannot read IP mode file for STMicroelectronics.FP-SNS-MOTENV1.5.1.0
2025-11-12 11:44:52,130 [WARN] PackLoader:240 - Cannot read IP mode file for WES.I-CUBE-Cesium.1.4.0
2025-11-12 11:44:52,156 [WARN] PackLoader:240 - Cannot read IP mode file for Infineon.AIROC-Wi-Fi-Bluetooth-STM32.1.7.1
2025-11-12 11:44:52,183 [WARN] PackLoader:240 - Cannot read IP mode file for STMicroelectronics.X-CUBE-AZRTOS-H7.3.4.0
2025-11-12 11:44:52,194 [WARN] PackLoader:240 - Cannot read IP mode file for STMicroelectronics.X-CUBE-DISPLAY.3.0.0
2025-11-12 11:44:52,207 [WARN] PackLoader:240 - Cannot read IP mode file for STMicroelectronics.X-CUBE-NFC10.1.0.0
2025-11-12 11:44:52,214 [WARN] PackLoader:240 - Cannot read IP mode file for STMicroelectronics.X-CUBE-ST60.1.1.0
2025-11-12 11:44:52,218 [WARN] PackLoader:240 - Cannot read IP mode file for emotas.I-CUBE-CANOPEN.1.3.0
2025-11-12 11:44:52,222 [WARN] PackLoader:240 - Cannot read IP mode file for STMicroelectronics.X-CUBE-GNSS1.7.1.0
2025-11-12 11:44:52,230 [WARN] PackLoader:240 - Cannot read IP mode file for STMicroelectronics.FP-SNS-STBOX1.2.1.0
2025-11-12 11:44:52,234 [WARN] PackLoader:240 - Cannot read IP mode file for STMicroelectronics.FP-SNS-SMARTAG2.1.2.0
2025-11-12 11:44:52,237 [WARN] PackLoader:240 - Cannot read IP mode file for STMicroelectronics.FP-SNS-FLIGHT1.5.1.0
2025-11-12 11:44:52,246 [INFO] LogOutputStream:77 - [STDOUT_REDIRECT] 1 : Invalid condition id : UX_CORESTACK_Condition cause : null
2025-11-12 11:44:52,247 [INFO] LogOutputStream:77 - [STDOUT_REDIRECT] 1 : Invalid condition id : UX_CORESTACK_Condition cause : null
2025-11-12 11:44:52,248 [INFO] LogOutputStream:77 - [STDOUT_REDIRECT] 1 : Invalid condition id : UX_CORESTACK_Condition cause : null
2025-11-12 11:44:52,249 [INFO] LogOutputStream:77 - [STDOUT_REDIRECT] 1 : Invalid condition id : UX_CORESTACK_Condition cause : null
2025-11-12 11:44:52,251 [INFO] LogOutputStream:77 - [STDOUT_REDIRECT] 1 : Invalid condition id : UX_CORESTACK_Condition cause : null
2025-11-12 11:44:52,253 [WARN] PackLoader:240 - Cannot read IP mode file for STMicroelectronics.X-CUBE-AZRTOS-WL.2.0.0
2025-11-12 11:44:52,259 [WARN] PackLoader:240 - Cannot read IP mode file for STMicroelectronics.X-CUBE-BLE2.3.3.0
2025-11-12 11:44:52,283 [WARN] PackLoader:240 - Cannot read IP mode file for STMicroelectronics.X-CUBE-NFC9.1.0.0
2025-11-12 11:44:52,287 [WARN] PackLoader:240 - Cannot read IP mode file for wolfSSL.I-CUBE-wolfSSL.5.8.2
2025-11-12 11:44:52,290 [WARN] PackLoader:240 - Cannot read IP mode file for STMicroelectronics.X-CUBE-BLE1.7.1.0
2025-11-12 11:44:52,294 [WARN] PackLoader:240 - Cannot read IP mode file for wolfSSL.I-CUBE-wolfMQTT.1.19.2
2025-11-12 11:44:52,298 [WARN] PackLoader:240 - Cannot read IP mode file for STMicroelectronics.X-CUBE-EEPRMA1.5.2.0
2025-11-12 11:44:52,302 [WARN] PackLoader:240 - Cannot read IP mode file for STMicroelectronics.X-CUBE-ST67W61.1.1.0
2025-11-12 11:44:52,311 [WARN] PackLoader:240 - Cannot read IP mode file for STMicroelectronics.X-CUBE-AZRTOS-G0.1.1.0
2025-11-12 11:44:52,316 [WARN] PackLoader:240 - Cannot read IP mode file for STMicroelectronics.X-CUBE-SAFEA1.1.2.2
2025-11-12 11:44:52,321 [WARN] PackLoader:240 - Cannot read IP mode file for STMicroelectronics.X-CUBE-NFC4.3.0.0
2025-11-12 11:44:52,325 [WARN] PackLoader:240 - Cannot read IP mode file for STMicroelectronics.X-CUBE-WB05N.2.0.0
2025-11-12 11:44:52,329 [WARN] PackLoader:240 - Cannot read IP mode file for wolfSSL.I-CUBE-wolfTPM.3.8.0
2025-11-12 11:44:52,332 [WARN] PackLoader:240 - Cannot read IP mode file for STMicroelectronics.X-CUBE-TCPP.4.2.0
2025-11-12 11:44:52,341 [WARN] PackLoader:240 - Cannot read IP mode file for RealThread.X-CUBE-RT-Thread_Nano.4.1.1
2025-11-12 11:44:52,346 [WARN] PackLoader:240 - Cannot read IP mode file for STMicroelectronics.FP-ATR-SIGFOX1.3.2.0
2025-11-12 11:44:52,354 [WARN] PackLoader:240 - Cannot read IP mode file for ITTIA_DB.I-CUBE-ITTIADB.8.9.0
2025-11-12 11:44:52,359 [WARN] PackLoader:240 - Cannot read IP mode file for STMicroelectronics.X-CUBE-AI.10.2.0
2025-11-12 11:44:52,382 [WARN] PackLoader:240 - Cannot read IP mode file for SEGGER.I-CUBE-embOS.1.3.1
2025-11-12 11:44:52,416 [WARN] PackLoader:240 - Cannot read IP mode file for STMicroelectronics.X-CUBE-ALGOBUILD.1.4.0
2025-11-12 11:44:52,442 [WARN] PackLoader:240 - Cannot read IP mode file for STMicroelectronics.X-CUBE-MEMS1.11.3.0
2025-11-12 11:44:52,590 [WARN] PackLoader:240 - Cannot read IP mode file for STMicroelectronics.X-CUBE-PM33A1.1.0.0
2025-11-12 11:44:52,600 [WARN] PackLoader:240 - Cannot read IP mode file for STMicroelectronics.X-CUBE-AZRTOS-F4.1.1.0
2025-11-12 11:44:52,605 [WARN] PackLoader:240 - Cannot read IP mode file for STMicroelectronics.X-CUBE-ISPU.2.1.0
2025-11-12 11:44:52,614 [WARN] PackLoader:240 - Cannot read IP mode file for STMicroelectronics.X-CUBE-IPS.3.2.0
2025-11-12 11:44:52,621 [WARN] PackLoader:240 - Cannot read IP mode file for STMicroelectronics.X-CUBE-NFC12.1.0.0
2025-11-12 11:44:52,635 [WARN] PackLoader:240 - Cannot read IP mode file for STMicroelectronics.X-CUBE-AZRTOS-L5.2.0.0
2025-11-12 11:44:52,641 [WARN] PackLoader:240 - Cannot read IP mode file for STMicroelectronics.X-CUBE-NFC6.3.1.0
2025-11-12 11:44:52,648 [WARN] PackLoader:240 - Cannot read IP mode file for STMicroelectronics.X-CUBE-FREERTOS.1.3.1
2025-11-12 11:44:52,655 [WARN] PackLoader:240 - Cannot read IP mode file for STMicroelectronics.X-CUBE-TOUCHGFX.4.26.0
2025-11-12 11:44:52,659 [WARN] PackLoader:240 - Cannot read IP mode file for STMicroelectronics.FP-SNS-STAIOTCFT.1.0.0
2025-11-12 11:44:52,665 [WARN] PackLoader:240 - Cannot read IP mode file for STMicroelectronics.X-CUBE-DPower.1.3.0
2025-11-12 11:44:52,673 [WARN] ConditionMgr:438 - getConditionDescription Invalid condition id : LAN8742 Phy interface Condition cause : null
2025-11-12 11:44:52,673 [WARN] PackLoader:240 - Cannot read IP mode file for STMicroelectronics.X-CUBE-AZRTOS-L4.2.0.0
2025-11-12 11:44:52,674 [WARN] ConditionMgr:1044 - genDependencies : Invalid condition id : LAN8742 Phy interface Condition cause : null
2025-11-12 11:44:52,674 [WARN] ConditionMgr:1044 - genDependencies : Invalid condition id : LAN8742 Phy interface Condition cause : null
2025-11-12 11:44:52,674 [WARN] ConditionMgr:1044 - genDependencies : Invalid condition id : LAN8742 Phy interface Condition cause : null
2025-11-12 11:44:52,680 [WARN] PackLoader:240 - Cannot read IP mode file for STMicroelectronics.X-CUBE-SFXS2LP1.4.0.0
2025-11-12 11:44:52,687 [WARN] PackLoader:240 - Cannot read IP mode file for STMicroelectronics.X-CUBE-BLEMGR.4.1.0
2025-11-12 11:44:52,697 [WARN] ConditionMgr:438 - getConditionDescription Invalid condition id : UX DEVICE CLASS RTOS Condition cause : null
2025-11-12 11:44:52,698 [WARN] ConditionMgr:438 - getConditionDescription Invalid condition id : UX DEVICE CLASS RTOS Condition cause : null
2025-11-12 11:44:52,699 [WARN] PackLoader:240 - Cannot read IP mode file for STMicroelectronics.X-CUBE-AZRTOS-WB.2.0.0
2025-11-12 11:44:52,699 [WARN] ConditionMgr:1044 - genDependencies : Invalid condition id : UX DEVICE CLASS RTOS Condition cause : null
2025-11-12 11:44:52,699 [WARN] ConditionMgr:1044 - genDependencies : Invalid condition id : UX DEVICE CLASS RTOS Condition cause : null
2025-11-12 11:44:52,699 [WARN] ConditionMgr:1044 - genDependencies : Invalid condition id : UX DEVICE CLASS RTOS Condition cause : null
2025-11-12 11:44:52,699 [WARN] ConditionMgr:1044 - genDependencies : Invalid condition id : UX DEVICE CLASS RTOS Condition cause : null
2025-11-12 11:44:52,699 [WARN] ConditionMgr:1044 - genDependencies : Invalid condition id : UX DEVICE CLASS RTOS Condition cause : null
2025-11-12 11:44:52,703 [WARN] PackLoader:240 - Cannot read IP mode file for STMicroelectronics.X-CUBE-GNSS1.7.0.1
2025-11-12 11:44:52,707 [WARN] ConditionMgr:438 - getConditionDescription Invalid condition id : Cortex-A Device cause : null
2025-11-12 11:44:52,719 [WARN] ConditionMgr:1044 - genDependencies : Invalid condition id : Cortex-A Device cause : null
2025-11-12 11:44:52,719 [WARN] ConditionMgr:1044 - genDependencies : Invalid condition id : Cortex-A Device cause : null
2025-11-12 11:44:52,719 [WARN] ConditionMgr:1044 - genDependencies : Invalid condition id : Cortex-A Device cause : null
2025-11-12 11:44:52,728 [WARN] PackLoader:240 - Cannot read IP mode file for STMicroelectronics.X-CUBE-SUBG2.5.0.0
2025-11-12 11:44:52,747 [WARN] PackLoader:240 - Cannot read IP mode file for STMicroelectronics.X-CUBE-AZRTOS-H7RS.1.1.0
2025-11-12 11:44:52,757 [WARN] PackLoader:240 - Cannot read IP mode file for STMicroelectronics.X-CUBE-AZRTOS-G4.2.0.0
2025-11-12 11:44:52,763 [WARN] PackLoader:240 - Cannot read IP mode file for wolfSSL.I-CUBE-wolfSSH.1.4.20
2025-11-12 11:44:52,769 [WARN] PackLoader:240 - Cannot read IP mode file for STMicroelectronics.X-CUBE-NFC7.2.0.0
2025-11-12 11:44:52,773 [WARN] PackLoader:240 - Cannot read IP mode file for STMicroelectronics.X-CUBE-ALS.1.0.2
2025-11-12 11:44:52,779 [WARN] PackLoader:240 - Cannot read IP mode file for STMicroelectronics.X-CUBE-STSE01.1.0.0
2025-11-12 11:44:52,786 [WARN] PackLoader:240 - Cannot read IP mode file for STMicroelectronics.X-CUBE-TOF1.3.4.3
2025-11-12 11:44:52,798 [INFO] ThirdParty:978 - Integrity check success = true
2025-11-12 11:44:52,798 [INFO] IntegrityCheckThread:100 - exiting critical section [integrity check]
2025-11-12 11:44:52,798 [INFO] IntegrityCheckThread:103 - End integrity checks thread
2025-11-12 12:30:39,535 [INFO] WebApp:194 - Connection lost
2025-11-12 12:30:39,699 [INFO] WebApp:191 - Connection restablished
2025-11-12 13:28:46,043 [INFO] LogOutputStream:77 - [STDOUT_REDIRECT] StartTraceHandler.execute(), success : Collect=true
2025-11-12 13:29:20,799 [INFO] LogOutputStream:77 - [STDOUT_REDIRECT] StartTraceHandler.execute(), success : Collect=false
2025-11-12 13:29:21,752 [INFO] LogOutputStream:77 - [STDOUT_REDIRECT] StartTraceHandler.execute(), success : Collect=true
2025-11-12 13:29:41,538 [INFO] LogOutputStream:77 - [STDOUT_REDIRECT] StartTraceHandler.execute(), success : Collect=false
2025-11-12 13:29:44,397 [INFO] LogOutputStream:77 - [STDOUT_REDIRECT] StartTraceHandler.execute(), success : Collect=true
2025-11-12 13:35:25,120 [INFO] LogOutputStream:77 - [STDOUT_REDIRECT] StartTraceHandler.execute(), success : Collect=false
2025-11-12 13:35:25,782 [INFO] LogOutputStream:77 - [STDOUT_REDIRECT] StartTraceHandler.execute(), success : Collect=true
2025-11-12 14:19:07,354 [INFO] LogOutputStream:77 - [STDOUT_REDIRECT] StartTraceHandler.execute(), success : Collect=true
2025-11-12 14:19:16,822 [INFO] LogOutputStream:77 - [STDOUT_REDIRECT] StartTraceHandler.execute(), success : Collect=false
2025-11-12 14:19:18,840 [INFO] LogOutputStream:77 - [STDOUT_REDIRECT] StartTraceHandler.execute(), success : Collect=true
2025-11-12 14:22:36,967 [INFO] LogOutputStream:77 - [STDOUT_REDIRECT] StartTraceHandler.execute(), success : Collect=false
2025-11-12 14:22:39,068 [INFO] LogOutputStream:77 - [STDOUT_REDIRECT] StartTraceHandler.execute(), success : Collect=true
2025-11-12 15:12:30,211 [ERROR] AdobePublisher:162 - Exception while opening the connection: java.net.SocketTimeoutException: Read timed out
2025-11-12 15:12:32,242 [ERROR] AdobePublisher:162 - Exception while opening the connection: java.net.SocketTimeoutException: Read timed out
2025-11-12 15:12:34,251 [ERROR] AdobePublisher:162 - Exception while opening the connection: java.net.SocketTimeoutException: Read timed out
2025-11-12 15:12:36,259 [ERROR] AdobePublisher:162 - Exception while opening the connection: java.net.SocketTimeoutException: Read timed out
2025-11-12 15:12:38,264 [ERROR] AdobePublisher:162 - Exception while opening the connection: java.net.SocketTimeoutException: Read timed out
2025-11-12 15:13:01,435 [ERROR] AdobePublisher:162 - Exception while opening the connection: java.net.SocketTimeoutException: Read timed out
2025-11-12 15:13:03,440 [ERROR] AdobePublisher:162 - Exception while opening the connection: java.net.SocketTimeoutException: Read timed out
2025-11-12 15:13:05,444 [ERROR] AdobePublisher:162 - Exception while opening the connection: java.net.SocketTimeoutException: Read timed out
2025-11-12 15:13:07,476 [ERROR] AdobePublisher:162 - Exception while opening the connection: java.net.SocketTimeoutException: Read timed out
2025-11-12 15:13:09,496 [ERROR] AdobePublisher:162 - Exception while opening the connection: java.net.SocketTimeoutException: Read timed out
2025-11-12 15:13:12,329 [ERROR] AdobePublisher:162 - Exception while opening the connection: java.net.SocketTimeoutException: Read timed out
2025-11-12 15:13:14,333 [ERROR] AdobePublisher:162 - Exception while opening the connection: java.net.SocketTimeoutException: Read timed out
2025-11-12 15:13:16,340 [ERROR] AdobePublisher:162 - Exception while opening the connection: java.net.SocketTimeoutException: Read timed out
2025-11-12 15:13:18,349 [ERROR] AdobePublisher:162 - Exception while opening the connection: java.net.SocketTimeoutException: Read timed out
2025-11-12 15:13:20,352 [ERROR] AdobePublisher:162 - Exception while opening the connection: java.net.SocketTimeoutException: Read timed out
2025-11-12 16:29:50,043 [INFO] WebApp:403 - JxBrowser engine has been closed 
2025-11-12 16:29:51,788 [ERROR] LogOutputStream:75 - [STDERR_REDIRECT] 
